[2025-08-12T16:23:07.435+0000] {local_task_job_runner.py:120} INFO - ::group::Pre task execution logs
[2025-08-12T16:23:07.466+0000] {taskinstance.py:2076} INFO - Dependencies all met for dep_context=non-requeueable deps ti=<TaskInstance: crypto_hourly_pipeline.ingest_cmc scheduled__2025-08-12T10:00:00+00:00 [queued]>
[2025-08-12T16:23:07.470+0000] {taskinstance.py:2076} INFO - Dependencies all met for dep_context=requeueable deps ti=<TaskInstance: crypto_hourly_pipeline.ingest_cmc scheduled__2025-08-12T10:00:00+00:00 [queued]>
[2025-08-12T16:23:07.470+0000] {taskinstance.py:2306} INFO - Starting attempt 3 of 4
[2025-08-12T16:23:07.489+0000] {taskinstance.py:2330} INFO - Executing <Task(BashOperator): ingest_cmc> on 2025-08-12 10:00:00+00:00
[2025-08-12T16:23:07.505+0000] {standard_task_runner.py:90} INFO - Running: ['***', 'tasks', 'run', 'crypto_hourly_pipeline', 'ingest_cmc', 'scheduled__2025-08-12T10:00:00+00:00', '--job-id', '33', '--raw', '--subdir', 'DAGS_FOLDER/crypto_pipeline.py', '--cfg-path', '/tmp/tmpmcs3xfsx']
[2025-08-12T16:23:07.509+0000] {standard_task_runner.py:91} INFO - Job 33: Subtask ingest_cmc
[2025-08-12T16:23:07.507+0000] {logging_mixin.py:188} WARNING - /home/***/.local/lib/python3.12/site-packages/***/task/task_runner/standard_task_runner.py:61 DeprecationWarning: This process (pid=201) is multi-threaded, use of fork() may lead to deadlocks in the child.
[2025-08-12T16:23:07.511+0000] {standard_task_runner.py:63} INFO - Started process 202 to run task
[2025-08-12T16:23:07.566+0000] {task_command.py:426} INFO - Running <TaskInstance: crypto_hourly_pipeline.ingest_cmc scheduled__2025-08-12T10:00:00+00:00 [running]> on host 7d13ab6af910
[2025-08-12T16:23:07.620+0000] {taskinstance.py:2648} INFO - Exporting env vars: AIRFLOW_CTX_DAG_OWNER='***' AIRFLOW_CTX_DAG_ID='crypto_hourly_pipeline' AIRFLOW_CTX_TASK_ID='ingest_cmc' AIRFLOW_CTX_EXECUTION_DATE='2025-08-12T10:00:00+00:00' AIRFLOW_CTX_TRY_NUMBER='3' AIRFLOW_CTX_DAG_RUN_ID='scheduled__2025-08-12T10:00:00+00:00'
[2025-08-12T16:23:07.621+0000] {taskinstance.py:430} INFO - ::endgroup::
[2025-08-12T16:23:07.630+0000] {subprocess.py:63} INFO - Tmp dir root location: /tmp
[2025-08-12T16:23:07.631+0000] {subprocess.py:75} INFO - Running command: ['/usr/bin/bash', '-c', 'cd /opt/***/project && python ingest_cmc.py']
[2025-08-12T16:23:07.645+0000] {subprocess.py:86} INFO - Output:
[2025-08-12T16:23:08.245+0000] {subprocess.py:93} INFO - 2025-08-12 16:23:08,244 - INFO - Fetching data from CoinMarketCap API...
[2025-08-12T16:23:12.786+0000] {subprocess.py:93} INFO - 2025-08-12 16:23:12,784 - INFO - Successfully fetched 100 cryptocurrencies
[2025-08-12T16:23:12.792+0000] {subprocess.py:93} INFO - 2025-08-12 16:23:12,789 - INFO - Processed 100 records
[2025-08-12T16:23:12.893+0000] {subprocess.py:93} INFO - 2025-08-12 16:23:12,892 - INFO - Successfully inserted 100 records into PostgreSQL
[2025-08-12T16:23:12.895+0000] {subprocess.py:93} INFO - 2025-08-12 16:23:12,893 - INFO - Data ingestion completed successfully!
[2025-08-12T16:23:12.985+0000] {subprocess.py:97} INFO - Command exited with return code 0
[2025-08-12T16:23:12.994+0000] {taskinstance.py:441} INFO - ::group::Post task execution logs
[2025-08-12T16:23:13.043+0000] {taskinstance.py:1206} INFO - Marking task as SUCCESS. dag_id=crypto_hourly_pipeline, task_id=ingest_cmc, run_id=scheduled__2025-08-12T10:00:00+00:00, execution_date=20250812T100000, start_date=20250812T162307, end_date=20250812T162313
[2025-08-12T16:23:13.094+0000] {local_task_job_runner.py:240} INFO - Task exited with return code 0
[2025-08-12T16:23:13.125+0000] {taskinstance.py:3503} INFO - 1 downstream tasks scheduled from follow-on schedule check
[2025-08-12T16:23:13.132+0000] {local_task_job_runner.py:222} INFO - ::endgroup::
