[2025-08-14T15:47:35.834+0000] {local_task_job_runner.py:120} INFO - ::group::Pre task execution logs
[2025-08-14T15:47:35.908+0000] {taskinstance.py:2076} INFO - Dependencies all met for dep_context=non-requeueable deps ti=<TaskInstance: crypto_hourly_pipeline.spark_hourly_change scheduled__2025-08-14T14:00:00+00:00 [queued]>
[2025-08-14T15:47:35.917+0000] {taskinstance.py:2076} INFO - Dependencies all met for dep_context=requeueable deps ti=<TaskInstance: crypto_hourly_pipeline.spark_hourly_change scheduled__2025-08-14T14:00:00+00:00 [queued]>
[2025-08-14T15:47:35.917+0000] {taskinstance.py:2306} INFO - Starting attempt 1 of 2
[2025-08-14T15:47:35.926+0000] {taskinstance.py:2330} INFO - Executing <Task(BashOperator): spark_hourly_change> on 2025-08-14 14:00:00+00:00
[2025-08-14T15:47:35.942+0000] {standard_task_runner.py:90} INFO - Running: ['***', 'tasks', 'run', 'crypto_hourly_pipeline', 'spark_hourly_change', 'scheduled__2025-08-14T14:00:00+00:00', '--job-id', '163', '--raw', '--subdir', 'DAGS_FOLDER/crypto_pipeline.py', '--cfg-path', '/tmp/tmp2v4cpmjg']
[2025-08-14T15:47:35.947+0000] {standard_task_runner.py:91} INFO - Job 163: Subtask spark_hourly_change
[2025-08-14T15:47:35.986+0000] {logging_mixin.py:188} WARNING - /home/***/.local/lib/python3.12/site-packages/***/task/task_runner/standard_task_runner.py:61 DeprecationWarning: This process (pid=14873) is multi-threaded, use of fork() may lead to deadlocks in the child.
[2025-08-14T15:47:35.988+0000] {standard_task_runner.py:63} INFO - Started process 14874 to run task
[2025-08-14T15:47:36.090+0000] {task_command.py:426} INFO - Running <TaskInstance: crypto_hourly_pipeline.spark_hourly_change scheduled__2025-08-14T14:00:00+00:00 [running]> on host 26ef60e976b3
[2025-08-14T15:47:36.260+0000] {taskinstance.py:2648} INFO - Exporting env vars: AIRFLOW_CTX_DAG_OWNER='***' AIRFLOW_CTX_DAG_ID='crypto_hourly_pipeline' AIRFLOW_CTX_TASK_ID='spark_hourly_change' AIRFLOW_CTX_EXECUTION_DATE='2025-08-14T14:00:00+00:00' AIRFLOW_CTX_TRY_NUMBER='1' AIRFLOW_CTX_DAG_RUN_ID='scheduled__2025-08-14T14:00:00+00:00'
[2025-08-14T15:47:36.263+0000] {taskinstance.py:430} INFO - ::endgroup::
[2025-08-14T15:47:36.294+0000] {subprocess.py:63} INFO - Tmp dir root location: /tmp
[2025-08-14T15:47:36.298+0000] {subprocess.py:75} INFO - Running command: ['/usr/bin/bash', '-c', 'cd /opt/***/project && python spark_hourly_change.py']
[2025-08-14T15:47:36.313+0000] {subprocess.py:86} INFO - Output:
[2025-08-14T15:47:37.683+0000] {subprocess.py:93} INFO - 2025-08-14 15:47:37,678 - INFO - Starting hourly change calculation...
[2025-08-14T15:47:39.797+0000] {subprocess.py:93} INFO - Setting default log level to "WARN".
[2025-08-14T15:47:39.801+0000] {subprocess.py:93} INFO - To adjust logging level use sc.setLogLevel(newLevel). For SparkR, use setLogLevel(newLevel).
[2025-08-14T15:47:40.050+0000] {subprocess.py:93} INFO - 25/08/14 15:47:40 WARN NativeCodeLoader: Unable to load native-hadoop library for your platform... using builtin-java classes where applicable
[2025-08-14T15:47:41.540+0000] {subprocess.py:93} INFO - 2025-08-14 15:47:41,538 - INFO - Spark session created successfully
[2025-08-14T15:47:41.712+0000] {subprocess.py:93} INFO - 2025-08-14 15:47:41,712 - INFO - Successfully read 200 records from PostgreSQL
[2025-08-14T15:47:47.863+0000] {subprocess.py:93} INFO - [Stage 0:>                                                          (0 + 8) / 8]                                                                                2025-08-14 15:47:47,850 - INFO - Calculated hourly changes for 200 records
[2025-08-14T15:51:29.753+0000] {subprocess.py:93} INFO - [Stage 3:>                                                          (0 + 8) / 8][Stage 3:======================>                                    (3 + 5) / 8]                                                                                2025-08-14 15:51:29,745 - INFO - Successfully wrote 99 records to ClickHouse
[2025-08-14T15:51:29.762+0000] {subprocess.py:93} INFO - 2025-08-14 15:51:29,749 - INFO - Hourly change calculation completed successfully!
[2025-08-14T15:51:30.376+0000] {subprocess.py:93} INFO - 2025-08-14 15:51:30,373 - INFO - Closing down clientserver connection
[2025-08-14T15:51:31.120+0000] {subprocess.py:97} INFO - Command exited with return code 0
[2025-08-14T15:51:31.124+0000] {taskinstance.py:441} INFO - ::group::Post task execution logs
[2025-08-14T15:51:31.190+0000] {taskinstance.py:1206} INFO - Marking task as SUCCESS. dag_id=crypto_hourly_pipeline, task_id=spark_hourly_change, run_id=scheduled__2025-08-14T14:00:00+00:00, execution_date=20250814T140000, start_date=20250814T154735, end_date=20250814T155131
[2025-08-14T15:51:31.214+0000] {local_task_job_runner.py:240} INFO - Task exited with return code 0
[2025-08-14T15:51:31.226+0000] {local_task_job_runner.py:222} INFO - ::endgroup::
