[2025-08-13T14:16:24.522+0000] {local_task_job_runner.py:120} INFO - ::group::Pre task execution logs
[2025-08-13T14:16:24.553+0000] {taskinstance.py:2076} INFO - Dependencies all met for dep_context=non-requeueable deps ti=<TaskInstance: crypto_hourly_pipeline.ingest_cmc scheduled__2025-08-13T13:00:00+00:00 [queued]>
[2025-08-13T14:16:24.558+0000] {taskinstance.py:2076} INFO - Dependencies all met for dep_context=requeueable deps ti=<TaskInstance: crypto_hourly_pipeline.ingest_cmc scheduled__2025-08-13T13:00:00+00:00 [queued]>
[2025-08-13T14:16:24.559+0000] {taskinstance.py:2306} INFO - Starting attempt 2 of 3
[2025-08-13T14:16:24.566+0000] {taskinstance.py:2330} INFO - Executing <Task(BashOperator): ingest_cmc> on 2025-08-13 13:00:00+00:00
[2025-08-13T14:16:24.575+0000] {logging_mixin.py:188} WARNING - /home/***/.local/lib/python3.12/site-packages/***/task/task_runner/standard_task_runner.py:61 DeprecationWarning: This process (pid=2763) is multi-threaded, use of fork() may lead to deadlocks in the child.
[2025-08-13T14:16:24.573+0000] {standard_task_runner.py:90} INFO - Running: ['***', 'tasks', 'run', 'crypto_hourly_pipeline', 'ingest_cmc', 'scheduled__2025-08-13T13:00:00+00:00', '--job-id', '76', '--raw', '--subdir', 'DAGS_FOLDER/crypto_pipeline.py', '--cfg-path', '/tmp/tmpm16f5chh']
[2025-08-13T14:16:24.576+0000] {standard_task_runner.py:63} INFO - Started process 2764 to run task
[2025-08-13T14:16:24.576+0000] {standard_task_runner.py:91} INFO - Job 76: Subtask ingest_cmc
[2025-08-13T14:16:24.621+0000] {task_command.py:426} INFO - Running <TaskInstance: crypto_hourly_pipeline.ingest_cmc scheduled__2025-08-13T13:00:00+00:00 [running]> on host b82b307306f9
[2025-08-13T14:16:24.680+0000] {taskinstance.py:2648} INFO - Exporting env vars: AIRFLOW_CTX_DAG_OWNER='***' AIRFLOW_CTX_DAG_ID='crypto_hourly_pipeline' AIRFLOW_CTX_TASK_ID='ingest_cmc' AIRFLOW_CTX_EXECUTION_DATE='2025-08-13T13:00:00+00:00' AIRFLOW_CTX_TRY_NUMBER='2' AIRFLOW_CTX_DAG_RUN_ID='scheduled__2025-08-13T13:00:00+00:00'
[2025-08-13T14:16:24.680+0000] {taskinstance.py:430} INFO - ::endgroup::
[2025-08-13T14:16:24.692+0000] {subprocess.py:63} INFO - Tmp dir root location: /tmp
[2025-08-13T14:16:24.693+0000] {subprocess.py:75} INFO - Running command: ['/usr/bin/bash', '-c', 'cd /opt/***/project && python ingest_cmc.py']
[2025-08-13T14:16:24.697+0000] {subprocess.py:86} INFO - Output:
[2025-08-13T14:16:25.193+0000] {subprocess.py:93} INFO - 2025-08-13 14:16:25,193 - INFO - Fetching data from CoinMarketCap API...
[2025-08-13T14:16:25.610+0000] {subprocess.py:93} INFO - 2025-08-13 14:16:25,610 - INFO - Successfully fetched 100 cryptocurrencies
[2025-08-13T14:16:25.611+0000] {subprocess.py:93} INFO - 2025-08-13 14:16:25,610 - INFO - Processed 100 records
[2025-08-13T14:16:25.625+0000] {subprocess.py:93} INFO - 2025-08-13 14:16:25,625 - INFO - Successfully inserted 100 records into PostgreSQL
[2025-08-13T14:16:25.626+0000] {subprocess.py:93} INFO - 2025-08-13 14:16:25,625 - INFO - Data ingestion completed successfully!
[2025-08-13T14:16:25.661+0000] {subprocess.py:97} INFO - Command exited with return code 0
[2025-08-13T14:16:25.662+0000] {taskinstance.py:441} INFO - ::group::Post task execution logs
[2025-08-13T14:16:25.679+0000] {taskinstance.py:1206} INFO - Marking task as SUCCESS. dag_id=crypto_hourly_pipeline, task_id=ingest_cmc, run_id=scheduled__2025-08-13T13:00:00+00:00, execution_date=20250813T130000, start_date=20250813T141624, end_date=20250813T141625
[2025-08-13T14:16:25.709+0000] {local_task_job_runner.py:240} INFO - Task exited with return code 0
[2025-08-13T14:16:25.728+0000] {taskinstance.py:3503} INFO - 1 downstream tasks scheduled from follow-on schedule check
[2025-08-13T14:16:25.729+0000] {local_task_job_runner.py:222} INFO - ::endgroup::
