[2025-08-13T15:25:29.380+0000] {local_task_job_runner.py:120} INFO - ::group::Pre task execution logs
[2025-08-13T15:25:29.403+0000] {taskinstance.py:2076} INFO - Dependencies all met for dep_context=non-requeueable deps ti=<TaskInstance: crypto_hourly_pipeline.dbt_hourly_gainers scheduled__2025-08-13T14:00:00+00:00 [queued]>
[2025-08-13T15:25:29.408+0000] {taskinstance.py:2076} INFO - Dependencies all met for dep_context=requeueable deps ti=<TaskInstance: crypto_hourly_pipeline.dbt_hourly_gainers scheduled__2025-08-13T14:00:00+00:00 [queued]>
[2025-08-13T15:25:29.408+0000] {taskinstance.py:2306} INFO - Starting attempt 4 of 5
[2025-08-13T15:25:29.414+0000] {taskinstance.py:2330} INFO - Executing <Task(BashOperator): dbt_hourly_gainers> on 2025-08-13 14:00:00+00:00
[2025-08-13T15:25:29.419+0000] {standard_task_runner.py:90} INFO - Running: ['***', 'tasks', 'run', 'crypto_hourly_pipeline', 'dbt_hourly_gainers', 'scheduled__2025-08-13T14:00:00+00:00', '--job-id', '84', '--raw', '--subdir', 'DAGS_FOLDER/crypto_pipeline.py', '--cfg-path', '/tmp/tmp9gzvd6iw']
[2025-08-13T15:25:29.422+0000] {standard_task_runner.py:91} INFO - Job 84: Subtask dbt_hourly_gainers
[2025-08-13T15:25:29.424+0000] {logging_mixin.py:188} WARNING - /home/***/.local/lib/python3.12/site-packages/***/task/task_runner/standard_task_runner.py:61 DeprecationWarning: This process (pid=485) is multi-threaded, use of fork() may lead to deadlocks in the child.
[2025-08-13T15:25:29.425+0000] {standard_task_runner.py:63} INFO - Started process 486 to run task
[2025-08-13T15:25:29.467+0000] {task_command.py:426} INFO - Running <TaskInstance: crypto_hourly_pipeline.dbt_hourly_gainers scheduled__2025-08-13T14:00:00+00:00 [running]> on host 26ef60e976b3
[2025-08-13T15:25:29.524+0000] {taskinstance.py:2648} INFO - Exporting env vars: AIRFLOW_CTX_DAG_OWNER='***' AIRFLOW_CTX_DAG_ID='crypto_hourly_pipeline' AIRFLOW_CTX_TASK_ID='dbt_hourly_gainers' AIRFLOW_CTX_EXECUTION_DATE='2025-08-13T14:00:00+00:00' AIRFLOW_CTX_TRY_NUMBER='4' AIRFLOW_CTX_DAG_RUN_ID='scheduled__2025-08-13T14:00:00+00:00'
[2025-08-13T15:25:29.524+0000] {taskinstance.py:430} INFO - ::endgroup::
[2025-08-13T15:25:29.534+0000] {subprocess.py:63} INFO - Tmp dir root location: /tmp
[2025-08-13T15:25:29.535+0000] {subprocess.py:75} INFO - Running command: ['/usr/bin/bash', '-c', 'cd /opt/***/project/dbt && dbt deps && dbt run --select crypto_hourly_gainers']
[2025-08-13T15:25:29.539+0000] {subprocess.py:86} INFO - Output:
[2025-08-13T15:25:31.048+0000] {subprocess.py:93} INFO - [0m15:25:31  Running with dbt=1.7.19
[2025-08-13T15:25:31.158+0000] {subprocess.py:93} INFO - [0m15:25:31  Warning: No packages were found in packages.yml
[2025-08-13T15:25:31.159+0000] {subprocess.py:93} INFO - [0m15:25:31  Warning: No packages were found in packages.yml
[2025-08-13T15:25:33.531+0000] {subprocess.py:93} INFO - [0m15:25:33  Running with dbt=1.7.19
[2025-08-13T15:25:33.637+0000] {subprocess.py:93} INFO - [0m15:25:33  Registered adapter: clickhouse=1.7.7
[2025-08-13T15:25:33.644+0000] {subprocess.py:93} INFO - [0m15:25:33  Unable to do partial parsing because saved manifest not found. Starting full parse.
[2025-08-13T15:25:34.180+0000] {subprocess.py:93} INFO - [0m15:25:34  Found 1 model, 0 sources, 0 exposures, 0 metrics, 429 macros, 0 groups, 0 semantic models
[2025-08-13T15:25:34.182+0000] {subprocess.py:93} INFO - [0m15:25:34
[2025-08-13T15:25:34.992+0000] {subprocess.py:93} INFO - [0m15:25:34  Concurrency: 4 threads (target='dev')
[2025-08-13T15:25:34.994+0000] {subprocess.py:93} INFO - [0m15:25:34
[2025-08-13T15:25:35.006+0000] {subprocess.py:93} INFO - [0m15:25:35  1 of 1 START sql table model `analytics`.`crypto_hourly_gainers` ............... [RUN]
[2025-08-13T15:25:35.151+0000] {subprocess.py:93} INFO - [0m15:25:35  1 of 1 OK created sql table model `analytics`.`crypto_hourly_gainers` .......... [[32mOK[0m in 0.14s]
[2025-08-13T15:25:35.155+0000] {subprocess.py:93} INFO - [0m15:25:35
[2025-08-13T15:25:35.156+0000] {subprocess.py:93} INFO - [0m15:25:35  Finished running 1 table model in 0 hours 0 minutes and 0.97 seconds (0.97s).
[2025-08-13T15:25:35.165+0000] {subprocess.py:93} INFO - [0m15:25:35
[2025-08-13T15:25:35.166+0000] {subprocess.py:93} INFO - [0m15:25:35  [32mCompleted successfully[0m
[2025-08-13T15:25:35.166+0000] {subprocess.py:93} INFO - [0m15:25:35
[2025-08-13T15:25:35.166+0000] {subprocess.py:93} INFO - [0m15:25:35  Done. PASS=1 WARN=0 ERROR=0 SKIP=0 TOTAL=1
[2025-08-13T15:25:36.514+0000] {subprocess.py:97} INFO - Command exited with return code 0
[2025-08-13T15:25:36.516+0000] {taskinstance.py:441} INFO - ::group::Post task execution logs
[2025-08-13T15:25:36.551+0000] {taskinstance.py:1206} INFO - Marking task as SUCCESS. dag_id=crypto_hourly_pipeline, task_id=dbt_hourly_gainers, run_id=scheduled__2025-08-13T14:00:00+00:00, execution_date=20250813T140000, start_date=20250813T152529, end_date=20250813T152536
[2025-08-13T15:25:36.576+0000] {local_task_job_runner.py:240} INFO - Task exited with return code 0
[2025-08-13T15:25:36.592+0000] {taskinstance.py:3503} INFO - 0 downstream tasks scheduled from follow-on schedule check
[2025-08-13T15:25:36.593+0000] {local_task_job_runner.py:222} INFO - ::endgroup::
