[2025-08-14T15:51:31.649+0000] {local_task_job_runner.py:120} INFO - ::group::Pre task execution logs
[2025-08-14T15:51:31.685+0000] {taskinstance.py:2076} INFO - Dependencies all met for dep_context=non-requeueable deps ti=<TaskInstance: crypto_hourly_pipeline.dbt_hourly_gainers scheduled__2025-08-14T14:00:00+00:00 [queued]>
[2025-08-14T15:51:31.690+0000] {taskinstance.py:2076} INFO - Dependencies all met for dep_context=requeueable deps ti=<TaskInstance: crypto_hourly_pipeline.dbt_hourly_gainers scheduled__2025-08-14T14:00:00+00:00 [queued]>
[2025-08-14T15:51:31.690+0000] {taskinstance.py:2306} INFO - Starting attempt 1 of 2
[2025-08-14T15:51:31.698+0000] {taskinstance.py:2330} INFO - Executing <Task(BashOperator): dbt_hourly_gainers> on 2025-08-14 14:00:00+00:00
[2025-08-14T15:51:31.709+0000] {standard_task_runner.py:90} INFO - Running: ['***', 'tasks', 'run', 'crypto_hourly_pipeline', 'dbt_hourly_gainers', 'scheduled__2025-08-14T14:00:00+00:00', '--job-id', '164', '--raw', '--subdir', 'DAGS_FOLDER/crypto_pipeline.py', '--cfg-path', '/tmp/tmp3w35ld1r']
[2025-08-14T15:51:31.720+0000] {standard_task_runner.py:91} INFO - Job 164: Subtask dbt_hourly_gainers
[2025-08-14T15:51:31.723+0000] {logging_mixin.py:188} WARNING - /home/***/.local/lib/python3.12/site-packages/***/task/task_runner/standard_task_runner.py:61 DeprecationWarning: This process (pid=15128) is multi-threaded, use of fork() may lead to deadlocks in the child.
[2025-08-14T15:51:31.724+0000] {standard_task_runner.py:63} INFO - Started process 15129 to run task
[2025-08-14T15:51:31.772+0000] {task_command.py:426} INFO - Running <TaskInstance: crypto_hourly_pipeline.dbt_hourly_gainers scheduled__2025-08-14T14:00:00+00:00 [running]> on host 26ef60e976b3
[2025-08-14T15:51:31.877+0000] {taskinstance.py:2648} INFO - Exporting env vars: AIRFLOW_CTX_DAG_OWNER='***' AIRFLOW_CTX_DAG_ID='crypto_hourly_pipeline' AIRFLOW_CTX_TASK_ID='dbt_hourly_gainers' AIRFLOW_CTX_EXECUTION_DATE='2025-08-14T14:00:00+00:00' AIRFLOW_CTX_TRY_NUMBER='1' AIRFLOW_CTX_DAG_RUN_ID='scheduled__2025-08-14T14:00:00+00:00'
[2025-08-14T15:51:31.877+0000] {taskinstance.py:430} INFO - ::endgroup::
[2025-08-14T15:51:31.894+0000] {subprocess.py:63} INFO - Tmp dir root location: /tmp
[2025-08-14T15:51:31.897+0000] {subprocess.py:75} INFO - Running command: ['/usr/bin/bash', '-c', 'cd /opt/***/project/dbt && dbt deps && dbt run --select crypto_hourly_gainers']
[2025-08-14T15:51:31.908+0000] {subprocess.py:86} INFO - Output:
[2025-08-14T15:51:34.326+0000] {subprocess.py:93} INFO - [0m15:51:34  Running with dbt=1.7.19
[2025-08-14T15:51:34.437+0000] {subprocess.py:93} INFO - [0m15:51:34  Warning: No packages were found in packages.yml
[2025-08-14T15:51:34.439+0000] {subprocess.py:93} INFO - [0m15:51:34  Warning: No packages were found in packages.yml
[2025-08-14T15:51:38.047+0000] {subprocess.py:93} INFO - [0m15:51:38  Running with dbt=1.7.19
[2025-08-14T15:51:38.275+0000] {subprocess.py:93} INFO - [0m15:51:38  Registered adapter: clickhouse=1.7.7
[2025-08-14T15:51:38.356+0000] {subprocess.py:93} INFO - [0m15:51:38  Found 1 model, 0 sources, 0 exposures, 0 metrics, 429 macros, 0 groups, 0 semantic models
[2025-08-14T15:51:38.358+0000] {subprocess.py:93} INFO - [0m15:51:38
[2025-08-14T15:51:39.228+0000] {subprocess.py:93} INFO - [0m15:51:39  Concurrency: 4 threads (target='dev')
[2025-08-14T15:51:39.236+0000] {subprocess.py:93} INFO - [0m15:51:39
[2025-08-14T15:51:39.248+0000] {subprocess.py:93} INFO - [0m15:51:39  1 of 1 START sql table model `analytics`.`crypto_hourly_gainers` ............... [RUN]
[2025-08-14T15:51:39.392+0000] {subprocess.py:93} INFO - [0m15:51:39  1 of 1 OK created sql table model `analytics`.`crypto_hourly_gainers` .......... [[32mOK[0m in 0.14s]
[2025-08-14T15:51:39.396+0000] {subprocess.py:93} INFO - [0m15:51:39
[2025-08-14T15:51:39.397+0000] {subprocess.py:93} INFO - [0m15:51:39  Finished running 1 table model in 0 hours 0 minutes and 1.04 seconds (1.04s).
[2025-08-14T15:51:39.408+0000] {subprocess.py:93} INFO - [0m15:51:39
[2025-08-14T15:51:39.408+0000] {subprocess.py:93} INFO - [0m15:51:39  [32mCompleted successfully[0m
[2025-08-14T15:51:39.409+0000] {subprocess.py:93} INFO - [0m15:51:39
[2025-08-14T15:51:39.409+0000] {subprocess.py:93} INFO - [0m15:51:39  Done. PASS=1 WARN=0 ERROR=0 SKIP=0 TOTAL=1
[2025-08-14T15:51:43.670+0000] {subprocess.py:97} INFO - Command exited with return code 0
[2025-08-14T15:51:43.700+0000] {taskinstance.py:441} INFO - ::group::Post task execution logs
[2025-08-14T15:51:43.923+0000] {taskinstance.py:1206} INFO - Marking task as SUCCESS. dag_id=crypto_hourly_pipeline, task_id=dbt_hourly_gainers, run_id=scheduled__2025-08-14T14:00:00+00:00, execution_date=20250814T140000, start_date=20250814T155131, end_date=20250814T155143
[2025-08-14T15:51:43.995+0000] {local_task_job_runner.py:240} INFO - Task exited with return code 0
[2025-08-14T15:51:44.071+0000] {taskinstance.py:3503} INFO - 0 downstream tasks scheduled from follow-on schedule check
[2025-08-14T15:51:44.073+0000] {local_task_job_runner.py:222} INFO - ::endgroup::
