[2025-08-14T09:00:21.257+0000] {local_task_job_runner.py:120} INFO - ::group::Pre task execution logs
[2025-08-14T09:00:21.319+0000] {taskinstance.py:2076} INFO - Dependencies all met for dep_context=non-requeueable deps ti=<TaskInstance: crypto_hourly_pipeline.dbt_hourly_gainers scheduled__2025-08-14T08:00:00+00:00 [queued]>
[2025-08-14T09:00:21.328+0000] {taskinstance.py:2076} INFO - Dependencies all met for dep_context=requeueable deps ti=<TaskInstance: crypto_hourly_pipeline.dbt_hourly_gainers scheduled__2025-08-14T08:00:00+00:00 [queued]>
[2025-08-14T09:00:21.328+0000] {taskinstance.py:2306} INFO - Starting attempt 1 of 2
[2025-08-14T09:00:21.338+0000] {taskinstance.py:2330} INFO - Executing <Task(BashOperator): dbt_hourly_gainers> on 2025-08-14 08:00:00+00:00
[2025-08-14T09:00:21.359+0000] {logging_mixin.py:188} WARNING - /home/***/.local/lib/python3.12/site-packages/***/task/task_runner/standard_task_runner.py:61 DeprecationWarning: This process (pid=10482) is multi-threaded, use of fork() may lead to deadlocks in the child.
[2025-08-14T09:00:21.355+0000] {standard_task_runner.py:90} INFO - Running: ['***', 'tasks', 'run', 'crypto_hourly_pipeline', 'dbt_hourly_gainers', 'scheduled__2025-08-14T08:00:00+00:00', '--job-id', '142', '--raw', '--subdir', 'DAGS_FOLDER/crypto_pipeline.py', '--cfg-path', '/tmp/tmpfg40i4mj']
[2025-08-14T09:00:21.363+0000] {standard_task_runner.py:91} INFO - Job 142: Subtask dbt_hourly_gainers
[2025-08-14T09:00:21.363+0000] {standard_task_runner.py:63} INFO - Started process 10483 to run task
[2025-08-14T09:00:21.447+0000] {task_command.py:426} INFO - Running <TaskInstance: crypto_hourly_pipeline.dbt_hourly_gainers scheduled__2025-08-14T08:00:00+00:00 [running]> on host 26ef60e976b3
[2025-08-14T09:00:21.535+0000] {taskinstance.py:2648} INFO - Exporting env vars: AIRFLOW_CTX_DAG_OWNER='***' AIRFLOW_CTX_DAG_ID='crypto_hourly_pipeline' AIRFLOW_CTX_TASK_ID='dbt_hourly_gainers' AIRFLOW_CTX_EXECUTION_DATE='2025-08-14T08:00:00+00:00' AIRFLOW_CTX_TRY_NUMBER='1' AIRFLOW_CTX_DAG_RUN_ID='scheduled__2025-08-14T08:00:00+00:00'
[2025-08-14T09:00:21.536+0000] {taskinstance.py:430} INFO - ::endgroup::
[2025-08-14T09:00:21.551+0000] {subprocess.py:63} INFO - Tmp dir root location: /tmp
[2025-08-14T09:00:21.552+0000] {subprocess.py:75} INFO - Running command: ['/usr/bin/bash', '-c', 'cd /opt/***/project/dbt && dbt deps && dbt run --select crypto_hourly_gainers']
[2025-08-14T09:00:21.566+0000] {subprocess.py:86} INFO - Output:
[2025-08-14T09:00:23.769+0000] {subprocess.py:93} INFO - [0m09:00:23  Running with dbt=1.7.19
[2025-08-14T09:00:23.868+0000] {subprocess.py:93} INFO - [0m09:00:23  Warning: No packages were found in packages.yml
[2025-08-14T09:00:23.870+0000] {subprocess.py:93} INFO - [0m09:00:23  Warning: No packages were found in packages.yml
[2025-08-14T09:00:26.256+0000] {subprocess.py:93} INFO - [0m09:00:26  Running with dbt=1.7.19
[2025-08-14T09:00:26.368+0000] {subprocess.py:93} INFO - [0m09:00:26  Registered adapter: clickhouse=1.7.7
[2025-08-14T09:00:26.425+0000] {subprocess.py:93} INFO - [0m09:00:26  Found 1 model, 0 sources, 0 exposures, 0 metrics, 429 macros, 0 groups, 0 semantic models
[2025-08-14T09:00:26.427+0000] {subprocess.py:93} INFO - [0m09:00:26
[2025-08-14T09:00:27.076+0000] {subprocess.py:93} INFO - [0m09:00:27  Concurrency: 4 threads (target='dev')
[2025-08-14T09:00:27.076+0000] {subprocess.py:93} INFO - [0m09:00:27
[2025-08-14T09:00:27.084+0000] {subprocess.py:93} INFO - [0m09:00:27  1 of 1 START sql table model `analytics`.`crypto_hourly_gainers` ............... [RUN]
[2025-08-14T09:00:27.200+0000] {subprocess.py:93} INFO - [0m09:00:27  1 of 1 OK created sql table model `analytics`.`crypto_hourly_gainers` .......... [[32mOK[0m in 0.11s]
[2025-08-14T09:00:27.204+0000] {subprocess.py:93} INFO - [0m09:00:27
[2025-08-14T09:00:27.204+0000] {subprocess.py:93} INFO - [0m09:00:27  Finished running 1 table model in 0 hours 0 minutes and 0.78 seconds (0.78s).
[2025-08-14T09:00:27.212+0000] {subprocess.py:93} INFO - [0m09:00:27
[2025-08-14T09:00:27.212+0000] {subprocess.py:93} INFO - [0m09:00:27  [32mCompleted successfully[0m
[2025-08-14T09:00:27.213+0000] {subprocess.py:93} INFO - [0m09:00:27
[2025-08-14T09:00:27.213+0000] {subprocess.py:93} INFO - [0m09:00:27  Done. PASS=1 WARN=0 ERROR=0 SKIP=0 TOTAL=1
[2025-08-14T09:00:28.146+0000] {subprocess.py:97} INFO - Command exited with return code 0
[2025-08-14T09:00:28.151+0000] {taskinstance.py:441} INFO - ::group::Post task execution logs
[2025-08-14T09:00:28.222+0000] {taskinstance.py:1206} INFO - Marking task as SUCCESS. dag_id=crypto_hourly_pipeline, task_id=dbt_hourly_gainers, run_id=scheduled__2025-08-14T08:00:00+00:00, execution_date=20250814T080000, start_date=20250814T090021, end_date=20250814T090028
[2025-08-14T09:00:28.274+0000] {local_task_job_runner.py:240} INFO - Task exited with return code 0
[2025-08-14T09:00:28.307+0000] {taskinstance.py:3503} INFO - 0 downstream tasks scheduled from follow-on schedule check
[2025-08-14T09:00:28.309+0000] {local_task_job_runner.py:222} INFO - ::endgroup::
