[2025-08-14T00:07:58.333+0000] {local_task_job_runner.py:120} INFO - ::group::Pre task execution logs
[2025-08-14T00:07:58.372+0000] {taskinstance.py:2076} INFO - Dependencies all met for dep_context=non-requeueable deps ti=<TaskInstance: crypto_hourly_pipeline.spark_hourly_change scheduled__2025-08-13T23:00:00+00:00 [queued]>
[2025-08-14T00:07:58.377+0000] {taskinstance.py:2076} INFO - Dependencies all met for dep_context=requeueable deps ti=<TaskInstance: crypto_hourly_pipeline.spark_hourly_change scheduled__2025-08-13T23:00:00+00:00 [queued]>
[2025-08-14T00:07:58.377+0000] {taskinstance.py:2306} INFO - Starting attempt 1 of 2
[2025-08-14T00:07:58.386+0000] {taskinstance.py:2330} INFO - Executing <Task(BashOperator): spark_hourly_change> on 2025-08-13 23:00:00+00:00
[2025-08-14T00:07:58.395+0000] {logging_mixin.py:188} WARNING - /home/***/.local/lib/python3.12/site-packages/***/task/task_runner/standard_task_runner.py:61 DeprecationWarning: This process (pid=5778) is multi-threaded, use of fork() may lead to deadlocks in the child.
[2025-08-14T00:07:58.393+0000] {standard_task_runner.py:90} INFO - Running: ['***', 'tasks', 'run', 'crypto_hourly_pipeline', 'spark_hourly_change', 'scheduled__2025-08-13T23:00:00+00:00', '--job-id', '113', '--raw', '--subdir', 'DAGS_FOLDER/crypto_pipeline.py', '--cfg-path', '/tmp/tmp3cu46i6v']
[2025-08-14T00:07:58.396+0000] {standard_task_runner.py:91} INFO - Job 113: Subtask spark_hourly_change
[2025-08-14T00:07:58.396+0000] {standard_task_runner.py:63} INFO - Started process 5779 to run task
[2025-08-14T00:07:58.461+0000] {task_command.py:426} INFO - Running <TaskInstance: crypto_hourly_pipeline.spark_hourly_change scheduled__2025-08-13T23:00:00+00:00 [running]> on host 26ef60e976b3
[2025-08-14T00:07:58.526+0000] {taskinstance.py:2648} INFO - Exporting env vars: AIRFLOW_CTX_DAG_OWNER='***' AIRFLOW_CTX_DAG_ID='crypto_hourly_pipeline' AIRFLOW_CTX_TASK_ID='spark_hourly_change' AIRFLOW_CTX_EXECUTION_DATE='2025-08-13T23:00:00+00:00' AIRFLOW_CTX_TRY_NUMBER='1' AIRFLOW_CTX_DAG_RUN_ID='scheduled__2025-08-13T23:00:00+00:00'
[2025-08-14T00:07:58.527+0000] {taskinstance.py:430} INFO - ::endgroup::
[2025-08-14T00:07:58.538+0000] {subprocess.py:63} INFO - Tmp dir root location: /tmp
[2025-08-14T00:07:58.539+0000] {subprocess.py:75} INFO - Running command: ['/usr/bin/bash', '-c', 'cd /opt/***/project && python spark_hourly_change.py']
[2025-08-14T00:07:58.543+0000] {subprocess.py:86} INFO - Output:
[2025-08-14T00:07:59.317+0000] {subprocess.py:93} INFO - 2025-08-14 00:07:59,317 - INFO - Starting hourly change calculation...
[2025-08-14T00:08:00.628+0000] {subprocess.py:93} INFO - Setting default log level to "WARN".
[2025-08-14T00:08:00.629+0000] {subprocess.py:93} INFO - To adjust logging level use sc.setLogLevel(newLevel). For SparkR, use setLogLevel(newLevel).
[2025-08-14T00:08:00.859+0000] {subprocess.py:93} INFO - 25/08/14 00:08:00 WARN NativeCodeLoader: Unable to load native-hadoop library for your platform... using builtin-java classes where applicable
[2025-08-14T00:08:01.639+0000] {subprocess.py:93} INFO - 2025-08-14 00:08:01,637 - INFO - Spark session created successfully
[2025-08-14T00:08:01.731+0000] {subprocess.py:93} INFO - 2025-08-14 00:08:01,731 - INFO - Successfully read 200 records from PostgreSQL
[2025-08-14T00:08:05.866+0000] {subprocess.py:93} INFO - [Stage 0:>                                                          (0 + 8) / 8]                                                                                2025-08-14 00:08:05,864 - INFO - Calculated hourly changes for 200 records
[2025-08-14T00:08:07.748+0000] {subprocess.py:93} INFO - [Stage 5:>                                                          (0 + 1) / 1]                                                                                2025-08-14 00:08:07,748 - INFO - Successfully wrote 100 records to ClickHouse
[2025-08-14T00:08:07.751+0000] {subprocess.py:93} INFO - 2025-08-14 00:08:07,748 - INFO - Hourly change calculation completed successfully!
[2025-08-14T00:08:08.528+0000] {subprocess.py:93} INFO - 2025-08-14 00:08:08,526 - INFO - Closing down clientserver connection
[2025-08-14T00:08:09.314+0000] {subprocess.py:97} INFO - Command exited with return code 0
[2025-08-14T00:08:09.318+0000] {taskinstance.py:441} INFO - ::group::Post task execution logs
[2025-08-14T00:08:09.389+0000] {taskinstance.py:1206} INFO - Marking task as SUCCESS. dag_id=crypto_hourly_pipeline, task_id=spark_hourly_change, run_id=scheduled__2025-08-13T23:00:00+00:00, execution_date=20250813T230000, start_date=20250814T000758, end_date=20250814T000809
[2025-08-14T00:08:09.422+0000] {local_task_job_runner.py:240} INFO - Task exited with return code 0
[2025-08-14T00:08:09.443+0000] {taskinstance.py:3503} INFO - 1 downstream tasks scheduled from follow-on schedule check
[2025-08-14T00:08:09.444+0000] {local_task_job_runner.py:222} INFO - ::endgroup::
