[2025-08-13T13:41:01.099+0000] {local_task_job_runner.py:120} INFO - ::group::Pre task execution logs
[2025-08-13T13:41:01.140+0000] {taskinstance.py:2076} INFO - Dependencies all met for dep_context=non-requeueable deps ti=<TaskInstance: crypto_hourly_pipeline.spark_hourly_change scheduled__2025-08-13T11:00:00+00:00 [queued]>
[2025-08-13T13:41:01.146+0000] {taskinstance.py:2076} INFO - Dependencies all met for dep_context=requeueable deps ti=<TaskInstance: crypto_hourly_pipeline.spark_hourly_change scheduled__2025-08-13T11:00:00+00:00 [queued]>
[2025-08-13T13:41:01.147+0000] {taskinstance.py:2306} INFO - Starting attempt 4 of 5
[2025-08-13T13:41:01.157+0000] {taskinstance.py:2330} INFO - Executing <Task(BashOperator): spark_hourly_change> on 2025-08-13 11:00:00+00:00
[2025-08-13T13:41:01.164+0000] {standard_task_runner.py:90} INFO - Running: ['***', 'tasks', 'run', 'crypto_hourly_pipeline', 'spark_hourly_change', 'scheduled__2025-08-13T11:00:00+00:00', '--job-id', '73', '--raw', '--subdir', 'DAGS_FOLDER/crypto_pipeline.py', '--cfg-path', '/tmp/tmplc64kcfo']
[2025-08-13T13:41:01.173+0000] {logging_mixin.py:188} WARNING - /home/***/.local/lib/python3.12/site-packages/***/task/task_runner/standard_task_runner.py:61 DeprecationWarning: This process (pid=1910) is multi-threaded, use of fork() may lead to deadlocks in the child.
[2025-08-13T13:41:01.173+0000] {standard_task_runner.py:91} INFO - Job 73: Subtask spark_hourly_change
[2025-08-13T13:41:01.173+0000] {standard_task_runner.py:63} INFO - Started process 1911 to run task
[2025-08-13T13:41:01.236+0000] {task_command.py:426} INFO - Running <TaskInstance: crypto_hourly_pipeline.spark_hourly_change scheduled__2025-08-13T11:00:00+00:00 [running]> on host b82b307306f9
[2025-08-13T13:41:01.308+0000] {taskinstance.py:2648} INFO - Exporting env vars: AIRFLOW_CTX_DAG_OWNER='***' AIRFLOW_CTX_DAG_ID='crypto_hourly_pipeline' AIRFLOW_CTX_TASK_ID='spark_hourly_change' AIRFLOW_CTX_EXECUTION_DATE='2025-08-13T11:00:00+00:00' AIRFLOW_CTX_TRY_NUMBER='4' AIRFLOW_CTX_DAG_RUN_ID='scheduled__2025-08-13T11:00:00+00:00'
[2025-08-13T13:41:01.309+0000] {taskinstance.py:430} INFO - ::endgroup::
[2025-08-13T13:41:01.325+0000] {subprocess.py:63} INFO - Tmp dir root location: /tmp
[2025-08-13T13:41:01.327+0000] {subprocess.py:75} INFO - Running command: ['/usr/bin/bash', '-c', 'cd /opt/***/project && python spark_hourly_change.py']
[2025-08-13T13:41:01.334+0000] {subprocess.py:86} INFO - Output:
[2025-08-13T13:41:02.088+0000] {subprocess.py:93} INFO - 2025-08-13 13:41:02,088 - INFO - Starting hourly change calculation...
[2025-08-13T13:41:03.064+0000] {subprocess.py:93} INFO - Setting default log level to "WARN".
[2025-08-13T13:41:03.068+0000] {subprocess.py:93} INFO - To adjust logging level use sc.setLogLevel(newLevel). For SparkR, use setLogLevel(newLevel).
[2025-08-13T13:41:03.195+0000] {subprocess.py:93} INFO - 25/08/13 13:41:03 WARN NativeCodeLoader: Unable to load native-hadoop library for your platform... using builtin-java classes where applicable
[2025-08-13T13:41:03.780+0000] {subprocess.py:93} INFO - 2025-08-13 13:41:03,779 - INFO - Spark session created successfully
[2025-08-13T13:41:03.854+0000] {subprocess.py:93} INFO - 2025-08-13 13:41:03,854 - INFO - Successfully read 400 records from PostgreSQL
[2025-08-13T13:41:07.839+0000] {subprocess.py:93} INFO - [Stage 0:>                                                          (0 + 8) / 8]                                                                                2025-08-13 13:41:07,837 - INFO - Calculated hourly changes for 400 records
[2025-08-13T13:41:08.530+0000] {subprocess.py:93} INFO - 2025-08-13 13:41:08,530 - INFO - Successfully wrote 300 records to ClickHouse
[2025-08-13T13:41:08.534+0000] {subprocess.py:93} INFO - 2025-08-13 13:41:08,530 - INFO - Hourly change calculation completed successfully!
[2025-08-13T13:41:09.453+0000] {subprocess.py:93} INFO - 2025-08-13 13:41:09,451 - INFO - Closing down clientserver connection
[2025-08-13T13:41:09.995+0000] {subprocess.py:97} INFO - Command exited with return code 0
[2025-08-13T13:41:09.998+0000] {taskinstance.py:441} INFO - ::group::Post task execution logs
[2025-08-13T13:41:10.052+0000] {taskinstance.py:1206} INFO - Marking task as SUCCESS. dag_id=crypto_hourly_pipeline, task_id=spark_hourly_change, run_id=scheduled__2025-08-13T11:00:00+00:00, execution_date=20250813T110000, start_date=20250813T134101, end_date=20250813T134110
[2025-08-13T13:41:10.078+0000] {local_task_job_runner.py:240} INFO - Task exited with return code 0
[2025-08-13T13:41:10.104+0000] {taskinstance.py:3503} INFO - 0 downstream tasks scheduled from follow-on schedule check
[2025-08-13T13:41:10.105+0000] {local_task_job_runner.py:222} INFO - ::endgroup::
