[2025-08-14T16:05:19.261+0000] {local_task_job_runner.py:120} INFO - ::group::Pre task execution logs
[2025-08-14T16:05:19.385+0000] {taskinstance.py:2076} INFO - Dependencies all met for dep_context=non-requeueable deps ti=<TaskInstance: crypto_hourly_pipeline.dbt_hourly_gainers scheduled__2025-08-14T15:00:00+00:00 [queued]>
[2025-08-14T16:05:19.396+0000] {taskinstance.py:2076} INFO - Dependencies all met for dep_context=requeueable deps ti=<TaskInstance: crypto_hourly_pipeline.dbt_hourly_gainers scheduled__2025-08-14T15:00:00+00:00 [queued]>
[2025-08-14T16:05:19.397+0000] {taskinstance.py:2306} INFO - Starting attempt 1 of 2
[2025-08-14T16:05:19.418+0000] {taskinstance.py:2330} INFO - Executing <Task(BashOperator): dbt_hourly_gainers> on 2025-08-14 15:00:00+00:00
[2025-08-14T16:05:19.433+0000] {standard_task_runner.py:90} INFO - Running: ['***', 'tasks', 'run', 'crypto_hourly_pipeline', 'dbt_hourly_gainers', 'scheduled__2025-08-14T15:00:00+00:00', '--job-id', '167', '--raw', '--subdir', 'DAGS_FOLDER/crypto_pipeline.py', '--cfg-path', '/tmp/tmpxcxst9e5']
[2025-08-14T16:05:19.440+0000] {standard_task_runner.py:91} INFO - Job 167: Subtask dbt_hourly_gainers
[2025-08-14T16:05:19.454+0000] {logging_mixin.py:188} WARNING - /home/***/.local/lib/python3.12/site-packages/***/task/task_runner/standard_task_runner.py:61 DeprecationWarning: This process (pid=15429) is multi-threaded, use of fork() may lead to deadlocks in the child.
[2025-08-14T16:05:19.456+0000] {standard_task_runner.py:63} INFO - Started process 15430 to run task
[2025-08-14T16:05:19.546+0000] {task_command.py:426} INFO - Running <TaskInstance: crypto_hourly_pipeline.dbt_hourly_gainers scheduled__2025-08-14T15:00:00+00:00 [running]> on host 26ef60e976b3
[2025-08-14T16:05:19.742+0000] {taskinstance.py:2648} INFO - Exporting env vars: AIRFLOW_CTX_DAG_OWNER='***' AIRFLOW_CTX_DAG_ID='crypto_hourly_pipeline' AIRFLOW_CTX_TASK_ID='dbt_hourly_gainers' AIRFLOW_CTX_EXECUTION_DATE='2025-08-14T15:00:00+00:00' AIRFLOW_CTX_TRY_NUMBER='1' AIRFLOW_CTX_DAG_RUN_ID='scheduled__2025-08-14T15:00:00+00:00'
[2025-08-14T16:05:19.743+0000] {taskinstance.py:430} INFO - ::endgroup::
[2025-08-14T16:05:19.780+0000] {subprocess.py:63} INFO - Tmp dir root location: /tmp
[2025-08-14T16:05:19.788+0000] {subprocess.py:75} INFO - Running command: ['/usr/bin/bash', '-c', 'cd /opt/***/project/dbt && dbt deps && dbt run --select crypto_hourly_gainers']
[2025-08-14T16:05:19.803+0000] {subprocess.py:86} INFO - Output:
[2025-08-14T16:05:23.691+0000] {subprocess.py:93} INFO - [0m16:05:23  Running with dbt=1.7.19
[2025-08-14T16:05:23.847+0000] {subprocess.py:93} INFO - [0m16:05:23  Warning: No packages were found in packages.yml
[2025-08-14T16:05:23.849+0000] {subprocess.py:93} INFO - [0m16:05:23  Warning: No packages were found in packages.yml
[2025-08-14T16:05:27.268+0000] {subprocess.py:93} INFO - [0m16:05:27  Running with dbt=1.7.19
[2025-08-14T16:05:27.439+0000] {subprocess.py:93} INFO - [0m16:05:27  Registered adapter: clickhouse=1.7.7
[2025-08-14T16:05:27.493+0000] {subprocess.py:93} INFO - [0m16:05:27  Found 1 model, 0 sources, 0 exposures, 0 metrics, 429 macros, 0 groups, 0 semantic models
[2025-08-14T16:05:27.495+0000] {subprocess.py:93} INFO - [0m16:05:27
[2025-08-14T16:05:28.602+0000] {subprocess.py:93} INFO - [0m16:05:28  Concurrency: 4 threads (target='dev')
[2025-08-14T16:05:28.606+0000] {subprocess.py:93} INFO - [0m16:05:28
[2025-08-14T16:05:28.618+0000] {subprocess.py:93} INFO - [0m16:05:28  1 of 1 START sql table model `analytics`.`crypto_hourly_gainers` ............... [RUN]
[2025-08-14T16:05:28.754+0000] {subprocess.py:93} INFO - [0m16:05:28  1 of 1 OK created sql table model `analytics`.`crypto_hourly_gainers` .......... [[32mOK[0m in 0.13s]
[2025-08-14T16:05:28.761+0000] {subprocess.py:93} INFO - [0m16:05:28
[2025-08-14T16:05:28.762+0000] {subprocess.py:93} INFO - [0m16:05:28  Finished running 1 table model in 0 hours 0 minutes and 1.27 seconds (1.27s).
[2025-08-14T16:05:28.775+0000] {subprocess.py:93} INFO - [0m16:05:28
[2025-08-14T16:05:28.776+0000] {subprocess.py:93} INFO - [0m16:05:28  [32mCompleted successfully[0m
[2025-08-14T16:05:28.776+0000] {subprocess.py:93} INFO - [0m16:05:28
[2025-08-14T16:05:28.777+0000] {subprocess.py:93} INFO - [0m16:05:28  Done. PASS=1 WARN=0 ERROR=0 SKIP=0 TOTAL=1
[2025-08-14T16:05:29.912+0000] {subprocess.py:97} INFO - Command exited with return code 0
[2025-08-14T16:05:29.918+0000] {taskinstance.py:441} INFO - ::group::Post task execution logs
[2025-08-14T16:05:30.005+0000] {taskinstance.py:1206} INFO - Marking task as SUCCESS. dag_id=crypto_hourly_pipeline, task_id=dbt_hourly_gainers, run_id=scheduled__2025-08-14T15:00:00+00:00, execution_date=20250814T150000, start_date=20250814T160519, end_date=20250814T160530
[2025-08-14T16:05:30.082+0000] {local_task_job_runner.py:240} INFO - Task exited with return code 0
[2025-08-14T16:05:30.106+0000] {taskinstance.py:3503} INFO - 0 downstream tasks scheduled from follow-on schedule check
[2025-08-14T16:05:30.107+0000] {local_task_job_runner.py:222} INFO - ::endgroup::
