[2025-08-14T03:00:59.060+0000] {local_task_job_runner.py:120} INFO - ::group::Pre task execution logs
[2025-08-14T03:00:59.111+0000] {taskinstance.py:2076} INFO - Dependencies all met for dep_context=non-requeueable deps ti=<TaskInstance: crypto_hourly_pipeline.dbt_hourly_gainers scheduled__2025-08-14T02:00:00+00:00 [queued]>
[2025-08-14T03:00:59.129+0000] {taskinstance.py:2076} INFO - Dependencies all met for dep_context=requeueable deps ti=<TaskInstance: crypto_hourly_pipeline.dbt_hourly_gainers scheduled__2025-08-14T02:00:00+00:00 [queued]>
[2025-08-14T03:00:59.129+0000] {taskinstance.py:2306} INFO - Starting attempt 1 of 2
[2025-08-14T03:00:59.143+0000] {taskinstance.py:2330} INFO - Executing <Task(BashOperator): dbt_hourly_gainers> on 2025-08-14 02:00:00+00:00
[2025-08-14T03:00:59.172+0000] {logging_mixin.py:188} WARNING - /home/***/.local/lib/python3.12/site-packages/***/task/task_runner/standard_task_runner.py:61 DeprecationWarning: This process (pid=7247) is multi-threaded, use of fork() may lead to deadlocks in the child.
[2025-08-14T03:00:59.166+0000] {standard_task_runner.py:90} INFO - Running: ['***', 'tasks', 'run', 'crypto_hourly_pipeline', 'dbt_hourly_gainers', 'scheduled__2025-08-14T02:00:00+00:00', '--job-id', '124', '--raw', '--subdir', 'DAGS_FOLDER/crypto_pipeline.py', '--cfg-path', '/tmp/tmpy9ju8jzk']
[2025-08-14T03:00:59.176+0000] {standard_task_runner.py:91} INFO - Job 124: Subtask dbt_hourly_gainers
[2025-08-14T03:00:59.176+0000] {standard_task_runner.py:63} INFO - Started process 7248 to run task
[2025-08-14T03:00:59.240+0000] {task_command.py:426} INFO - Running <TaskInstance: crypto_hourly_pipeline.dbt_hourly_gainers scheduled__2025-08-14T02:00:00+00:00 [running]> on host 26ef60e976b3
[2025-08-14T03:00:59.338+0000] {taskinstance.py:2648} INFO - Exporting env vars: AIRFLOW_CTX_DAG_OWNER='***' AIRFLOW_CTX_DAG_ID='crypto_hourly_pipeline' AIRFLOW_CTX_TASK_ID='dbt_hourly_gainers' AIRFLOW_CTX_EXECUTION_DATE='2025-08-14T02:00:00+00:00' AIRFLOW_CTX_TRY_NUMBER='1' AIRFLOW_CTX_DAG_RUN_ID='scheduled__2025-08-14T02:00:00+00:00'
[2025-08-14T03:00:59.338+0000] {taskinstance.py:430} INFO - ::endgroup::
[2025-08-14T03:00:59.355+0000] {subprocess.py:63} INFO - Tmp dir root location: /tmp
[2025-08-14T03:00:59.356+0000] {subprocess.py:75} INFO - Running command: ['/usr/bin/bash', '-c', 'cd /opt/***/project/dbt && dbt deps && dbt run --select crypto_hourly_gainers']
[2025-08-14T03:00:59.361+0000] {subprocess.py:86} INFO - Output:
[2025-08-14T03:01:00.970+0000] {subprocess.py:93} INFO - [0m03:01:00  Running with dbt=1.7.19
[2025-08-14T03:01:01.027+0000] {subprocess.py:93} INFO - [0m03:01:01  Warning: No packages were found in packages.yml
[2025-08-14T03:01:01.029+0000] {subprocess.py:93} INFO - [0m03:01:01  Warning: No packages were found in packages.yml
[2025-08-14T03:01:03.439+0000] {subprocess.py:93} INFO - [0m03:01:03  Running with dbt=1.7.19
[2025-08-14T03:01:03.557+0000] {subprocess.py:93} INFO - [0m03:01:03  Registered adapter: clickhouse=1.7.7
[2025-08-14T03:01:03.593+0000] {subprocess.py:93} INFO - [0m03:01:03  Found 1 model, 0 sources, 0 exposures, 0 metrics, 429 macros, 0 groups, 0 semantic models
[2025-08-14T03:01:03.594+0000] {subprocess.py:93} INFO - [0m03:01:03
[2025-08-14T03:01:04.126+0000] {subprocess.py:93} INFO - [0m03:01:04  Concurrency: 4 threads (target='dev')
[2025-08-14T03:01:04.128+0000] {subprocess.py:93} INFO - [0m03:01:04
[2025-08-14T03:01:04.137+0000] {subprocess.py:93} INFO - [0m03:01:04  1 of 1 START sql table model `analytics`.`crypto_hourly_gainers` ............... [RUN]
[2025-08-14T03:01:04.248+0000] {subprocess.py:93} INFO - [0m03:01:04  1 of 1 OK created sql table model `analytics`.`crypto_hourly_gainers` .......... [[32mOK[0m in 0.11s]
[2025-08-14T03:01:04.253+0000] {subprocess.py:93} INFO - [0m03:01:04
[2025-08-14T03:01:04.254+0000] {subprocess.py:93} INFO - [0m03:01:04  Finished running 1 table model in 0 hours 0 minutes and 0.66 seconds (0.66s).
[2025-08-14T03:01:04.267+0000] {subprocess.py:93} INFO - [0m03:01:04
[2025-08-14T03:01:04.268+0000] {subprocess.py:93} INFO - [0m03:01:04  [32mCompleted successfully[0m
[2025-08-14T03:01:04.268+0000] {subprocess.py:93} INFO - [0m03:01:04
[2025-08-14T03:01:04.269+0000] {subprocess.py:93} INFO - [0m03:01:04  Done. PASS=1 WARN=0 ERROR=0 SKIP=0 TOTAL=1
[2025-08-14T03:01:05.133+0000] {subprocess.py:97} INFO - Command exited with return code 0
[2025-08-14T03:01:05.136+0000] {taskinstance.py:441} INFO - ::group::Post task execution logs
[2025-08-14T03:01:05.197+0000] {taskinstance.py:1206} INFO - Marking task as SUCCESS. dag_id=crypto_hourly_pipeline, task_id=dbt_hourly_gainers, run_id=scheduled__2025-08-14T02:00:00+00:00, execution_date=20250814T020000, start_date=20250814T030059, end_date=20250814T030105
[2025-08-14T03:01:05.250+0000] {local_task_job_runner.py:240} INFO - Task exited with return code 0
[2025-08-14T03:01:05.273+0000] {taskinstance.py:3503} INFO - 0 downstream tasks scheduled from follow-on schedule check
[2025-08-14T03:01:05.274+0000] {local_task_job_runner.py:222} INFO - ::endgroup::
