[2025-08-12T16:28:19.427+0000] {local_task_job_runner.py:120} INFO - ::group::Pre task execution logs
[2025-08-12T16:28:19.451+0000] {taskinstance.py:2076} INFO - Dependencies all met for dep_context=non-requeueable deps ti=<TaskInstance: crypto_hourly_pipeline.ingest_cmc scheduled__2025-08-12T11:00:00+00:00 [queued]>
[2025-08-12T16:28:19.455+0000] {taskinstance.py:2076} INFO - Dependencies all met for dep_context=requeueable deps ti=<TaskInstance: crypto_hourly_pipeline.ingest_cmc scheduled__2025-08-12T11:00:00+00:00 [queued]>
[2025-08-12T16:28:19.455+0000] {taskinstance.py:2306} INFO - Starting attempt 3 of 4
[2025-08-12T16:28:19.462+0000] {taskinstance.py:2330} INFO - Executing <Task(BashOperator): ingest_cmc> on 2025-08-12 11:00:00+00:00
[2025-08-12T16:28:19.472+0000] {logging_mixin.py:188} WARNING - /home/***/.local/lib/python3.12/site-packages/***/task/task_runner/standard_task_runner.py:61 DeprecationWarning: This process (pid=298) is multi-threaded, use of fork() may lead to deadlocks in the child.
[2025-08-12T16:28:19.468+0000] {standard_task_runner.py:90} INFO - Running: ['***', 'tasks', 'run', 'crypto_hourly_pipeline', 'ingest_cmc', 'scheduled__2025-08-12T11:00:00+00:00', '--job-id', '36', '--raw', '--subdir', 'DAGS_FOLDER/crypto_pipeline.py', '--cfg-path', '/tmp/tmpg4fzt1yl']
[2025-08-12T16:28:19.473+0000] {standard_task_runner.py:91} INFO - Job 36: Subtask ingest_cmc
[2025-08-12T16:28:19.473+0000] {standard_task_runner.py:63} INFO - Started process 299 to run task
[2025-08-12T16:28:19.522+0000] {task_command.py:426} INFO - Running <TaskInstance: crypto_hourly_pipeline.ingest_cmc scheduled__2025-08-12T11:00:00+00:00 [running]> on host 7d13ab6af910
[2025-08-12T16:28:19.575+0000] {taskinstance.py:2648} INFO - Exporting env vars: AIRFLOW_CTX_DAG_OWNER='***' AIRFLOW_CTX_DAG_ID='crypto_hourly_pipeline' AIRFLOW_CTX_TASK_ID='ingest_cmc' AIRFLOW_CTX_EXECUTION_DATE='2025-08-12T11:00:00+00:00' AIRFLOW_CTX_TRY_NUMBER='3' AIRFLOW_CTX_DAG_RUN_ID='scheduled__2025-08-12T11:00:00+00:00'
[2025-08-12T16:28:19.577+0000] {taskinstance.py:430} INFO - ::endgroup::
[2025-08-12T16:28:19.586+0000] {subprocess.py:63} INFO - Tmp dir root location: /tmp
[2025-08-12T16:28:19.588+0000] {subprocess.py:75} INFO - Running command: ['/usr/bin/bash', '-c', 'cd /opt/***/project && python ingest_cmc.py']
[2025-08-12T16:28:19.594+0000] {subprocess.py:86} INFO - Output:
[2025-08-12T16:28:20.154+0000] {subprocess.py:93} INFO - 2025-08-12 16:28:20,154 - INFO - Fetching data from CoinMarketCap API...
[2025-08-12T16:28:23.570+0000] {subprocess.py:93} INFO - 2025-08-12 16:28:23,567 - INFO - Successfully fetched 100 cryptocurrencies
[2025-08-12T16:28:23.591+0000] {subprocess.py:93} INFO - 2025-08-12 16:28:23,572 - INFO - Processed 100 records
[2025-08-12T16:28:23.645+0000] {subprocess.py:93} INFO - 2025-08-12 16:28:23,644 - INFO - Successfully inserted 100 records into PostgreSQL
[2025-08-12T16:28:23.645+0000] {subprocess.py:93} INFO - 2025-08-12 16:28:23,645 - INFO - Data ingestion completed successfully!
[2025-08-12T16:28:23.694+0000] {subprocess.py:97} INFO - Command exited with return code 0
[2025-08-12T16:28:23.697+0000] {taskinstance.py:441} INFO - ::group::Post task execution logs
[2025-08-12T16:28:23.742+0000] {taskinstance.py:1206} INFO - Marking task as SUCCESS. dag_id=crypto_hourly_pipeline, task_id=ingest_cmc, run_id=scheduled__2025-08-12T11:00:00+00:00, execution_date=20250812T110000, start_date=20250812T162819, end_date=20250812T162823
[2025-08-12T16:28:23.781+0000] {local_task_job_runner.py:240} INFO - Task exited with return code 0
[2025-08-12T16:28:23.815+0000] {taskinstance.py:3503} INFO - 1 downstream tasks scheduled from follow-on schedule check
[2025-08-12T16:28:23.816+0000] {local_task_job_runner.py:222} INFO - ::endgroup::
