[2025-08-14T08:00:00.875+0000] {local_task_job_runner.py:120} INFO - ::group::Pre task execution logs
[2025-08-14T08:00:00.940+0000] {taskinstance.py:2076} INFO - Dependencies all met for dep_context=non-requeueable deps ti=<TaskInstance: crypto_hourly_pipeline.ingest_cmc scheduled__2025-08-14T07:00:00+00:00 [queued]>
[2025-08-14T08:00:00.945+0000] {taskinstance.py:2076} INFO - Dependencies all met for dep_context=requeueable deps ti=<TaskInstance: crypto_hourly_pipeline.ingest_cmc scheduled__2025-08-14T07:00:00+00:00 [queued]>
[2025-08-14T08:00:00.945+0000] {taskinstance.py:2306} INFO - Starting attempt 1 of 2
[2025-08-14T08:00:00.956+0000] {taskinstance.py:2330} INFO - Executing <Task(BashOperator): ingest_cmc> on 2025-08-14 07:00:00+00:00
[2025-08-14T08:00:00.962+0000] {standard_task_runner.py:90} INFO - Running: ['***', 'tasks', 'run', 'crypto_hourly_pipeline', 'ingest_cmc', 'scheduled__2025-08-14T07:00:00+00:00', '--job-id', '137', '--raw', '--subdir', 'DAGS_FOLDER/crypto_pipeline.py', '--cfg-path', '/tmp/tmpv92ty3tb']
[2025-08-14T08:00:00.965+0000] {standard_task_runner.py:91} INFO - Job 137: Subtask ingest_cmc
[2025-08-14T08:00:00.965+0000] {logging_mixin.py:188} WARNING - /home/***/.local/lib/python3.12/site-packages/***/task/task_runner/standard_task_runner.py:61 DeprecationWarning: This process (pid=9360) is multi-threaded, use of fork() may lead to deadlocks in the child.
[2025-08-14T08:00:00.968+0000] {standard_task_runner.py:63} INFO - Started process 9361 to run task
[2025-08-14T08:00:01.031+0000] {task_command.py:426} INFO - Running <TaskInstance: crypto_hourly_pipeline.ingest_cmc scheduled__2025-08-14T07:00:00+00:00 [running]> on host 26ef60e976b3
[2025-08-14T08:00:01.138+0000] {taskinstance.py:2648} INFO - Exporting env vars: AIRFLOW_CTX_DAG_OWNER='***' AIRFLOW_CTX_DAG_ID='crypto_hourly_pipeline' AIRFLOW_CTX_TASK_ID='ingest_cmc' AIRFLOW_CTX_EXECUTION_DATE='2025-08-14T07:00:00+00:00' AIRFLOW_CTX_TRY_NUMBER='1' AIRFLOW_CTX_DAG_RUN_ID='scheduled__2025-08-14T07:00:00+00:00'
[2025-08-14T08:00:01.139+0000] {taskinstance.py:430} INFO - ::endgroup::
[2025-08-14T08:00:01.163+0000] {subprocess.py:63} INFO - Tmp dir root location: /tmp
[2025-08-14T08:00:01.169+0000] {subprocess.py:75} INFO - Running command: ['/usr/bin/bash', '-c', 'cd /opt/***/project && python ingest_cmc.py']
[2025-08-14T08:00:01.187+0000] {subprocess.py:86} INFO - Output:
[2025-08-14T08:00:02.112+0000] {subprocess.py:93} INFO - 2025-08-14 08:00:02,108 - INFO - Fetching data from CoinMarketCap API...
[2025-08-14T08:00:03.005+0000] {subprocess.py:93} INFO - 2025-08-14 08:00:03,003 - INFO - Successfully fetched 100 cryptocurrencies
[2025-08-14T08:00:03.005+0000] {subprocess.py:93} INFO - 2025-08-14 08:00:03,005 - INFO - Processed 100 records
[2025-08-14T08:00:03.055+0000] {subprocess.py:93} INFO - 2025-08-14 08:00:03,055 - INFO - Successfully inserted 100 records into PostgreSQL
[2025-08-14T08:00:03.056+0000] {subprocess.py:93} INFO - 2025-08-14 08:00:03,055 - INFO - Data ingestion completed successfully!
[2025-08-14T08:00:03.101+0000] {subprocess.py:97} INFO - Command exited with return code 0
[2025-08-14T08:00:03.104+0000] {taskinstance.py:441} INFO - ::group::Post task execution logs
[2025-08-14T08:00:03.172+0000] {taskinstance.py:1206} INFO - Marking task as SUCCESS. dag_id=crypto_hourly_pipeline, task_id=ingest_cmc, run_id=scheduled__2025-08-14T07:00:00+00:00, execution_date=20250814T070000, start_date=20250814T080000, end_date=20250814T080003
[2025-08-14T08:00:03.225+0000] {local_task_job_runner.py:240} INFO - Task exited with return code 0
[2025-08-14T08:00:03.283+0000] {taskinstance.py:3503} INFO - 1 downstream tasks scheduled from follow-on schedule check
[2025-08-14T08:00:03.285+0000] {local_task_job_runner.py:222} INFO - ::endgroup::
