[2025-08-14T15:47:20.404+0000] {local_task_job_runner.py:120} INFO - ::group::Pre task execution logs
[2025-08-14T15:47:20.437+0000] {taskinstance.py:2076} INFO - Dependencies all met for dep_context=non-requeueable deps ti=<TaskInstance: crypto_hourly_pipeline.ingest_cmc scheduled__2025-08-14T14:00:00+00:00 [queued]>
[2025-08-14T15:47:20.442+0000] {taskinstance.py:2076} INFO - Dependencies all met for dep_context=requeueable deps ti=<TaskInstance: crypto_hourly_pipeline.ingest_cmc scheduled__2025-08-14T14:00:00+00:00 [queued]>
[2025-08-14T15:47:20.442+0000] {taskinstance.py:2306} INFO - Starting attempt 2 of 2
[2025-08-14T15:47:20.451+0000] {taskinstance.py:2330} INFO - Executing <Task(BashOperator): ingest_cmc> on 2025-08-14 14:00:00+00:00
[2025-08-14T15:47:20.456+0000] {standard_task_runner.py:90} INFO - Running: ['***', 'tasks', 'run', 'crypto_hourly_pipeline', 'ingest_cmc', 'scheduled__2025-08-14T14:00:00+00:00', '--job-id', '162', '--raw', '--subdir', 'DAGS_FOLDER/crypto_pipeline.py', '--cfg-path', '/tmp/tmpwmsytjmp']
[2025-08-14T15:47:20.458+0000] {standard_task_runner.py:91} INFO - Job 162: Subtask ingest_cmc
[2025-08-14T15:47:20.481+0000] {logging_mixin.py:188} WARNING - /home/***/.local/lib/python3.12/site-packages/***/task/task_runner/standard_task_runner.py:61 DeprecationWarning: This process (pid=14868) is multi-threaded, use of fork() may lead to deadlocks in the child.
[2025-08-14T15:47:20.483+0000] {standard_task_runner.py:63} INFO - Started process 14871 to run task
[2025-08-14T15:47:20.504+0000] {task_command.py:426} INFO - Running <TaskInstance: crypto_hourly_pipeline.ingest_cmc scheduled__2025-08-14T14:00:00+00:00 [running]> on host 26ef60e976b3
[2025-08-14T15:47:20.597+0000] {taskinstance.py:2648} INFO - Exporting env vars: AIRFLOW_CTX_DAG_OWNER='***' AIRFLOW_CTX_DAG_ID='crypto_hourly_pipeline' AIRFLOW_CTX_TASK_ID='ingest_cmc' AIRFLOW_CTX_EXECUTION_DATE='2025-08-14T14:00:00+00:00' AIRFLOW_CTX_TRY_NUMBER='2' AIRFLOW_CTX_DAG_RUN_ID='scheduled__2025-08-14T14:00:00+00:00'
[2025-08-14T15:47:20.598+0000] {taskinstance.py:430} INFO - ::endgroup::
[2025-08-14T15:47:20.608+0000] {subprocess.py:63} INFO - Tmp dir root location: /tmp
[2025-08-14T15:47:20.610+0000] {subprocess.py:75} INFO - Running command: ['/usr/bin/bash', '-c', 'cd /opt/***/project && python ingest_cmc.py']
[2025-08-14T15:47:20.619+0000] {subprocess.py:86} INFO - Output:
[2025-08-14T15:47:21.253+0000] {subprocess.py:93} INFO - 2025-08-14 15:47:21,253 - INFO - Fetching data from CoinMarketCap API...
[2025-08-14T15:47:33.290+0000] {subprocess.py:93} INFO - 2025-08-14 15:47:33,284 - INFO - Fetching data from CoinMarketCap API...
[2025-08-14T15:47:34.627+0000] {subprocess.py:93} INFO - 2025-08-14 15:47:34,623 - INFO - Successfully fetched 100 cryptocurrencies
[2025-08-14T15:47:34.651+0000] {subprocess.py:93} INFO - 2025-08-14 15:47:34,628 - INFO - Processed 100 records
[2025-08-14T15:47:34.778+0000] {subprocess.py:93} INFO - 2025-08-14 15:47:34,777 - INFO - Successfully inserted 100 records into PostgreSQL
[2025-08-14T15:47:34.781+0000] {subprocess.py:93} INFO - 2025-08-14 15:47:34,777 - INFO - Data ingestion completed successfully!
[2025-08-14T15:47:34.919+0000] {subprocess.py:97} INFO - Command exited with return code 0
[2025-08-14T15:47:34.924+0000] {taskinstance.py:441} INFO - ::group::Post task execution logs
[2025-08-14T15:47:35.069+0000] {taskinstance.py:1206} INFO - Marking task as SUCCESS. dag_id=crypto_hourly_pipeline, task_id=ingest_cmc, run_id=scheduled__2025-08-14T14:00:00+00:00, execution_date=20250814T140000, start_date=20250814T154720, end_date=20250814T154735
[2025-08-14T15:47:35.115+0000] {local_task_job_runner.py:240} INFO - Task exited with return code 0
[2025-08-14T15:47:35.157+0000] {local_task_job_runner.py:222} INFO - ::endgroup::
