[2025-08-12T16:33:39.440+0000] {local_task_job_runner.py:120} INFO - ::group::Pre task execution logs
[2025-08-12T16:33:39.485+0000] {taskinstance.py:2076} INFO - Dependencies all met for dep_context=non-requeueable deps ti=<TaskInstance: crypto_hourly_pipeline.ingest_cmc scheduled__2025-08-12T12:00:00+00:00 [queued]>
[2025-08-12T16:33:39.492+0000] {taskinstance.py:2076} INFO - Dependencies all met for dep_context=requeueable deps ti=<TaskInstance: crypto_hourly_pipeline.ingest_cmc scheduled__2025-08-12T12:00:00+00:00 [queued]>
[2025-08-12T16:33:39.492+0000] {taskinstance.py:2306} INFO - Starting attempt 3 of 4
[2025-08-12T16:33:39.500+0000] {taskinstance.py:2330} INFO - Executing <Task(BashOperator): ingest_cmc> on 2025-08-12 12:00:00+00:00
[2025-08-12T16:33:39.507+0000] {standard_task_runner.py:90} INFO - Running: ['***', 'tasks', 'run', 'crypto_hourly_pipeline', 'ingest_cmc', 'scheduled__2025-08-12T12:00:00+00:00', '--job-id', '40', '--raw', '--subdir', 'DAGS_FOLDER/crypto_pipeline.py', '--cfg-path', '/tmp/tmp_133yclm']
[2025-08-12T16:33:39.509+0000] {standard_task_runner.py:91} INFO - Job 40: Subtask ingest_cmc
[2025-08-12T16:33:39.508+0000] {logging_mixin.py:188} WARNING - /home/***/.local/lib/python3.12/site-packages/***/task/task_runner/standard_task_runner.py:61 DeprecationWarning: This process (pid=191) is multi-threaded, use of fork() may lead to deadlocks in the child.
[2025-08-12T16:33:39.513+0000] {standard_task_runner.py:63} INFO - Started process 192 to run task
[2025-08-12T16:33:39.573+0000] {task_command.py:426} INFO - Running <TaskInstance: crypto_hourly_pipeline.ingest_cmc scheduled__2025-08-12T12:00:00+00:00 [running]> on host 18a22318aff8
[2025-08-12T16:33:39.742+0000] {taskinstance.py:2648} INFO - Exporting env vars: AIRFLOW_CTX_DAG_OWNER='***' AIRFLOW_CTX_DAG_ID='crypto_hourly_pipeline' AIRFLOW_CTX_TASK_ID='ingest_cmc' AIRFLOW_CTX_EXECUTION_DATE='2025-08-12T12:00:00+00:00' AIRFLOW_CTX_TRY_NUMBER='3' AIRFLOW_CTX_DAG_RUN_ID='scheduled__2025-08-12T12:00:00+00:00'
[2025-08-12T16:33:39.744+0000] {taskinstance.py:430} INFO - ::endgroup::
[2025-08-12T16:33:39.762+0000] {subprocess.py:63} INFO - Tmp dir root location: /tmp
[2025-08-12T16:33:39.763+0000] {subprocess.py:75} INFO - Running command: ['/usr/bin/bash', '-c', 'cd /opt/***/project && python ingest_cmc.py']
[2025-08-12T16:33:39.780+0000] {subprocess.py:86} INFO - Output:
[2025-08-12T16:33:40.668+0000] {subprocess.py:93} INFO - 2025-08-12 16:33:40,667 - INFO - Fetching data from CoinMarketCap API...
[2025-08-12T16:33:41.350+0000] {subprocess.py:93} INFO - 2025-08-12 16:33:41,348 - INFO - Successfully fetched 100 cryptocurrencies
[2025-08-12T16:33:41.362+0000] {subprocess.py:93} INFO - 2025-08-12 16:33:41,351 - INFO - Processed 100 records
[2025-08-12T16:33:41.470+0000] {subprocess.py:93} INFO - 2025-08-12 16:33:41,467 - INFO - Successfully inserted 100 records into PostgreSQL
[2025-08-12T16:33:41.470+0000] {subprocess.py:93} INFO - 2025-08-12 16:33:41,467 - INFO - Data ingestion completed successfully!
[2025-08-12T16:33:41.514+0000] {subprocess.py:97} INFO - Command exited with return code 0
[2025-08-12T16:33:41.519+0000] {taskinstance.py:441} INFO - ::group::Post task execution logs
[2025-08-12T16:33:41.580+0000] {taskinstance.py:1206} INFO - Marking task as SUCCESS. dag_id=crypto_hourly_pipeline, task_id=ingest_cmc, run_id=scheduled__2025-08-12T12:00:00+00:00, execution_date=20250812T120000, start_date=20250812T163339, end_date=20250812T163341
[2025-08-12T16:33:41.641+0000] {local_task_job_runner.py:240} INFO - Task exited with return code 0
[2025-08-12T16:33:41.683+0000] {taskinstance.py:3503} INFO - 1 downstream tasks scheduled from follow-on schedule check
[2025-08-12T16:33:41.684+0000] {local_task_job_runner.py:222} INFO - ::endgroup::
