[2025-08-14T03:00:49.641+0000] {local_task_job_runner.py:120} INFO - ::group::Pre task execution logs
[2025-08-14T03:00:49.661+0000] {taskinstance.py:2076} INFO - Dependencies all met for dep_context=non-requeueable deps ti=<TaskInstance: crypto_hourly_pipeline.spark_hourly_change scheduled__2025-08-14T02:00:00+00:00 [queued]>
[2025-08-14T03:00:49.664+0000] {taskinstance.py:2076} INFO - Dependencies all met for dep_context=requeueable deps ti=<TaskInstance: crypto_hourly_pipeline.spark_hourly_change scheduled__2025-08-14T02:00:00+00:00 [queued]>
[2025-08-14T03:00:49.665+0000] {taskinstance.py:2306} INFO - Starting attempt 1 of 2
[2025-08-14T03:00:49.670+0000] {taskinstance.py:2330} INFO - Executing <Task(BashOperator): spark_hourly_change> on 2025-08-14 02:00:00+00:00
[2025-08-14T03:00:49.676+0000] {logging_mixin.py:188} WARNING - /home/***/.local/lib/python3.12/site-packages/***/task/task_runner/standard_task_runner.py:61 DeprecationWarning: This process (pid=6997) is multi-threaded, use of fork() may lead to deadlocks in the child.
[2025-08-14T03:00:49.675+0000] {standard_task_runner.py:90} INFO - Running: ['***', 'tasks', 'run', 'crypto_hourly_pipeline', 'spark_hourly_change', 'scheduled__2025-08-14T02:00:00+00:00', '--job-id', '123', '--raw', '--subdir', 'DAGS_FOLDER/crypto_pipeline.py', '--cfg-path', '/tmp/tmpehfm4_hy']
[2025-08-14T03:00:49.676+0000] {standard_task_runner.py:91} INFO - Job 123: Subtask spark_hourly_change
[2025-08-14T03:00:49.676+0000] {standard_task_runner.py:63} INFO - Started process 6998 to run task
[2025-08-14T03:00:49.711+0000] {task_command.py:426} INFO - Running <TaskInstance: crypto_hourly_pipeline.spark_hourly_change scheduled__2025-08-14T02:00:00+00:00 [running]> on host 26ef60e976b3
[2025-08-14T03:00:49.778+0000] {taskinstance.py:2648} INFO - Exporting env vars: AIRFLOW_CTX_DAG_OWNER='***' AIRFLOW_CTX_DAG_ID='crypto_hourly_pipeline' AIRFLOW_CTX_TASK_ID='spark_hourly_change' AIRFLOW_CTX_EXECUTION_DATE='2025-08-14T02:00:00+00:00' AIRFLOW_CTX_TRY_NUMBER='1' AIRFLOW_CTX_DAG_RUN_ID='scheduled__2025-08-14T02:00:00+00:00'
[2025-08-14T03:00:49.779+0000] {taskinstance.py:430} INFO - ::endgroup::
[2025-08-14T03:00:49.790+0000] {subprocess.py:63} INFO - Tmp dir root location: /tmp
[2025-08-14T03:00:49.791+0000] {subprocess.py:75} INFO - Running command: ['/usr/bin/bash', '-c', 'cd /opt/***/project && python spark_hourly_change.py']
[2025-08-14T03:00:49.795+0000] {subprocess.py:86} INFO - Output:
[2025-08-14T03:00:50.606+0000] {subprocess.py:93} INFO - 2025-08-14 03:00:50,606 - INFO - Starting hourly change calculation...
[2025-08-14T03:00:51.580+0000] {subprocess.py:93} INFO - Setting default log level to "WARN".
[2025-08-14T03:00:51.581+0000] {subprocess.py:93} INFO - To adjust logging level use sc.setLogLevel(newLevel). For SparkR, use setLogLevel(newLevel).
[2025-08-14T03:00:51.710+0000] {subprocess.py:93} INFO - 25/08/14 03:00:51 WARN NativeCodeLoader: Unable to load native-hadoop library for your platform... using builtin-java classes where applicable
[2025-08-14T03:00:52.329+0000] {subprocess.py:93} INFO - 2025-08-14 03:00:52,326 - INFO - Spark session created successfully
[2025-08-14T03:00:52.397+0000] {subprocess.py:93} INFO - 2025-08-14 03:00:52,396 - INFO - Successfully read 198 records from PostgreSQL
[2025-08-14T03:00:55.828+0000] {subprocess.py:93} INFO - [Stage 0:>                                                          (0 + 8) / 8]                                                                                2025-08-14 03:00:55,827 - INFO - Calculated hourly changes for 198 records
[2025-08-14T03:00:56.726+0000] {subprocess.py:93} INFO - 2025-08-14 03:00:56,725 - INFO - Successfully wrote 98 records to ClickHouse
[2025-08-14T03:00:56.730+0000] {subprocess.py:93} INFO - 2025-08-14 03:00:56,725 - INFO - Hourly change calculation completed successfully!
[2025-08-14T03:00:57.653+0000] {subprocess.py:93} INFO - 2025-08-14 03:00:57,653 - INFO - Closing down clientserver connection
[2025-08-14T03:00:58.283+0000] {subprocess.py:97} INFO - Command exited with return code 0
[2025-08-14T03:00:58.292+0000] {taskinstance.py:441} INFO - ::group::Post task execution logs
[2025-08-14T03:00:58.350+0000] {taskinstance.py:1206} INFO - Marking task as SUCCESS. dag_id=crypto_hourly_pipeline, task_id=spark_hourly_change, run_id=scheduled__2025-08-14T02:00:00+00:00, execution_date=20250814T020000, start_date=20250814T030049, end_date=20250814T030058
[2025-08-14T03:00:58.400+0000] {local_task_job_runner.py:240} INFO - Task exited with return code 0
[2025-08-14T03:00:58.434+0000] {taskinstance.py:3503} INFO - 1 downstream tasks scheduled from follow-on schedule check
[2025-08-14T03:00:58.435+0000] {local_task_job_runner.py:222} INFO - ::endgroup::
