[2025-08-12T16:17:56.938+0000] {local_task_job_runner.py:120} INFO - ::group::Pre task execution logs
[2025-08-12T16:17:56.965+0000] {taskinstance.py:2076} INFO - Dependencies all met for dep_context=non-requeueable deps ti=<TaskInstance: crypto_hourly_pipeline.ingest_cmc scheduled__2025-08-12T09:00:00+00:00 [queued]>
[2025-08-12T16:17:56.969+0000] {taskinstance.py:2076} INFO - Dependencies all met for dep_context=requeueable deps ti=<TaskInstance: crypto_hourly_pipeline.ingest_cmc scheduled__2025-08-12T09:00:00+00:00 [queued]>
[2025-08-12T16:17:56.969+0000] {taskinstance.py:2306} INFO - Starting attempt 3 of 4
[2025-08-12T16:17:56.976+0000] {taskinstance.py:2330} INFO - Executing <Task(BashOperator): ingest_cmc> on 2025-08-12 09:00:00+00:00
[2025-08-12T16:17:56.981+0000] {standard_task_runner.py:90} INFO - Running: ['***', 'tasks', 'run', 'crypto_hourly_pipeline', 'ingest_cmc', 'scheduled__2025-08-12T09:00:00+00:00', '--job-id', '29', '--raw', '--subdir', 'DAGS_FOLDER/crypto_pipeline.py', '--cfg-path', '/tmp/tmp8vop5kxb']
[2025-08-12T16:17:56.985+0000] {standard_task_runner.py:91} INFO - Job 29: Subtask ingest_cmc
[2025-08-12T16:17:56.984+0000] {logging_mixin.py:188} WARNING - /home/***/.local/lib/python3.12/site-packages/***/task/task_runner/standard_task_runner.py:61 DeprecationWarning: This process (pid=295) is multi-threaded, use of fork() may lead to deadlocks in the child.
[2025-08-12T16:17:56.987+0000] {standard_task_runner.py:63} INFO - Started process 296 to run task
[2025-08-12T16:17:57.033+0000] {task_command.py:426} INFO - Running <TaskInstance: crypto_hourly_pipeline.ingest_cmc scheduled__2025-08-12T09:00:00+00:00 [running]> on host f6611a31ca20
[2025-08-12T16:17:57.124+0000] {taskinstance.py:2648} INFO - Exporting env vars: AIRFLOW_CTX_DAG_OWNER='***' AIRFLOW_CTX_DAG_ID='crypto_hourly_pipeline' AIRFLOW_CTX_TASK_ID='ingest_cmc' AIRFLOW_CTX_EXECUTION_DATE='2025-08-12T09:00:00+00:00' AIRFLOW_CTX_TRY_NUMBER='3' AIRFLOW_CTX_DAG_RUN_ID='scheduled__2025-08-12T09:00:00+00:00'
[2025-08-12T16:17:57.125+0000] {taskinstance.py:430} INFO - ::endgroup::
[2025-08-12T16:17:57.138+0000] {subprocess.py:63} INFO - Tmp dir root location: /tmp
[2025-08-12T16:17:57.140+0000] {subprocess.py:75} INFO - Running command: ['/usr/bin/bash', '-c', 'cd /opt/***/project && python ingest_cmc.py']
[2025-08-12T16:17:57.146+0000] {subprocess.py:86} INFO - Output:
[2025-08-12T16:17:57.726+0000] {subprocess.py:93} INFO - 2025-08-12 16:17:57,726 - INFO - Fetching data from CoinMarketCap API...
[2025-08-12T16:17:59.541+0000] {subprocess.py:93} INFO - 2025-08-12 16:17:59,537 - INFO - Successfully fetched 100 cryptocurrencies
[2025-08-12T16:17:59.551+0000] {subprocess.py:93} INFO - 2025-08-12 16:17:59,547 - INFO - Processed 100 records
[2025-08-12T16:17:59.620+0000] {subprocess.py:93} INFO - 2025-08-12 16:17:59,620 - INFO - Successfully inserted 100 records into PostgreSQL
[2025-08-12T16:17:59.624+0000] {subprocess.py:93} INFO - 2025-08-12 16:17:59,620 - INFO - Data ingestion completed successfully!
[2025-08-12T16:17:59.699+0000] {subprocess.py:97} INFO - Command exited with return code 0
[2025-08-12T16:17:59.701+0000] {taskinstance.py:441} INFO - ::group::Post task execution logs
[2025-08-12T16:17:59.748+0000] {taskinstance.py:1206} INFO - Marking task as SUCCESS. dag_id=crypto_hourly_pipeline, task_id=ingest_cmc, run_id=scheduled__2025-08-12T09:00:00+00:00, execution_date=20250812T090000, start_date=20250812T161756, end_date=20250812T161759
[2025-08-12T16:17:59.772+0000] {local_task_job_runner.py:240} INFO - Task exited with return code 0
[2025-08-12T16:17:59.805+0000] {taskinstance.py:3503} INFO - 1 downstream tasks scheduled from follow-on schedule check
[2025-08-12T16:17:59.807+0000] {local_task_job_runner.py:222} INFO - ::endgroup::
