[2025-08-13T14:16:26.576+0000] {local_task_job_runner.py:120} INFO - ::group::Pre task execution logs
[2025-08-13T14:16:26.605+0000] {taskinstance.py:2076} INFO - Dependencies all met for dep_context=non-requeueable deps ti=<TaskInstance: crypto_hourly_pipeline.spark_hourly_change scheduled__2025-08-13T13:00:00+00:00 [queued]>
[2025-08-13T14:16:26.618+0000] {taskinstance.py:2076} INFO - Dependencies all met for dep_context=requeueable deps ti=<TaskInstance: crypto_hourly_pipeline.spark_hourly_change scheduled__2025-08-13T13:00:00+00:00 [queued]>
[2025-08-13T14:16:26.619+0000] {taskinstance.py:2306} INFO - Starting attempt 2 of 3
[2025-08-13T14:16:26.632+0000] {taskinstance.py:2330} INFO - Executing <Task(BashOperator): spark_hourly_change> on 2025-08-13 13:00:00+00:00
[2025-08-13T14:16:26.639+0000] {standard_task_runner.py:90} INFO - Running: ['***', 'tasks', 'run', 'crypto_hourly_pipeline', 'spark_hourly_change', 'scheduled__2025-08-13T13:00:00+00:00', '--job-id', '77', '--raw', '--subdir', 'DAGS_FOLDER/crypto_pipeline.py', '--cfg-path', '/tmp/tmpvstivc0o']
[2025-08-13T14:16:26.644+0000] {standard_task_runner.py:91} INFO - Job 77: Subtask spark_hourly_change
[2025-08-13T14:16:26.644+0000] {logging_mixin.py:188} WARNING - /home/***/.local/lib/python3.12/site-packages/***/task/task_runner/standard_task_runner.py:61 DeprecationWarning: This process (pid=2766) is multi-threaded, use of fork() may lead to deadlocks in the child.
[2025-08-13T14:16:26.646+0000] {standard_task_runner.py:63} INFO - Started process 2767 to run task
[2025-08-13T14:16:26.697+0000] {task_command.py:426} INFO - Running <TaskInstance: crypto_hourly_pipeline.spark_hourly_change scheduled__2025-08-13T13:00:00+00:00 [running]> on host b82b307306f9
[2025-08-13T14:16:26.844+0000] {taskinstance.py:2648} INFO - Exporting env vars: AIRFLOW_CTX_DAG_OWNER='***' AIRFLOW_CTX_DAG_ID='crypto_hourly_pipeline' AIRFLOW_CTX_TASK_ID='spark_hourly_change' AIRFLOW_CTX_EXECUTION_DATE='2025-08-13T13:00:00+00:00' AIRFLOW_CTX_TRY_NUMBER='2' AIRFLOW_CTX_DAG_RUN_ID='scheduled__2025-08-13T13:00:00+00:00'
[2025-08-13T14:16:26.844+0000] {taskinstance.py:430} INFO - ::endgroup::
[2025-08-13T14:16:26.858+0000] {subprocess.py:63} INFO - Tmp dir root location: /tmp
[2025-08-13T14:16:26.861+0000] {subprocess.py:75} INFO - Running command: ['/usr/bin/bash', '-c', 'cd /opt/***/project && python spark_hourly_change.py']
[2025-08-13T14:16:26.875+0000] {subprocess.py:86} INFO - Output:
[2025-08-13T14:16:28.017+0000] {subprocess.py:93} INFO - 2025-08-13 14:16:28,016 - INFO - Starting hourly change calculation...
[2025-08-13T14:16:29.140+0000] {subprocess.py:93} INFO - Setting default log level to "WARN".
[2025-08-13T14:16:29.141+0000] {subprocess.py:93} INFO - To adjust logging level use sc.setLogLevel(newLevel). For SparkR, use setLogLevel(newLevel).
[2025-08-13T14:16:29.330+0000] {subprocess.py:93} INFO - 25/08/13 14:16:29 WARN NativeCodeLoader: Unable to load native-hadoop library for your platform... using builtin-java classes where applicable
[2025-08-13T14:16:29.956+0000] {subprocess.py:93} INFO - 2025-08-13 14:16:29,953 - INFO - Spark session created successfully
[2025-08-13T14:16:30.030+0000] {subprocess.py:93} INFO - 2025-08-13 14:16:30,030 - INFO - Successfully read 500 records from PostgreSQL
[2025-08-13T14:16:33.780+0000] {subprocess.py:93} INFO - [Stage 0:>                                                          (0 + 8) / 8]                                                                                2025-08-13 14:16:33,778 - INFO - Calculated hourly changes for 500 records
[2025-08-13T14:16:34.723+0000] {subprocess.py:93} INFO - 2025-08-13 14:16:34,722 - INFO - Successfully wrote 400 records to ClickHouse
[2025-08-13T14:16:34.726+0000] {subprocess.py:93} INFO - 2025-08-13 14:16:34,723 - INFO - Hourly change calculation completed successfully!
[2025-08-13T14:16:35.642+0000] {subprocess.py:93} INFO - 2025-08-13 14:16:35,641 - INFO - Closing down clientserver connection
[2025-08-13T14:16:36.294+0000] {subprocess.py:97} INFO - Command exited with return code 0
[2025-08-13T14:16:36.297+0000] {taskinstance.py:441} INFO - ::group::Post task execution logs
[2025-08-13T14:16:36.372+0000] {taskinstance.py:1206} INFO - Marking task as SUCCESS. dag_id=crypto_hourly_pipeline, task_id=spark_hourly_change, run_id=scheduled__2025-08-13T13:00:00+00:00, execution_date=20250813T130000, start_date=20250813T141626, end_date=20250813T141636
[2025-08-13T14:16:36.423+0000] {local_task_job_runner.py:240} INFO - Task exited with return code 0
[2025-08-13T14:16:36.448+0000] {taskinstance.py:3503} INFO - 0 downstream tasks scheduled from follow-on schedule check
[2025-08-13T14:16:36.450+0000] {local_task_job_runner.py:222} INFO - ::endgroup::
