[2025-08-14T01:00:00.499+0000] {local_task_job_runner.py:120} INFO - ::group::Pre task execution logs
[2025-08-14T01:00:00.529+0000] {taskinstance.py:2076} INFO - Dependencies all met for dep_context=non-requeueable deps ti=<TaskInstance: crypto_hourly_pipeline.ingest_cmc scheduled__2025-08-14T00:00:00+00:00 [queued]>
[2025-08-14T01:00:00.534+0000] {taskinstance.py:2076} INFO - Dependencies all met for dep_context=requeueable deps ti=<TaskInstance: crypto_hourly_pipeline.ingest_cmc scheduled__2025-08-14T00:00:00+00:00 [queued]>
[2025-08-14T01:00:00.534+0000] {taskinstance.py:2306} INFO - Starting attempt 1 of 2
[2025-08-14T01:00:00.542+0000] {taskinstance.py:2330} INFO - Executing <Task(BashOperator): ingest_cmc> on 2025-08-14 00:00:00+00:00
[2025-08-14T01:00:00.560+0000] {standard_task_runner.py:90} INFO - Running: ['***', 'tasks', 'run', 'crypto_hourly_pipeline', 'ingest_cmc', 'scheduled__2025-08-14T00:00:00+00:00', '--job-id', '115', '--raw', '--subdir', 'DAGS_FOLDER/crypto_pipeline.py', '--cfg-path', '/tmp/tmpmkennruy']
[2025-08-14T01:00:00.566+0000] {standard_task_runner.py:91} INFO - Job 115: Subtask ingest_cmc
[2025-08-14T01:00:00.568+0000] {logging_mixin.py:188} WARNING - /home/***/.local/lib/python3.12/site-packages/***/task/task_runner/standard_task_runner.py:61 DeprecationWarning: This process (pid=6081) is multi-threaded, use of fork() may lead to deadlocks in the child.
[2025-08-14T01:00:00.568+0000] {standard_task_runner.py:63} INFO - Started process 6082 to run task
[2025-08-14T01:00:00.608+0000] {task_command.py:426} INFO - Running <TaskInstance: crypto_hourly_pipeline.ingest_cmc scheduled__2025-08-14T00:00:00+00:00 [running]> on host 26ef60e976b3
[2025-08-14T01:00:00.708+0000] {taskinstance.py:2648} INFO - Exporting env vars: AIRFLOW_CTX_DAG_OWNER='***' AIRFLOW_CTX_DAG_ID='crypto_hourly_pipeline' AIRFLOW_CTX_TASK_ID='ingest_cmc' AIRFLOW_CTX_EXECUTION_DATE='2025-08-14T00:00:00+00:00' AIRFLOW_CTX_TRY_NUMBER='1' AIRFLOW_CTX_DAG_RUN_ID='scheduled__2025-08-14T00:00:00+00:00'
[2025-08-14T01:00:00.709+0000] {taskinstance.py:430} INFO - ::endgroup::
[2025-08-14T01:00:00.735+0000] {subprocess.py:63} INFO - Tmp dir root location: /tmp
[2025-08-14T01:00:00.736+0000] {subprocess.py:75} INFO - Running command: ['/usr/bin/bash', '-c', 'cd /opt/***/project && python ingest_cmc.py']
[2025-08-14T01:00:00.741+0000] {subprocess.py:86} INFO - Output:
[2025-08-14T01:00:01.599+0000] {subprocess.py:93} INFO - 2025-08-14 01:00:01,596 - INFO - Fetching data from CoinMarketCap API...
[2025-08-14T01:00:02.695+0000] {subprocess.py:93} INFO - 2025-08-14 01:00:02,694 - INFO - Successfully fetched 100 cryptocurrencies
[2025-08-14T01:00:02.708+0000] {subprocess.py:93} INFO - 2025-08-14 01:00:02,707 - INFO - Processed 100 records
[2025-08-14T01:00:02.748+0000] {subprocess.py:93} INFO - 2025-08-14 01:00:02,748 - INFO - Successfully inserted 100 records into PostgreSQL
[2025-08-14T01:00:02.749+0000] {subprocess.py:93} INFO - 2025-08-14 01:00:02,748 - INFO - Data ingestion completed successfully!
[2025-08-14T01:00:02.823+0000] {subprocess.py:97} INFO - Command exited with return code 0
[2025-08-14T01:00:02.825+0000] {taskinstance.py:441} INFO - ::group::Post task execution logs
[2025-08-14T01:00:02.888+0000] {taskinstance.py:1206} INFO - Marking task as SUCCESS. dag_id=crypto_hourly_pipeline, task_id=ingest_cmc, run_id=scheduled__2025-08-14T00:00:00+00:00, execution_date=20250814T000000, start_date=20250814T010000, end_date=20250814T010002
[2025-08-14T01:00:02.922+0000] {local_task_job_runner.py:240} INFO - Task exited with return code 0
[2025-08-14T01:00:02.979+0000] {taskinstance.py:3503} INFO - 1 downstream tasks scheduled from follow-on schedule check
[2025-08-14T01:00:02.981+0000] {local_task_job_runner.py:222} INFO - ::endgroup::
