[2025-08-13T18:05:18.036+0000] {local_task_job_runner.py:120} INFO - ::group::Pre task execution logs
[2025-08-13T18:05:18.060+0000] {taskinstance.py:2076} INFO - Dependencies all met for dep_context=non-requeueable deps ti=<TaskInstance: crypto_hourly_pipeline.dbt_hourly_gainers scheduled__2025-08-13T17:00:00+00:00 [queued]>
[2025-08-13T18:05:18.065+0000] {taskinstance.py:2076} INFO - Dependencies all met for dep_context=requeueable deps ti=<TaskInstance: crypto_hourly_pipeline.dbt_hourly_gainers scheduled__2025-08-13T17:00:00+00:00 [queued]>
[2025-08-13T18:05:18.065+0000] {taskinstance.py:2306} INFO - Starting attempt 1 of 2
[2025-08-13T18:05:18.071+0000] {taskinstance.py:2330} INFO - Executing <Task(BashOperator): dbt_hourly_gainers> on 2025-08-13 17:00:00+00:00
[2025-08-13T18:05:18.075+0000] {standard_task_runner.py:90} INFO - Running: ['***', 'tasks', 'run', 'crypto_hourly_pipeline', 'dbt_hourly_gainers', 'scheduled__2025-08-13T17:00:00+00:00', '--job-id', '96', '--raw', '--subdir', 'DAGS_FOLDER/crypto_pipeline.py', '--cfg-path', '/tmp/tmp9s5m5iti']
[2025-08-13T18:05:18.081+0000] {logging_mixin.py:188} WARNING - /home/***/.local/lib/python3.12/site-packages/***/task/task_runner/standard_task_runner.py:61 DeprecationWarning: This process (pid=2831) is multi-threaded, use of fork() may lead to deadlocks in the child.
[2025-08-13T18:05:18.081+0000] {standard_task_runner.py:91} INFO - Job 96: Subtask dbt_hourly_gainers
[2025-08-13T18:05:18.081+0000] {standard_task_runner.py:63} INFO - Started process 2832 to run task
[2025-08-13T18:05:18.114+0000] {task_command.py:426} INFO - Running <TaskInstance: crypto_hourly_pipeline.dbt_hourly_gainers scheduled__2025-08-13T17:00:00+00:00 [running]> on host 26ef60e976b3
[2025-08-13T18:05:18.173+0000] {taskinstance.py:2648} INFO - Exporting env vars: AIRFLOW_CTX_DAG_OWNER='***' AIRFLOW_CTX_DAG_ID='crypto_hourly_pipeline' AIRFLOW_CTX_TASK_ID='dbt_hourly_gainers' AIRFLOW_CTX_EXECUTION_DATE='2025-08-13T17:00:00+00:00' AIRFLOW_CTX_TRY_NUMBER='1' AIRFLOW_CTX_DAG_RUN_ID='scheduled__2025-08-13T17:00:00+00:00'
[2025-08-13T18:05:18.174+0000] {taskinstance.py:430} INFO - ::endgroup::
[2025-08-13T18:05:18.193+0000] {subprocess.py:63} INFO - Tmp dir root location: /tmp
[2025-08-13T18:05:18.194+0000] {subprocess.py:75} INFO - Running command: ['/usr/bin/bash', '-c', 'cd /opt/***/project/dbt && dbt deps && dbt run --select crypto_hourly_gainers']
[2025-08-13T18:05:18.198+0000] {subprocess.py:86} INFO - Output:
[2025-08-13T18:05:19.737+0000] {subprocess.py:93} INFO - [0m18:05:19  Running with dbt=1.7.19
[2025-08-13T18:05:19.793+0000] {subprocess.py:93} INFO - [0m18:05:19  Warning: No packages were found in packages.yml
[2025-08-13T18:05:19.794+0000] {subprocess.py:93} INFO - [0m18:05:19  Warning: No packages were found in packages.yml
[2025-08-13T18:05:21.915+0000] {subprocess.py:93} INFO - [0m18:05:21  Running with dbt=1.7.19
[2025-08-13T18:05:22.017+0000] {subprocess.py:93} INFO - [0m18:05:22  Registered adapter: clickhouse=1.7.7
[2025-08-13T18:05:22.048+0000] {subprocess.py:93} INFO - [0m18:05:22  Found 1 model, 0 sources, 0 exposures, 0 metrics, 429 macros, 0 groups, 0 semantic models
[2025-08-13T18:05:22.049+0000] {subprocess.py:93} INFO - [0m18:05:22
[2025-08-13T18:05:22.384+0000] {subprocess.py:93} INFO - [0m18:05:22  Concurrency: 4 threads (target='dev')
[2025-08-13T18:05:22.385+0000] {subprocess.py:93} INFO - [0m18:05:22
[2025-08-13T18:05:22.391+0000] {subprocess.py:93} INFO - [0m18:05:22  1 of 1 START sql table model `analytics`.`crypto_hourly_gainers` ............... [RUN]
[2025-08-13T18:05:22.477+0000] {subprocess.py:93} INFO - [0m18:05:22  1 of 1 OK created sql table model `analytics`.`crypto_hourly_gainers` .......... [[32mOK[0m in 0.09s]
[2025-08-13T18:05:22.481+0000] {subprocess.py:93} INFO - [0m18:05:22
[2025-08-13T18:05:22.481+0000] {subprocess.py:93} INFO - [0m18:05:22  Finished running 1 table model in 0 hours 0 minutes and 0.43 seconds (0.43s).
[2025-08-13T18:05:22.487+0000] {subprocess.py:93} INFO - [0m18:05:22
[2025-08-13T18:05:22.488+0000] {subprocess.py:93} INFO - [0m18:05:22  [32mCompleted successfully[0m
[2025-08-13T18:05:22.488+0000] {subprocess.py:93} INFO - [0m18:05:22
[2025-08-13T18:05:22.489+0000] {subprocess.py:93} INFO - [0m18:05:22  Done. PASS=1 WARN=0 ERROR=0 SKIP=0 TOTAL=1
[2025-08-13T18:05:23.314+0000] {subprocess.py:97} INFO - Command exited with return code 0
[2025-08-13T18:05:23.316+0000] {taskinstance.py:441} INFO - ::group::Post task execution logs
[2025-08-13T18:05:23.342+0000] {taskinstance.py:1206} INFO - Marking task as SUCCESS. dag_id=crypto_hourly_pipeline, task_id=dbt_hourly_gainers, run_id=scheduled__2025-08-13T17:00:00+00:00, execution_date=20250813T170000, start_date=20250813T180518, end_date=20250813T180523
[2025-08-13T18:05:23.385+0000] {local_task_job_runner.py:240} INFO - Task exited with return code 0
[2025-08-13T18:05:23.398+0000] {taskinstance.py:3503} INFO - 0 downstream tasks scheduled from follow-on schedule check
[2025-08-13T18:05:23.399+0000] {local_task_job_runner.py:222} INFO - ::endgroup::
