[2025-08-14T11:12:21.269+0000] {local_task_job_runner.py:120} INFO - ::group::Pre task execution logs
[2025-08-14T11:12:21.694+0000] {taskinstance.py:2076} INFO - Dependencies all met for dep_context=non-requeueable deps ti=<TaskInstance: crypto_hourly_pipeline.ingest_cmc scheduled__2025-08-14T10:00:00+00:00 [queued]>
[2025-08-14T11:12:21.713+0000] {taskinstance.py:2076} INFO - Dependencies all met for dep_context=requeueable deps ti=<TaskInstance: crypto_hourly_pipeline.ingest_cmc scheduled__2025-08-14T10:00:00+00:00 [queued]>
[2025-08-14T11:12:21.714+0000] {taskinstance.py:2306} INFO - Starting attempt 2 of 3
[2025-08-14T11:12:21.772+0000] {taskinstance.py:2330} INFO - Executing <Task(BashOperator): ingest_cmc> on 2025-08-14 10:00:00+00:00
[2025-08-14T11:12:21.852+0000] {standard_task_runner.py:90} INFO - Running: ['***', 'tasks', 'run', 'crypto_hourly_pipeline', 'ingest_cmc', 'scheduled__2025-08-14T10:00:00+00:00', '--job-id', '147', '--raw', '--subdir', 'DAGS_FOLDER/crypto_pipeline.py', '--cfg-path', '/tmp/tmpq7uvkile']
[2025-08-14T11:12:21.859+0000] {standard_task_runner.py:91} INFO - Job 147: Subtask ingest_cmc
[2025-08-14T11:12:21.950+0000] {logging_mixin.py:188} WARNING - /home/***/.local/lib/python3.12/site-packages/***/task/task_runner/standard_task_runner.py:61 DeprecationWarning: This process (pid=11694) is multi-threaded, use of fork() may lead to deadlocks in the child.
[2025-08-14T11:12:21.951+0000] {standard_task_runner.py:63} INFO - Started process 11695 to run task
[2025-08-14T11:12:22.559+0000] {task_command.py:426} INFO - Running <TaskInstance: crypto_hourly_pipeline.ingest_cmc scheduled__2025-08-14T10:00:00+00:00 [running]> on host 26ef60e976b3
[2025-08-14T11:12:23.266+0000] {taskinstance.py:2648} INFO - Exporting env vars: AIRFLOW_CTX_DAG_OWNER='***' AIRFLOW_CTX_DAG_ID='crypto_hourly_pipeline' AIRFLOW_CTX_TASK_ID='ingest_cmc' AIRFLOW_CTX_EXECUTION_DATE='2025-08-14T10:00:00+00:00' AIRFLOW_CTX_TRY_NUMBER='2' AIRFLOW_CTX_DAG_RUN_ID='scheduled__2025-08-14T10:00:00+00:00'
[2025-08-14T11:12:23.280+0000] {taskinstance.py:430} INFO - ::endgroup::
[2025-08-14T11:12:23.411+0000] {subprocess.py:63} INFO - Tmp dir root location: /tmp
[2025-08-14T11:12:23.426+0000] {subprocess.py:75} INFO - Running command: ['/usr/bin/bash', '-c', 'cd /opt/***/project && python ingest_cmc.py']
[2025-08-14T11:12:23.469+0000] {subprocess.py:86} INFO - Output:
[2025-08-14T11:12:25.357+0000] {subprocess.py:93} INFO - 2025-08-14 11:12:25,356 - INFO - Fetching data from CoinMarketCap API...
[2025-08-14T11:12:26.972+0000] {subprocess.py:93} INFO - 2025-08-14 11:12:26,971 - INFO - Successfully fetched 100 cryptocurrencies
[2025-08-14T11:12:26.974+0000] {subprocess.py:93} INFO - 2025-08-14 11:12:26,973 - INFO - Processed 100 records
[2025-08-14T11:12:27.116+0000] {subprocess.py:93} INFO - 2025-08-14 11:12:27,115 - INFO - Successfully inserted 100 records into PostgreSQL
[2025-08-14T11:12:27.117+0000] {subprocess.py:93} INFO - 2025-08-14 11:12:27,116 - INFO - Data ingestion completed successfully!
[2025-08-14T11:12:27.198+0000] {subprocess.py:97} INFO - Command exited with return code 0
[2025-08-14T11:12:27.202+0000] {taskinstance.py:441} INFO - ::group::Post task execution logs
[2025-08-14T11:12:27.271+0000] {taskinstance.py:1206} INFO - Marking task as SUCCESS. dag_id=crypto_hourly_pipeline, task_id=ingest_cmc, run_id=scheduled__2025-08-14T10:00:00+00:00, execution_date=20250814T100000, start_date=20250814T111221, end_date=20250814T111227
[2025-08-14T11:12:27.352+0000] {local_task_job_runner.py:240} INFO - Task exited with return code 0
[2025-08-14T11:12:27.396+0000] {taskinstance.py:3503} INFO - 1 downstream tasks scheduled from follow-on schedule check
[2025-08-14T11:12:27.396+0000] {local_task_job_runner.py:222} INFO - ::endgroup::
