[2025-08-14T16:04:23.273+0000] {local_task_job_runner.py:120} INFO - ::group::Pre task execution logs
[2025-08-14T16:04:23.478+0000] {taskinstance.py:2076} INFO - Dependencies all met for dep_context=non-requeueable deps ti=<TaskInstance: crypto_hourly_pipeline.spark_hourly_change scheduled__2025-08-14T15:00:00+00:00 [queued]>
[2025-08-14T16:04:23.489+0000] {taskinstance.py:2076} INFO - Dependencies all met for dep_context=requeueable deps ti=<TaskInstance: crypto_hourly_pipeline.spark_hourly_change scheduled__2025-08-14T15:00:00+00:00 [queued]>
[2025-08-14T16:04:23.490+0000] {taskinstance.py:2306} INFO - Starting attempt 1 of 2
[2025-08-14T16:04:23.525+0000] {taskinstance.py:2330} INFO - Executing <Task(BashOperator): spark_hourly_change> on 2025-08-14 15:00:00+00:00
[2025-08-14T16:04:23.573+0000] {standard_task_runner.py:90} INFO - Running: ['***', 'tasks', 'run', 'crypto_hourly_pipeline', 'spark_hourly_change', 'scheduled__2025-08-14T15:00:00+00:00', '--job-id', '166', '--raw', '--subdir', 'DAGS_FOLDER/crypto_pipeline.py', '--cfg-path', '/tmp/tmp39109w75']
[2025-08-14T16:04:23.578+0000] {standard_task_runner.py:91} INFO - Job 166: Subtask spark_hourly_change
[2025-08-14T16:04:23.594+0000] {logging_mixin.py:188} WARNING - /home/***/.local/lib/python3.12/site-packages/***/task/task_runner/standard_task_runner.py:61 DeprecationWarning: This process (pid=15159) is multi-threaded, use of fork() may lead to deadlocks in the child.
[2025-08-14T16:04:23.595+0000] {standard_task_runner.py:63} INFO - Started process 15160 to run task
[2025-08-14T16:04:23.741+0000] {task_command.py:426} INFO - Running <TaskInstance: crypto_hourly_pipeline.spark_hourly_change scheduled__2025-08-14T15:00:00+00:00 [running]> on host 26ef60e976b3
[2025-08-14T16:04:23.956+0000] {taskinstance.py:2648} INFO - Exporting env vars: AIRFLOW_CTX_DAG_OWNER='***' AIRFLOW_CTX_DAG_ID='crypto_hourly_pipeline' AIRFLOW_CTX_TASK_ID='spark_hourly_change' AIRFLOW_CTX_EXECUTION_DATE='2025-08-14T15:00:00+00:00' AIRFLOW_CTX_TRY_NUMBER='1' AIRFLOW_CTX_DAG_RUN_ID='scheduled__2025-08-14T15:00:00+00:00'
[2025-08-14T16:04:23.958+0000] {taskinstance.py:430} INFO - ::endgroup::
[2025-08-14T16:04:23.997+0000] {subprocess.py:63} INFO - Tmp dir root location: /tmp
[2025-08-14T16:04:24.000+0000] {subprocess.py:75} INFO - Running command: ['/usr/bin/bash', '-c', 'cd /opt/***/project && python spark_hourly_change.py']
[2025-08-14T16:04:24.011+0000] {subprocess.py:86} INFO - Output:
[2025-08-14T16:04:27.133+0000] {subprocess.py:93} INFO - 2025-08-14 16:04:27,072 - INFO - Starting hourly change calculation...
[2025-08-14T16:04:45.501+0000] {subprocess.py:93} INFO - Setting default log level to "WARN".
[2025-08-14T16:04:45.587+0000] {subprocess.py:93} INFO - To adjust logging level use sc.setLogLevel(newLevel). For SparkR, use setLogLevel(newLevel).
[2025-08-14T16:04:47.209+0000] {subprocess.py:93} INFO - 25/08/14 16:04:47 WARN NativeCodeLoader: Unable to load native-hadoop library for your platform... using builtin-java classes where applicable
[2025-08-14T16:04:54.884+0000] {subprocess.py:93} INFO - 2025-08-14 16:04:54,865 - INFO - Spark session created successfully
[2025-08-14T16:04:56.066+0000] {subprocess.py:93} INFO - 2025-08-14 16:04:56,064 - INFO - Successfully read 200 records from PostgreSQL
[2025-08-14T16:05:11.214+0000] {subprocess.py:93} INFO - [Stage 0:>                                                          (0 + 0) / 8][Stage 0:>                                                          (0 + 1) / 8][Stage 0:>                                                          (0 + 8) / 8]                                                                                2025-08-14 16:05:11,197 - INFO - Calculated hourly changes for 200 records
[2025-08-14T16:05:14.590+0000] {subprocess.py:93} INFO - [Stage 3:>                                                          (0 + 8) / 8][Stage 5:>                                                          (0 + 1) / 1]                                                                                2025-08-14 16:05:14,578 - INFO - Successfully wrote 100 records to ClickHouse
[2025-08-14T16:05:14.620+0000] {subprocess.py:93} INFO - 2025-08-14 16:05:14,587 - INFO - Hourly change calculation completed successfully!
[2025-08-14T16:05:15.822+0000] {subprocess.py:93} INFO - 2025-08-14 16:05:15,819 - INFO - Closing down clientserver connection
[2025-08-14T16:05:17.084+0000] {subprocess.py:97} INFO - Command exited with return code 0
[2025-08-14T16:05:17.100+0000] {taskinstance.py:441} INFO - ::group::Post task execution logs
[2025-08-14T16:05:17.284+0000] {taskinstance.py:1206} INFO - Marking task as SUCCESS. dag_id=crypto_hourly_pipeline, task_id=spark_hourly_change, run_id=scheduled__2025-08-14T15:00:00+00:00, execution_date=20250814T150000, start_date=20250814T160423, end_date=20250814T160517
[2025-08-14T16:05:17.342+0000] {local_task_job_runner.py:240} INFO - Task exited with return code 0
[2025-08-14T16:05:17.458+0000] {taskinstance.py:3503} INFO - 1 downstream tasks scheduled from follow-on schedule check
[2025-08-14T16:05:17.460+0000] {local_task_job_runner.py:222} INFO - ::endgroup::
