[2025-08-12T15:47:02.278+0000] {local_task_job_runner.py:120} INFO - ::group::Pre task execution logs
[2025-08-12T15:47:02.338+0000] {taskinstance.py:2076} INFO - Dependencies all met for dep_context=non-requeueable deps ti=<TaskInstance: crypto_hourly_pipeline.ingest_cmc scheduled__2025-08-12T14:00:00+00:00 [queued]>
[2025-08-12T15:47:02.345+0000] {taskinstance.py:2076} INFO - Dependencies all met for dep_context=requeueable deps ti=<TaskInstance: crypto_hourly_pipeline.ingest_cmc scheduled__2025-08-12T14:00:00+00:00 [queued]>
[2025-08-12T15:47:02.346+0000] {taskinstance.py:2306} INFO - Starting attempt 3 of 4
[2025-08-12T15:47:02.364+0000] {taskinstance.py:2330} INFO - Executing <Task(BashOperator): ingest_cmc> on 2025-08-12 14:00:00+00:00
[2025-08-12T15:47:02.379+0000] {standard_task_runner.py:90} INFO - Running: ['***', 'tasks', 'run', 'crypto_hourly_pipeline', 'ingest_cmc', 'scheduled__2025-08-12T14:00:00+00:00', '--job-id', '15', '--raw', '--subdir', 'DAGS_FOLDER/crypto_pipeline.py', '--cfg-path', '/tmp/tmpwk6iypz6']
[2025-08-12T15:47:02.381+0000] {standard_task_runner.py:91} INFO - Job 15: Subtask ingest_cmc
[2025-08-12T15:47:02.381+0000] {logging_mixin.py:188} WARNING - /home/***/.local/lib/python3.12/site-packages/***/task/task_runner/standard_task_runner.py:61 DeprecationWarning: This process (pid=198) is multi-threaded, use of fork() may lead to deadlocks in the child.
[2025-08-12T15:47:02.383+0000] {standard_task_runner.py:63} INFO - Started process 204 to run task
[2025-08-12T15:47:02.414+0000] {task_command.py:426} INFO - Running <TaskInstance: crypto_hourly_pipeline.ingest_cmc scheduled__2025-08-12T14:00:00+00:00 [running]> on host 93b3870592ea
[2025-08-12T15:47:02.474+0000] {taskinstance.py:2648} INFO - Exporting env vars: AIRFLOW_CTX_DAG_OWNER='***' AIRFLOW_CTX_DAG_ID='crypto_hourly_pipeline' AIRFLOW_CTX_TASK_ID='ingest_cmc' AIRFLOW_CTX_EXECUTION_DATE='2025-08-12T14:00:00+00:00' AIRFLOW_CTX_TRY_NUMBER='3' AIRFLOW_CTX_DAG_RUN_ID='scheduled__2025-08-12T14:00:00+00:00'
[2025-08-12T15:47:02.474+0000] {taskinstance.py:430} INFO - ::endgroup::
[2025-08-12T15:47:02.499+0000] {subprocess.py:63} INFO - Tmp dir root location: /tmp
[2025-08-12T15:47:02.504+0000] {subprocess.py:75} INFO - Running command: ['/usr/bin/bash', '-c', 'cd /opt/***/project && python ingest_cmc.py']
[2025-08-12T15:47:02.510+0000] {subprocess.py:86} INFO - Output:
[2025-08-12T15:47:03.192+0000] {subprocess.py:93} INFO - 2025-08-12 15:47:03,190 - ERROR - CMC_API_KEY not found in environment variables
[2025-08-12T15:47:03.231+0000] {subprocess.py:97} INFO - Command exited with return code 0
[2025-08-12T15:47:03.232+0000] {taskinstance.py:441} INFO - ::group::Post task execution logs
[2025-08-12T15:47:03.251+0000] {taskinstance.py:1206} INFO - Marking task as SUCCESS. dag_id=crypto_hourly_pipeline, task_id=ingest_cmc, run_id=scheduled__2025-08-12T14:00:00+00:00, execution_date=20250812T140000, start_date=20250812T154702, end_date=20250812T154703
[2025-08-12T15:47:03.264+0000] {local_task_job_runner.py:240} INFO - Task exited with return code 0
[2025-08-12T15:47:03.278+0000] {taskinstance.py:3503} INFO - 1 downstream tasks scheduled from follow-on schedule check
[2025-08-12T15:47:03.279+0000] {local_task_job_runner.py:222} INFO - ::endgroup::
