[2025-08-12T15:53:41.096+0000] {local_task_job_runner.py:120} INFO - ::group::Pre task execution logs
[2025-08-12T15:53:41.161+0000] {taskinstance.py:2076} INFO - Dependencies all met for dep_context=non-requeueable deps ti=<TaskInstance: crypto_hourly_pipeline.ingest_cmc scheduled__2025-08-12T14:00:00+00:00 [queued]>
[2025-08-12T15:53:41.171+0000] {taskinstance.py:2076} INFO - Dependencies all met for dep_context=requeueable deps ti=<TaskInstance: crypto_hourly_pipeline.ingest_cmc scheduled__2025-08-12T14:00:00+00:00 [queued]>
[2025-08-12T15:53:41.171+0000] {taskinstance.py:2306} INFO - Starting attempt 4 of 5
[2025-08-12T15:53:41.185+0000] {taskinstance.py:2330} INFO - Executing <Task(BashOperator): ingest_cmc> on 2025-08-12 14:00:00+00:00
[2025-08-12T15:53:41.197+0000] {logging_mixin.py:188} WARNING - /home/***/.local/lib/python3.12/site-packages/***/task/task_runner/standard_task_runner.py:61 DeprecationWarning: This process (pid=198) is multi-threaded, use of fork() may lead to deadlocks in the child.
[2025-08-12T15:53:41.195+0000] {standard_task_runner.py:90} INFO - Running: ['***', 'tasks', 'run', 'crypto_hourly_pipeline', 'ingest_cmc', 'scheduled__2025-08-12T14:00:00+00:00', '--job-id', '19', '--raw', '--subdir', 'DAGS_FOLDER/crypto_pipeline.py', '--cfg-path', '/tmp/tmpadlnxz9b']
[2025-08-12T15:53:41.199+0000] {standard_task_runner.py:63} INFO - Started process 199 to run task
[2025-08-12T15:53:41.199+0000] {standard_task_runner.py:91} INFO - Job 19: Subtask ingest_cmc
[2025-08-12T15:53:41.259+0000] {task_command.py:426} INFO - Running <TaskInstance: crypto_hourly_pipeline.ingest_cmc scheduled__2025-08-12T14:00:00+00:00 [running]> on host 7f0bde244ce9
[2025-08-12T15:53:41.327+0000] {taskinstance.py:2648} INFO - Exporting env vars: AIRFLOW_CTX_DAG_OWNER='***' AIRFLOW_CTX_DAG_ID='crypto_hourly_pipeline' AIRFLOW_CTX_TASK_ID='ingest_cmc' AIRFLOW_CTX_EXECUTION_DATE='2025-08-12T14:00:00+00:00' AIRFLOW_CTX_TRY_NUMBER='4' AIRFLOW_CTX_DAG_RUN_ID='scheduled__2025-08-12T14:00:00+00:00'
[2025-08-12T15:53:41.328+0000] {taskinstance.py:430} INFO - ::endgroup::
[2025-08-12T15:53:41.343+0000] {subprocess.py:63} INFO - Tmp dir root location: /tmp
[2025-08-12T15:53:41.344+0000] {subprocess.py:75} INFO - Running command: ['/usr/bin/bash', '-c', 'cd /opt/***/project && python ingest_cmc.py']
[2025-08-12T15:53:41.356+0000] {subprocess.py:86} INFO - Output:
[2025-08-12T15:53:42.012+0000] {subprocess.py:93} INFO - 2025-08-12 15:53:42,012 - INFO - Fetching data from CoinMarketCap API...
[2025-08-12T15:53:42.472+0000] {subprocess.py:93} INFO - 2025-08-12 15:53:42,472 - INFO - Successfully fetched 100 cryptocurrencies
[2025-08-12T15:53:42.476+0000] {subprocess.py:93} INFO - 2025-08-12 15:53:42,475 - INFO - Processed 100 records
[2025-08-12T15:53:42.559+0000] {subprocess.py:93} INFO - 2025-08-12 15:53:42,558 - INFO - Successfully inserted 100 records into PostgreSQL
[2025-08-12T15:53:42.560+0000] {subprocess.py:93} INFO - 2025-08-12 15:53:42,559 - INFO - Data ingestion completed successfully!
[2025-08-12T15:53:42.720+0000] {subprocess.py:97} INFO - Command exited with return code 0
[2025-08-12T15:53:42.726+0000] {taskinstance.py:441} INFO - ::group::Post task execution logs
[2025-08-12T15:53:42.806+0000] {taskinstance.py:1206} INFO - Marking task as SUCCESS. dag_id=crypto_hourly_pipeline, task_id=ingest_cmc, run_id=scheduled__2025-08-12T14:00:00+00:00, execution_date=20250812T140000, start_date=20250812T155341, end_date=20250812T155342
[2025-08-12T15:53:42.875+0000] {local_task_job_runner.py:240} INFO - Task exited with return code 0
[2025-08-12T15:53:42.927+0000] {local_task_job_runner.py:222} INFO - ::endgroup::
