[2025-08-14T12:05:47.974+0000] {local_task_job_runner.py:120} INFO - ::group::Pre task execution logs
[2025-08-14T12:05:48.053+0000] {taskinstance.py:2076} INFO - Dependencies all met for dep_context=non-requeueable deps ti=<TaskInstance: crypto_hourly_pipeline.dbt_hourly_gainers scheduled__2025-08-14T11:00:00+00:00 [queued]>
[2025-08-14T12:05:48.065+0000] {taskinstance.py:2076} INFO - Dependencies all met for dep_context=requeueable deps ti=<TaskInstance: crypto_hourly_pipeline.dbt_hourly_gainers scheduled__2025-08-14T11:00:00+00:00 [queued]>
[2025-08-14T12:05:48.065+0000] {taskinstance.py:2306} INFO - Starting attempt 1 of 2
[2025-08-14T12:05:48.081+0000] {taskinstance.py:2330} INFO - Executing <Task(BashOperator): dbt_hourly_gainers> on 2025-08-14 11:00:00+00:00
[2025-08-14T12:05:48.094+0000] {standard_task_runner.py:90} INFO - Running: ['***', 'tasks', 'run', 'crypto_hourly_pipeline', 'dbt_hourly_gainers', 'scheduled__2025-08-14T11:00:00+00:00', '--job-id', '153', '--raw', '--subdir', 'DAGS_FOLDER/crypto_pipeline.py', '--cfg-path', '/tmp/tmp_amzpfjt']
[2025-08-14T12:05:48.098+0000] {standard_task_runner.py:91} INFO - Job 153: Subtask dbt_hourly_gainers
[2025-08-14T12:05:48.106+0000] {logging_mixin.py:188} WARNING - /home/***/.local/lib/python3.12/site-packages/***/task/task_runner/standard_task_runner.py:61 DeprecationWarning: This process (pid=12998) is multi-threaded, use of fork() may lead to deadlocks in the child.
[2025-08-14T12:05:48.107+0000] {standard_task_runner.py:63} INFO - Started process 12999 to run task
[2025-08-14T12:05:48.169+0000] {task_command.py:426} INFO - Running <TaskInstance: crypto_hourly_pipeline.dbt_hourly_gainers scheduled__2025-08-14T11:00:00+00:00 [running]> on host 26ef60e976b3
[2025-08-14T12:05:48.286+0000] {taskinstance.py:2648} INFO - Exporting env vars: AIRFLOW_CTX_DAG_OWNER='***' AIRFLOW_CTX_DAG_ID='crypto_hourly_pipeline' AIRFLOW_CTX_TASK_ID='dbt_hourly_gainers' AIRFLOW_CTX_EXECUTION_DATE='2025-08-14T11:00:00+00:00' AIRFLOW_CTX_TRY_NUMBER='1' AIRFLOW_CTX_DAG_RUN_ID='scheduled__2025-08-14T11:00:00+00:00'
[2025-08-14T12:05:48.287+0000] {taskinstance.py:430} INFO - ::endgroup::
[2025-08-14T12:05:48.315+0000] {subprocess.py:63} INFO - Tmp dir root location: /tmp
[2025-08-14T12:05:48.323+0000] {subprocess.py:75} INFO - Running command: ['/usr/bin/bash', '-c', 'cd /opt/***/project/dbt && dbt deps && dbt run --select crypto_hourly_gainers']
[2025-08-14T12:05:48.332+0000] {subprocess.py:86} INFO - Output:
[2025-08-14T12:05:51.290+0000] {subprocess.py:93} INFO - [0m12:05:51  Running with dbt=1.7.19
[2025-08-14T12:05:51.418+0000] {subprocess.py:93} INFO - [0m12:05:51  Warning: No packages were found in packages.yml
[2025-08-14T12:05:51.420+0000] {subprocess.py:93} INFO - [0m12:05:51  Warning: No packages were found in packages.yml
[2025-08-14T12:05:54.968+0000] {subprocess.py:93} INFO - [0m12:05:54  Running with dbt=1.7.19
[2025-08-14T12:05:55.106+0000] {subprocess.py:93} INFO - [0m12:05:55  Registered adapter: clickhouse=1.7.7
[2025-08-14T12:05:55.181+0000] {subprocess.py:93} INFO - [0m12:05:55  Found 1 model, 0 sources, 0 exposures, 0 metrics, 429 macros, 0 groups, 0 semantic models
[2025-08-14T12:05:55.184+0000] {subprocess.py:93} INFO - [0m12:05:55
[2025-08-14T12:05:56.287+0000] {subprocess.py:93} INFO - [0m12:05:56  Concurrency: 4 threads (target='dev')
[2025-08-14T12:05:56.290+0000] {subprocess.py:93} INFO - [0m12:05:56
[2025-08-14T12:05:56.303+0000] {subprocess.py:93} INFO - [0m12:05:56  1 of 1 START sql table model `analytics`.`crypto_hourly_gainers` ............... [RUN]
[2025-08-14T12:05:56.474+0000] {subprocess.py:93} INFO - [0m12:05:56  1 of 1 OK created sql table model `analytics`.`crypto_hourly_gainers` .......... [[32mOK[0m in 0.17s]
[2025-08-14T12:05:56.479+0000] {subprocess.py:93} INFO - [0m12:05:56
[2025-08-14T12:05:56.480+0000] {subprocess.py:93} INFO - [0m12:05:56  Finished running 1 table model in 0 hours 0 minutes and 1.29 seconds (1.29s).
[2025-08-14T12:05:56.489+0000] {subprocess.py:93} INFO - [0m12:05:56
[2025-08-14T12:05:56.490+0000] {subprocess.py:93} INFO - [0m12:05:56  [32mCompleted successfully[0m
[2025-08-14T12:05:56.490+0000] {subprocess.py:93} INFO - [0m12:05:56
[2025-08-14T12:05:56.491+0000] {subprocess.py:93} INFO - [0m12:05:56  Done. PASS=1 WARN=0 ERROR=0 SKIP=0 TOTAL=1
[2025-08-14T12:05:58.207+0000] {subprocess.py:97} INFO - Command exited with return code 0
[2025-08-14T12:05:58.214+0000] {taskinstance.py:441} INFO - ::group::Post task execution logs
[2025-08-14T12:05:58.370+0000] {taskinstance.py:1206} INFO - Marking task as SUCCESS. dag_id=crypto_hourly_pipeline, task_id=dbt_hourly_gainers, run_id=scheduled__2025-08-14T11:00:00+00:00, execution_date=20250814T110000, start_date=20250814T120548, end_date=20250814T120558
[2025-08-14T12:05:58.413+0000] {local_task_job_runner.py:240} INFO - Task exited with return code 0
[2025-08-14T12:05:58.463+0000] {taskinstance.py:3503} INFO - 0 downstream tasks scheduled from follow-on schedule check
[2025-08-14T12:05:58.465+0000] {local_task_job_runner.py:222} INFO - ::endgroup::
