[2025-08-14T14:05:31.158+0000] {local_task_job_runner.py:120} INFO - ::group::Pre task execution logs
[2025-08-14T14:05:31.241+0000] {taskinstance.py:2076} INFO - Dependencies all met for dep_context=non-requeueable deps ti=<TaskInstance: crypto_hourly_pipeline.spark_hourly_change scheduled__2025-08-14T13:00:00+00:00 [queued]>
[2025-08-14T14:05:31.247+0000] {taskinstance.py:2076} INFO - Dependencies all met for dep_context=requeueable deps ti=<TaskInstance: crypto_hourly_pipeline.spark_hourly_change scheduled__2025-08-14T13:00:00+00:00 [queued]>
[2025-08-14T14:05:31.247+0000] {taskinstance.py:2306} INFO - Starting attempt 2 of 2
[2025-08-14T14:05:31.257+0000] {taskinstance.py:2330} INFO - Executing <Task(BashOperator): spark_hourly_change> on 2025-08-14 13:00:00+00:00
[2025-08-14T14:05:31.264+0000] {standard_task_runner.py:90} INFO - Running: ['***', 'tasks', 'run', 'crypto_hourly_pipeline', 'spark_hourly_change', 'scheduled__2025-08-14T13:00:00+00:00', '--job-id', '159', '--raw', '--subdir', 'DAGS_FOLDER/crypto_pipeline.py', '--cfg-path', '/tmp/tmpodl5mw37']
[2025-08-14T14:05:31.266+0000] {standard_task_runner.py:91} INFO - Job 159: Subtask spark_hourly_change
[2025-08-14T14:05:31.283+0000] {logging_mixin.py:188} WARNING - /home/***/.local/lib/python3.12/site-packages/***/task/task_runner/standard_task_runner.py:61 DeprecationWarning: This process (pid=14432) is multi-threaded, use of fork() may lead to deadlocks in the child.
[2025-08-14T14:05:31.286+0000] {standard_task_runner.py:63} INFO - Started process 14433 to run task
[2025-08-14T14:05:31.305+0000] {task_command.py:426} INFO - Running <TaskInstance: crypto_hourly_pipeline.spark_hourly_change scheduled__2025-08-14T13:00:00+00:00 [running]> on host 26ef60e976b3
[2025-08-14T14:05:31.394+0000] {taskinstance.py:2648} INFO - Exporting env vars: AIRFLOW_CTX_DAG_OWNER='***' AIRFLOW_CTX_DAG_ID='crypto_hourly_pipeline' AIRFLOW_CTX_TASK_ID='spark_hourly_change' AIRFLOW_CTX_EXECUTION_DATE='2025-08-14T13:00:00+00:00' AIRFLOW_CTX_TRY_NUMBER='2' AIRFLOW_CTX_DAG_RUN_ID='scheduled__2025-08-14T13:00:00+00:00'
[2025-08-14T14:05:31.395+0000] {taskinstance.py:430} INFO - ::endgroup::
[2025-08-14T14:05:31.412+0000] {subprocess.py:63} INFO - Tmp dir root location: /tmp
[2025-08-14T14:05:31.415+0000] {subprocess.py:75} INFO - Running command: ['/usr/bin/bash', '-c', 'cd /opt/***/project && python spark_hourly_change.py']
[2025-08-14T14:05:31.421+0000] {subprocess.py:86} INFO - Output:
[2025-08-14T14:05:32.838+0000] {subprocess.py:93} INFO - 2025-08-14 14:05:32,837 - INFO - Starting hourly change calculation...
[2025-08-14T14:05:34.546+0000] {subprocess.py:93} INFO - Setting default log level to "WARN".
[2025-08-14T14:05:34.553+0000] {subprocess.py:93} INFO - To adjust logging level use sc.setLogLevel(newLevel). For SparkR, use setLogLevel(newLevel).
[2025-08-14T14:05:34.808+0000] {subprocess.py:93} INFO - 25/08/14 14:05:34 WARN NativeCodeLoader: Unable to load native-hadoop library for your platform... using builtin-java classes where applicable
[2025-08-14T14:05:36.409+0000] {subprocess.py:93} INFO - 2025-08-14 14:05:36,408 - INFO - Spark session created successfully
[2025-08-14T14:05:36.587+0000] {subprocess.py:93} INFO - 2025-08-14 14:05:36,587 - INFO - Successfully read 200 records from PostgreSQL
[2025-08-14T14:05:41.757+0000] {subprocess.py:93} INFO - [Stage 0:>                                                          (0 + 8) / 8]                                                                                2025-08-14 14:05:41,749 - INFO - Calculated hourly changes for 200 records
[2025-08-14T14:05:43.199+0000] {subprocess.py:93} INFO - 2025-08-14 14:05:43,197 - INFO - Successfully wrote 99 records to ClickHouse
[2025-08-14T14:05:43.220+0000] {subprocess.py:93} INFO - 2025-08-14 14:05:43,198 - INFO - Hourly change calculation completed successfully!
[2025-08-14T14:05:43.924+0000] {subprocess.py:93} INFO - 2025-08-14 14:05:43,923 - INFO - Closing down clientserver connection
[2025-08-14T14:05:44.598+0000] {subprocess.py:97} INFO - Command exited with return code 0
[2025-08-14T14:05:44.616+0000] {taskinstance.py:441} INFO - ::group::Post task execution logs
[2025-08-14T14:05:44.755+0000] {taskinstance.py:1206} INFO - Marking task as SUCCESS. dag_id=crypto_hourly_pipeline, task_id=spark_hourly_change, run_id=scheduled__2025-08-14T13:00:00+00:00, execution_date=20250814T130000, start_date=20250814T140531, end_date=20250814T140544
[2025-08-14T14:05:44.805+0000] {local_task_job_runner.py:240} INFO - Task exited with return code 0
[2025-08-14T14:05:44.919+0000] {taskinstance.py:3503} INFO - 1 downstream tasks scheduled from follow-on schedule check
[2025-08-14T14:05:44.925+0000] {local_task_job_runner.py:222} INFO - ::endgroup::
