[2025-08-13T21:01:38.201+0000] {local_task_job_runner.py:120} INFO - ::group::Pre task execution logs
[2025-08-13T21:01:38.286+0000] {taskinstance.py:2076} INFO - Dependencies all met for dep_context=non-requeueable deps ti=<TaskInstance: crypto_hourly_pipeline.dbt_hourly_gainers scheduled__2025-08-13T20:00:00+00:00 [queued]>
[2025-08-13T21:01:38.293+0000] {taskinstance.py:2076} INFO - Dependencies all met for dep_context=requeueable deps ti=<TaskInstance: crypto_hourly_pipeline.dbt_hourly_gainers scheduled__2025-08-13T20:00:00+00:00 [queued]>
[2025-08-13T21:01:38.294+0000] {taskinstance.py:2306} INFO - Starting attempt 1 of 2
[2025-08-13T21:01:38.306+0000] {taskinstance.py:2330} INFO - Executing <Task(BashOperator): dbt_hourly_gainers> on 2025-08-13 20:00:00+00:00
[2025-08-13T21:01:38.311+0000] {standard_task_runner.py:90} INFO - Running: ['***', 'tasks', 'run', 'crypto_hourly_pipeline', 'dbt_hourly_gainers', 'scheduled__2025-08-13T20:00:00+00:00', '--job-id', '105', '--raw', '--subdir', 'DAGS_FOLDER/crypto_pipeline.py', '--cfg-path', '/tmp/tmp_janq5mz']
[2025-08-13T21:01:38.318+0000] {standard_task_runner.py:91} INFO - Job 105: Subtask dbt_hourly_gainers
[2025-08-13T21:01:38.322+0000] {logging_mixin.py:188} WARNING - /home/***/.local/lib/python3.12/site-packages/***/task/task_runner/standard_task_runner.py:61 DeprecationWarning: This process (pid=4285) is multi-threaded, use of fork() may lead to deadlocks in the child.
[2025-08-13T21:01:38.323+0000] {standard_task_runner.py:63} INFO - Started process 4286 to run task
[2025-08-13T21:01:38.382+0000] {task_command.py:426} INFO - Running <TaskInstance: crypto_hourly_pipeline.dbt_hourly_gainers scheduled__2025-08-13T20:00:00+00:00 [running]> on host 26ef60e976b3
[2025-08-13T21:01:38.476+0000] {taskinstance.py:2648} INFO - Exporting env vars: AIRFLOW_CTX_DAG_OWNER='***' AIRFLOW_CTX_DAG_ID='crypto_hourly_pipeline' AIRFLOW_CTX_TASK_ID='dbt_hourly_gainers' AIRFLOW_CTX_EXECUTION_DATE='2025-08-13T20:00:00+00:00' AIRFLOW_CTX_TRY_NUMBER='1' AIRFLOW_CTX_DAG_RUN_ID='scheduled__2025-08-13T20:00:00+00:00'
[2025-08-13T21:01:38.477+0000] {taskinstance.py:430} INFO - ::endgroup::
[2025-08-13T21:01:38.498+0000] {subprocess.py:63} INFO - Tmp dir root location: /tmp
[2025-08-13T21:01:38.500+0000] {subprocess.py:75} INFO - Running command: ['/usr/bin/bash', '-c', 'cd /opt/***/project/dbt && dbt deps && dbt run --select crypto_hourly_gainers']
[2025-08-13T21:01:38.507+0000] {subprocess.py:86} INFO - Output:
[2025-08-13T21:01:40.753+0000] {subprocess.py:93} INFO - [0m21:01:40  Running with dbt=1.7.19
[2025-08-13T21:01:40.880+0000] {subprocess.py:93} INFO - [0m21:01:40  Warning: No packages were found in packages.yml
[2025-08-13T21:01:40.882+0000] {subprocess.py:93} INFO - [0m21:01:40  Warning: No packages were found in packages.yml
[2025-08-13T21:01:44.119+0000] {subprocess.py:93} INFO - [0m21:01:44  Running with dbt=1.7.19
[2025-08-13T21:01:44.256+0000] {subprocess.py:93} INFO - [0m21:01:44  Registered adapter: clickhouse=1.7.7
[2025-08-13T21:01:44.309+0000] {subprocess.py:93} INFO - [0m21:01:44  Found 1 model, 0 sources, 0 exposures, 0 metrics, 429 macros, 0 groups, 0 semantic models
[2025-08-13T21:01:44.312+0000] {subprocess.py:93} INFO - [0m21:01:44
[2025-08-13T21:01:45.094+0000] {subprocess.py:93} INFO - [0m21:01:45  Concurrency: 4 threads (target='dev')
[2025-08-13T21:01:45.096+0000] {subprocess.py:93} INFO - [0m21:01:45
[2025-08-13T21:01:45.106+0000] {subprocess.py:93} INFO - [0m21:01:45  1 of 1 START sql table model `analytics`.`crypto_hourly_gainers` ............... [RUN]
[2025-08-13T21:01:45.231+0000] {subprocess.py:93} INFO - [0m21:01:45  1 of 1 OK created sql table model `analytics`.`crypto_hourly_gainers` .......... [[32mOK[0m in 0.12s]
[2025-08-13T21:01:45.237+0000] {subprocess.py:93} INFO - [0m21:01:45
[2025-08-13T21:01:45.237+0000] {subprocess.py:93} INFO - [0m21:01:45  Finished running 1 table model in 0 hours 0 minutes and 0.92 seconds (0.92s).
[2025-08-13T21:01:45.248+0000] {subprocess.py:93} INFO - [0m21:01:45
[2025-08-13T21:01:45.249+0000] {subprocess.py:93} INFO - [0m21:01:45  [32mCompleted successfully[0m
[2025-08-13T21:01:45.249+0000] {subprocess.py:93} INFO - [0m21:01:45
[2025-08-13T21:01:45.250+0000] {subprocess.py:93} INFO - [0m21:01:45  Done. PASS=1 WARN=0 ERROR=0 SKIP=0 TOTAL=1
[2025-08-13T21:01:46.223+0000] {subprocess.py:97} INFO - Command exited with return code 0
[2025-08-13T21:01:46.226+0000] {taskinstance.py:441} INFO - ::group::Post task execution logs
[2025-08-13T21:01:46.335+0000] {taskinstance.py:1206} INFO - Marking task as SUCCESS. dag_id=crypto_hourly_pipeline, task_id=dbt_hourly_gainers, run_id=scheduled__2025-08-13T20:00:00+00:00, execution_date=20250813T200000, start_date=20250813T210138, end_date=20250813T210146
[2025-08-13T21:01:46.389+0000] {local_task_job_runner.py:240} INFO - Task exited with return code 0
[2025-08-13T21:01:46.434+0000] {taskinstance.py:3503} INFO - 0 downstream tasks scheduled from follow-on schedule check
[2025-08-13T21:01:46.436+0000] {local_task_job_runner.py:222} INFO - ::endgroup::
