[2025-08-13T17:00:03.776+0000] {local_task_job_runner.py:120} INFO - ::group::Pre task execution logs
[2025-08-13T17:00:03.800+0000] {taskinstance.py:2076} INFO - Dependencies all met for dep_context=non-requeueable deps ti=<TaskInstance: crypto_hourly_pipeline.spark_hourly_change scheduled__2025-08-13T16:00:00+00:00 [queued]>
[2025-08-13T17:00:03.806+0000] {taskinstance.py:2076} INFO - Dependencies all met for dep_context=requeueable deps ti=<TaskInstance: crypto_hourly_pipeline.spark_hourly_change scheduled__2025-08-13T16:00:00+00:00 [queued]>
[2025-08-13T17:00:03.806+0000] {taskinstance.py:2306} INFO - Starting attempt 1 of 2
[2025-08-13T17:00:03.812+0000] {taskinstance.py:2330} INFO - Executing <Task(BashOperator): spark_hourly_change> on 2025-08-13 16:00:00+00:00
[2025-08-13T17:00:03.816+0000] {standard_task_runner.py:90} INFO - Running: ['***', 'tasks', 'run', 'crypto_hourly_pipeline', 'spark_hourly_change', 'scheduled__2025-08-13T16:00:00+00:00', '--job-id', '92', '--raw', '--subdir', 'DAGS_FOLDER/crypto_pipeline.py', '--cfg-path', '/tmp/tmp18u2uc8a']
[2025-08-13T17:00:03.821+0000] {standard_task_runner.py:91} INFO - Job 92: Subtask spark_hourly_change
[2025-08-13T17:00:03.821+0000] {logging_mixin.py:188} WARNING - /home/***/.local/lib/python3.12/site-packages/***/task/task_runner/standard_task_runner.py:61 DeprecationWarning: This process (pid=1982) is multi-threaded, use of fork() may lead to deadlocks in the child.
[2025-08-13T17:00:03.823+0000] {standard_task_runner.py:63} INFO - Started process 1983 to run task
[2025-08-13T17:00:03.879+0000] {task_command.py:426} INFO - Running <TaskInstance: crypto_hourly_pipeline.spark_hourly_change scheduled__2025-08-13T16:00:00+00:00 [running]> on host 26ef60e976b3
[2025-08-13T17:00:03.937+0000] {taskinstance.py:2648} INFO - Exporting env vars: AIRFLOW_CTX_DAG_OWNER='***' AIRFLOW_CTX_DAG_ID='crypto_hourly_pipeline' AIRFLOW_CTX_TASK_ID='spark_hourly_change' AIRFLOW_CTX_EXECUTION_DATE='2025-08-13T16:00:00+00:00' AIRFLOW_CTX_TRY_NUMBER='1' AIRFLOW_CTX_DAG_RUN_ID='scheduled__2025-08-13T16:00:00+00:00'
[2025-08-13T17:00:03.938+0000] {taskinstance.py:430} INFO - ::endgroup::
[2025-08-13T17:00:03.949+0000] {subprocess.py:63} INFO - Tmp dir root location: /tmp
[2025-08-13T17:00:03.950+0000] {subprocess.py:75} INFO - Running command: ['/usr/bin/bash', '-c', 'cd /opt/***/project && python spark_hourly_change.py']
[2025-08-13T17:00:03.957+0000] {subprocess.py:86} INFO - Output:
[2025-08-13T17:00:04.714+0000] {subprocess.py:93} INFO - 2025-08-13 17:00:04,713 - INFO - Starting hourly change calculation...
[2025-08-13T17:00:06.083+0000] {subprocess.py:93} INFO - Setting default log level to "WARN".
[2025-08-13T17:00:06.094+0000] {subprocess.py:93} INFO - To adjust logging level use sc.setLogLevel(newLevel). For SparkR, use setLogLevel(newLevel).
[2025-08-13T17:00:06.268+0000] {subprocess.py:93} INFO - 25/08/13 17:00:06 WARN NativeCodeLoader: Unable to load native-hadoop library for your platform... using builtin-java classes where applicable
[2025-08-13T17:00:07.152+0000] {subprocess.py:93} INFO - 2025-08-13 17:00:07,151 - INFO - Spark session created successfully
[2025-08-13T17:00:07.283+0000] {subprocess.py:93} INFO - 2025-08-13 17:00:07,282 - INFO - Successfully read 200 records from PostgreSQL
[2025-08-13T17:00:12.267+0000] {subprocess.py:93} INFO - [Stage 0:>                                                          (0 + 8) / 8]                                                                                2025-08-13 17:00:12,265 - INFO - Calculated hourly changes for 200 records
[2025-08-13T17:00:13.013+0000] {subprocess.py:93} INFO - 2025-08-13 17:00:13,013 - INFO - Successfully wrote 100 records to ClickHouse
[2025-08-13T17:00:13.014+0000] {subprocess.py:93} INFO - 2025-08-13 17:00:13,013 - INFO - Hourly change calculation completed successfully!
[2025-08-13T17:00:13.934+0000] {subprocess.py:93} INFO - 2025-08-13 17:00:13,932 - INFO - Closing down clientserver connection
[2025-08-13T17:00:14.547+0000] {subprocess.py:97} INFO - Command exited with return code 0
[2025-08-13T17:00:14.550+0000] {taskinstance.py:441} INFO - ::group::Post task execution logs
[2025-08-13T17:00:14.622+0000] {taskinstance.py:1206} INFO - Marking task as SUCCESS. dag_id=crypto_hourly_pipeline, task_id=spark_hourly_change, run_id=scheduled__2025-08-13T16:00:00+00:00, execution_date=20250813T160000, start_date=20250813T170003, end_date=20250813T170014
[2025-08-13T17:00:14.668+0000] {local_task_job_runner.py:240} INFO - Task exited with return code 0
[2025-08-13T17:00:14.703+0000] {taskinstance.py:3503} INFO - 1 downstream tasks scheduled from follow-on schedule check
[2025-08-13T17:00:14.704+0000] {local_task_job_runner.py:222} INFO - ::endgroup::
