[2025-08-14T00:07:55.423+0000] {local_task_job_runner.py:120} INFO - ::group::Pre task execution logs
[2025-08-14T00:07:55.476+0000] {taskinstance.py:2076} INFO - Dependencies all met for dep_context=non-requeueable deps ti=<TaskInstance: crypto_hourly_pipeline.ingest_cmc scheduled__2025-08-13T23:00:00+00:00 [queued]>
[2025-08-14T00:07:55.483+0000] {taskinstance.py:2076} INFO - Dependencies all met for dep_context=requeueable deps ti=<TaskInstance: crypto_hourly_pipeline.ingest_cmc scheduled__2025-08-13T23:00:00+00:00 [queued]>
[2025-08-14T00:07:55.483+0000] {taskinstance.py:2306} INFO - Starting attempt 1 of 2
[2025-08-14T00:07:55.493+0000] {taskinstance.py:2330} INFO - Executing <Task(BashOperator): ingest_cmc> on 2025-08-13 23:00:00+00:00
[2025-08-14T00:07:55.518+0000] {logging_mixin.py:188} WARNING - /home/***/.local/lib/python3.12/site-packages/***/task/task_runner/standard_task_runner.py:61 DeprecationWarning: This process (pid=5770) is multi-threaded, use of fork() may lead to deadlocks in the child.
[2025-08-14T00:07:55.510+0000] {standard_task_runner.py:90} INFO - Running: ['***', 'tasks', 'run', 'crypto_hourly_pipeline', 'ingest_cmc', 'scheduled__2025-08-13T23:00:00+00:00', '--job-id', '112', '--raw', '--subdir', 'DAGS_FOLDER/crypto_pipeline.py', '--cfg-path', '/tmp/tmp1tye8zp6']
[2025-08-14T00:07:55.524+0000] {standard_task_runner.py:91} INFO - Job 112: Subtask ingest_cmc
[2025-08-14T00:07:55.523+0000] {standard_task_runner.py:63} INFO - Started process 5774 to run task
[2025-08-14T00:07:55.604+0000] {task_command.py:426} INFO - Running <TaskInstance: crypto_hourly_pipeline.ingest_cmc scheduled__2025-08-13T23:00:00+00:00 [running]> on host 26ef60e976b3
[2025-08-14T00:07:55.705+0000] {taskinstance.py:2648} INFO - Exporting env vars: AIRFLOW_CTX_DAG_OWNER='***' AIRFLOW_CTX_DAG_ID='crypto_hourly_pipeline' AIRFLOW_CTX_TASK_ID='ingest_cmc' AIRFLOW_CTX_EXECUTION_DATE='2025-08-13T23:00:00+00:00' AIRFLOW_CTX_TRY_NUMBER='1' AIRFLOW_CTX_DAG_RUN_ID='scheduled__2025-08-13T23:00:00+00:00'
[2025-08-14T00:07:55.706+0000] {taskinstance.py:430} INFO - ::endgroup::
[2025-08-14T00:07:55.717+0000] {subprocess.py:63} INFO - Tmp dir root location: /tmp
[2025-08-14T00:07:55.718+0000] {subprocess.py:75} INFO - Running command: ['/usr/bin/bash', '-c', 'cd /opt/***/project && python ingest_cmc.py']
[2025-08-14T00:07:55.723+0000] {subprocess.py:86} INFO - Output:
[2025-08-14T00:07:56.276+0000] {subprocess.py:93} INFO - 2025-08-14 00:07:56,274 - INFO - Fetching data from CoinMarketCap API...
[2025-08-14T00:07:56.829+0000] {subprocess.py:93} INFO - 2025-08-14 00:07:56,828 - INFO - Successfully fetched 100 cryptocurrencies
[2025-08-14T00:07:56.833+0000] {subprocess.py:93} INFO - 2025-08-14 00:07:56,832 - INFO - Processed 100 records
[2025-08-14T00:07:56.871+0000] {subprocess.py:93} INFO - 2025-08-14 00:07:56,871 - INFO - Successfully inserted 100 records into PostgreSQL
[2025-08-14T00:07:56.872+0000] {subprocess.py:93} INFO - 2025-08-14 00:07:56,871 - INFO - Data ingestion completed successfully!
[2025-08-14T00:07:56.905+0000] {subprocess.py:97} INFO - Command exited with return code 0
[2025-08-14T00:07:56.906+0000] {taskinstance.py:441} INFO - ::group::Post task execution logs
[2025-08-14T00:07:56.936+0000] {taskinstance.py:1206} INFO - Marking task as SUCCESS. dag_id=crypto_hourly_pipeline, task_id=ingest_cmc, run_id=scheduled__2025-08-13T23:00:00+00:00, execution_date=20250813T230000, start_date=20250814T000755, end_date=20250814T000756
[2025-08-14T00:07:56.985+0000] {local_task_job_runner.py:240} INFO - Task exited with return code 0
[2025-08-14T00:07:57.031+0000] {taskinstance.py:3503} INFO - 1 downstream tasks scheduled from follow-on schedule check
[2025-08-14T00:07:57.033+0000] {local_task_job_runner.py:222} INFO - ::endgroup::
