[2025-08-14T02:07:03.298+0000] {local_task_job_runner.py:120} INFO - ::group::Pre task execution logs
[2025-08-14T02:07:03.330+0000] {taskinstance.py:2076} INFO - Dependencies all met for dep_context=non-requeueable deps ti=<TaskInstance: crypto_hourly_pipeline.dbt_hourly_gainers scheduled__2025-08-14T01:00:00+00:00 [queued]>
[2025-08-14T02:07:03.339+0000] {taskinstance.py:2076} INFO - Dependencies all met for dep_context=requeueable deps ti=<TaskInstance: crypto_hourly_pipeline.dbt_hourly_gainers scheduled__2025-08-14T01:00:00+00:00 [queued]>
[2025-08-14T02:07:03.339+0000] {taskinstance.py:2306} INFO - Starting attempt 1 of 2
[2025-08-14T02:07:03.347+0000] {taskinstance.py:2330} INFO - Executing <Task(BashOperator): dbt_hourly_gainers> on 2025-08-14 01:00:00+00:00
[2025-08-14T02:07:03.355+0000] {logging_mixin.py:188} WARNING - /home/***/.local/lib/python3.12/site-packages/***/task/task_runner/standard_task_runner.py:61 DeprecationWarning: This process (pid=6916) is multi-threaded, use of fork() may lead to deadlocks in the child.
[2025-08-14T02:07:03.352+0000] {standard_task_runner.py:90} INFO - Running: ['***', 'tasks', 'run', 'crypto_hourly_pipeline', 'dbt_hourly_gainers', 'scheduled__2025-08-14T01:00:00+00:00', '--job-id', '121', '--raw', '--subdir', 'DAGS_FOLDER/crypto_pipeline.py', '--cfg-path', '/tmp/tmpr0m6r5j7']
[2025-08-14T02:07:03.356+0000] {standard_task_runner.py:91} INFO - Job 121: Subtask dbt_hourly_gainers
[2025-08-14T02:07:03.355+0000] {standard_task_runner.py:63} INFO - Started process 6917 to run task
[2025-08-14T02:07:03.400+0000] {task_command.py:426} INFO - Running <TaskInstance: crypto_hourly_pipeline.dbt_hourly_gainers scheduled__2025-08-14T01:00:00+00:00 [running]> on host 26ef60e976b3
[2025-08-14T02:07:03.468+0000] {taskinstance.py:2648} INFO - Exporting env vars: AIRFLOW_CTX_DAG_OWNER='***' AIRFLOW_CTX_DAG_ID='crypto_hourly_pipeline' AIRFLOW_CTX_TASK_ID='dbt_hourly_gainers' AIRFLOW_CTX_EXECUTION_DATE='2025-08-14T01:00:00+00:00' AIRFLOW_CTX_TRY_NUMBER='1' AIRFLOW_CTX_DAG_RUN_ID='scheduled__2025-08-14T01:00:00+00:00'
[2025-08-14T02:07:03.468+0000] {taskinstance.py:430} INFO - ::endgroup::
[2025-08-14T02:07:03.478+0000] {subprocess.py:63} INFO - Tmp dir root location: /tmp
[2025-08-14T02:07:03.479+0000] {subprocess.py:75} INFO - Running command: ['/usr/bin/bash', '-c', 'cd /opt/***/project/dbt && dbt deps && dbt run --select crypto_hourly_gainers']
[2025-08-14T02:07:03.484+0000] {subprocess.py:86} INFO - Output:
[2025-08-14T02:07:05.148+0000] {subprocess.py:93} INFO - [0m02:07:05  Running with dbt=1.7.19
[2025-08-14T02:07:05.214+0000] {subprocess.py:93} INFO - [0m02:07:05  Warning: No packages were found in packages.yml
[2025-08-14T02:07:05.217+0000] {subprocess.py:93} INFO - [0m02:07:05  Warning: No packages were found in packages.yml
[2025-08-14T02:07:07.772+0000] {subprocess.py:93} INFO - [0m02:07:07  Running with dbt=1.7.19
[2025-08-14T02:07:07.882+0000] {subprocess.py:93} INFO - [0m02:07:07  Registered adapter: clickhouse=1.7.7
[2025-08-14T02:07:07.918+0000] {subprocess.py:93} INFO - [0m02:07:07  Found 1 model, 0 sources, 0 exposures, 0 metrics, 429 macros, 0 groups, 0 semantic models
[2025-08-14T02:07:07.920+0000] {subprocess.py:93} INFO - [0m02:07:07
[2025-08-14T02:07:08.358+0000] {subprocess.py:93} INFO - [0m02:07:08  Concurrency: 4 threads (target='dev')
[2025-08-14T02:07:08.360+0000] {subprocess.py:93} INFO - [0m02:07:08
[2025-08-14T02:07:08.373+0000] {subprocess.py:93} INFO - [0m02:07:08  1 of 1 START sql table model `analytics`.`crypto_hourly_gainers` ............... [RUN]
[2025-08-14T02:07:08.476+0000] {subprocess.py:93} INFO - [0m02:07:08  1 of 1 OK created sql table model `analytics`.`crypto_hourly_gainers` .......... [[32mOK[0m in 0.10s]
[2025-08-14T02:07:08.481+0000] {subprocess.py:93} INFO - [0m02:07:08
[2025-08-14T02:07:08.482+0000] {subprocess.py:93} INFO - [0m02:07:08  Finished running 1 table model in 0 hours 0 minutes and 0.56 seconds (0.56s).
[2025-08-14T02:07:08.493+0000] {subprocess.py:93} INFO - [0m02:07:08
[2025-08-14T02:07:08.494+0000] {subprocess.py:93} INFO - [0m02:07:08  [32mCompleted successfully[0m
[2025-08-14T02:07:08.494+0000] {subprocess.py:93} INFO - [0m02:07:08
[2025-08-14T02:07:08.495+0000] {subprocess.py:93} INFO - [0m02:07:08  Done. PASS=1 WARN=0 ERROR=0 SKIP=0 TOTAL=1
[2025-08-14T02:07:09.312+0000] {subprocess.py:97} INFO - Command exited with return code 0
[2025-08-14T02:07:09.314+0000] {taskinstance.py:441} INFO - ::group::Post task execution logs
[2025-08-14T02:07:09.376+0000] {taskinstance.py:1206} INFO - Marking task as SUCCESS. dag_id=crypto_hourly_pipeline, task_id=dbt_hourly_gainers, run_id=scheduled__2025-08-14T01:00:00+00:00, execution_date=20250814T010000, start_date=20250814T020703, end_date=20250814T020709
[2025-08-14T02:07:09.404+0000] {local_task_job_runner.py:240} INFO - Task exited with return code 0
[2025-08-14T02:07:09.432+0000] {taskinstance.py:3503} INFO - 0 downstream tasks scheduled from follow-on schedule check
[2025-08-14T02:07:09.433+0000] {local_task_job_runner.py:222} INFO - ::endgroup::
