[2025-08-14T10:00:24.120+0000] {local_task_job_runner.py:120} INFO - ::group::Pre task execution logs
[2025-08-14T10:00:24.183+0000] {taskinstance.py:2076} INFO - Dependencies all met for dep_context=non-requeueable deps ti=<TaskInstance: crypto_hourly_pipeline.dbt_hourly_gainers scheduled__2025-08-14T09:00:00+00:00 [queued]>
[2025-08-14T10:00:24.188+0000] {taskinstance.py:2076} INFO - Dependencies all met for dep_context=requeueable deps ti=<TaskInstance: crypto_hourly_pipeline.dbt_hourly_gainers scheduled__2025-08-14T09:00:00+00:00 [queued]>
[2025-08-14T10:00:24.188+0000] {taskinstance.py:2306} INFO - Starting attempt 1 of 2
[2025-08-14T10:00:24.198+0000] {taskinstance.py:2330} INFO - Executing <Task(BashOperator): dbt_hourly_gainers> on 2025-08-14 09:00:00+00:00
[2025-08-14T10:00:24.210+0000] {standard_task_runner.py:90} INFO - Running: ['***', 'tasks', 'run', 'crypto_hourly_pipeline', 'dbt_hourly_gainers', 'scheduled__2025-08-14T09:00:00+00:00', '--job-id', '145', '--raw', '--subdir', 'DAGS_FOLDER/crypto_pipeline.py', '--cfg-path', '/tmp/tmpju2sc1qg']
[2025-08-14T10:00:24.215+0000] {standard_task_runner.py:91} INFO - Job 145: Subtask dbt_hourly_gainers
[2025-08-14T10:00:24.222+0000] {logging_mixin.py:188} WARNING - /home/***/.local/lib/python3.12/site-packages/***/task/task_runner/standard_task_runner.py:61 DeprecationWarning: This process (pid=11088) is multi-threaded, use of fork() may lead to deadlocks in the child.
[2025-08-14T10:00:24.224+0000] {standard_task_runner.py:63} INFO - Started process 11089 to run task
[2025-08-14T10:00:24.277+0000] {task_command.py:426} INFO - Running <TaskInstance: crypto_hourly_pipeline.dbt_hourly_gainers scheduled__2025-08-14T09:00:00+00:00 [running]> on host 26ef60e976b3
[2025-08-14T10:00:24.365+0000] {taskinstance.py:2648} INFO - Exporting env vars: AIRFLOW_CTX_DAG_OWNER='***' AIRFLOW_CTX_DAG_ID='crypto_hourly_pipeline' AIRFLOW_CTX_TASK_ID='dbt_hourly_gainers' AIRFLOW_CTX_EXECUTION_DATE='2025-08-14T09:00:00+00:00' AIRFLOW_CTX_TRY_NUMBER='1' AIRFLOW_CTX_DAG_RUN_ID='scheduled__2025-08-14T09:00:00+00:00'
[2025-08-14T10:00:24.366+0000] {taskinstance.py:430} INFO - ::endgroup::
[2025-08-14T10:00:24.380+0000] {subprocess.py:63} INFO - Tmp dir root location: /tmp
[2025-08-14T10:00:24.381+0000] {subprocess.py:75} INFO - Running command: ['/usr/bin/bash', '-c', 'cd /opt/***/project/dbt && dbt deps && dbt run --select crypto_hourly_gainers']
[2025-08-14T10:00:24.387+0000] {subprocess.py:86} INFO - Output:
[2025-08-14T10:00:26.704+0000] {subprocess.py:93} INFO - [0m10:00:26  Running with dbt=1.7.19
[2025-08-14T10:00:26.813+0000] {subprocess.py:93} INFO - [0m10:00:26  Warning: No packages were found in packages.yml
[2025-08-14T10:00:26.815+0000] {subprocess.py:93} INFO - [0m10:00:26  Warning: No packages were found in packages.yml
[2025-08-14T10:00:29.697+0000] {subprocess.py:93} INFO - [0m10:00:29  Running with dbt=1.7.19
[2025-08-14T10:00:29.838+0000] {subprocess.py:93} INFO - [0m10:00:29  Registered adapter: clickhouse=1.7.7
[2025-08-14T10:00:29.897+0000] {subprocess.py:93} INFO - [0m10:00:29  Found 1 model, 0 sources, 0 exposures, 0 metrics, 429 macros, 0 groups, 0 semantic models
[2025-08-14T10:00:29.899+0000] {subprocess.py:93} INFO - [0m10:00:29
[2025-08-14T10:00:31.262+0000] {subprocess.py:93} INFO - [0m10:00:31  Concurrency: 4 threads (target='dev')
[2025-08-14T10:00:31.265+0000] {subprocess.py:93} INFO - [0m10:00:31
[2025-08-14T10:00:31.291+0000] {subprocess.py:93} INFO - [0m10:00:31  1 of 1 START sql table model `analytics`.`crypto_hourly_gainers` ............... [RUN]
[2025-08-14T10:00:31.429+0000] {subprocess.py:93} INFO - [0m10:00:31  1 of 1 OK created sql table model `analytics`.`crypto_hourly_gainers` .......... [[32mOK[0m in 0.14s]
[2025-08-14T10:00:31.433+0000] {subprocess.py:93} INFO - [0m10:00:31
[2025-08-14T10:00:31.433+0000] {subprocess.py:93} INFO - [0m10:00:31  Finished running 1 table model in 0 hours 0 minutes and 1.53 seconds (1.53s).
[2025-08-14T10:00:31.442+0000] {subprocess.py:93} INFO - [0m10:00:31
[2025-08-14T10:00:31.442+0000] {subprocess.py:93} INFO - [0m10:00:31  [32mCompleted successfully[0m
[2025-08-14T10:00:31.443+0000] {subprocess.py:93} INFO - [0m10:00:31
[2025-08-14T10:00:31.443+0000] {subprocess.py:93} INFO - [0m10:00:31  Done. PASS=1 WARN=0 ERROR=0 SKIP=0 TOTAL=1
[2025-08-14T10:00:32.518+0000] {subprocess.py:97} INFO - Command exited with return code 0
[2025-08-14T10:00:32.524+0000] {taskinstance.py:441} INFO - ::group::Post task execution logs
[2025-08-14T10:00:32.587+0000] {taskinstance.py:1206} INFO - Marking task as SUCCESS. dag_id=crypto_hourly_pipeline, task_id=dbt_hourly_gainers, run_id=scheduled__2025-08-14T09:00:00+00:00, execution_date=20250814T090000, start_date=20250814T100024, end_date=20250814T100032
[2025-08-14T10:00:32.604+0000] {local_task_job_runner.py:240} INFO - Task exited with return code 0
[2025-08-14T10:00:32.657+0000] {taskinstance.py:3503} INFO - 0 downstream tasks scheduled from follow-on schedule check
[2025-08-14T10:00:32.658+0000] {local_task_job_runner.py:222} INFO - ::endgroup::
