[2025-08-13T13:26:49.548+0000] {local_task_job_runner.py:120} INFO - ::group::Pre task execution logs
[2025-08-13T13:26:49.571+0000] {taskinstance.py:2076} INFO - Dependencies all met for dep_context=non-requeueable deps ti=<TaskInstance: crypto_hourly_pipeline.ingest_cmc manual__2025-08-13T13:22:09.264716+00:00 [queued]>
[2025-08-13T13:26:49.575+0000] {taskinstance.py:2076} INFO - Dependencies all met for dep_context=requeueable deps ti=<TaskInstance: crypto_hourly_pipeline.ingest_cmc manual__2025-08-13T13:22:09.264716+00:00 [queued]>
[2025-08-13T13:26:49.575+0000] {taskinstance.py:2306} INFO - Starting attempt 1 of 2
[2025-08-13T13:26:49.582+0000] {taskinstance.py:2330} INFO - Executing <Task(BashOperator): ingest_cmc> on 2025-08-13 13:22:09.264716+00:00
[2025-08-13T13:26:49.586+0000] {standard_task_runner.py:90} INFO - Running: ['***', 'tasks', 'run', 'crypto_hourly_pipeline', 'ingest_cmc', 'manual__2025-08-13T13:22:09.264716+00:00', '--job-id', '69', '--raw', '--subdir', 'DAGS_FOLDER/crypto_pipeline.py', '--cfg-path', '/tmp/tmp0tkgmsoo']
[2025-08-13T13:26:49.588+0000] {standard_task_runner.py:91} INFO - Job 69: Subtask ingest_cmc
[2025-08-13T13:26:49.588+0000] {logging_mixin.py:188} WARNING - /home/***/.local/lib/python3.12/site-packages/***/task/task_runner/standard_task_runner.py:61 DeprecationWarning: This process (pid=1248) is multi-threaded, use of fork() may lead to deadlocks in the child.
[2025-08-13T13:26:49.590+0000] {standard_task_runner.py:63} INFO - Started process 1249 to run task
[2025-08-13T13:26:49.619+0000] {task_command.py:426} INFO - Running <TaskInstance: crypto_hourly_pipeline.ingest_cmc manual__2025-08-13T13:22:09.264716+00:00 [running]> on host b82b307306f9
[2025-08-13T13:26:49.686+0000] {taskinstance.py:2648} INFO - Exporting env vars: AIRFLOW_CTX_DAG_OWNER='***' AIRFLOW_CTX_DAG_ID='crypto_hourly_pipeline' AIRFLOW_CTX_TASK_ID='ingest_cmc' AIRFLOW_CTX_EXECUTION_DATE='2025-08-13T13:22:09.264716+00:00' AIRFLOW_CTX_TRY_NUMBER='1' AIRFLOW_CTX_DAG_RUN_ID='manual__2025-08-13T13:22:09.264716+00:00'
[2025-08-13T13:26:49.686+0000] {taskinstance.py:430} INFO - ::endgroup::
[2025-08-13T13:26:49.696+0000] {subprocess.py:63} INFO - Tmp dir root location: /tmp
[2025-08-13T13:26:49.697+0000] {subprocess.py:75} INFO - Running command: ['/usr/bin/bash', '-c', 'cd /opt/***/project && python ingest_cmc.py']
[2025-08-13T13:26:49.702+0000] {subprocess.py:86} INFO - Output:
[2025-08-13T13:26:50.203+0000] {subprocess.py:93} INFO - 2025-08-13 13:26:50,203 - INFO - Fetching data from CoinMarketCap API...
[2025-08-13T13:26:50.845+0000] {subprocess.py:93} INFO - 2025-08-13 13:26:50,844 - INFO - Successfully fetched 100 cryptocurrencies
[2025-08-13T13:26:50.847+0000] {subprocess.py:93} INFO - 2025-08-13 13:26:50,847 - INFO - Processed 100 records
[2025-08-13T13:26:50.875+0000] {subprocess.py:93} INFO - 2025-08-13 13:26:50,875 - INFO - Successfully inserted 100 records into PostgreSQL
[2025-08-13T13:26:50.876+0000] {subprocess.py:93} INFO - 2025-08-13 13:26:50,875 - INFO - Data ingestion completed successfully!
[2025-08-13T13:26:50.913+0000] {subprocess.py:97} INFO - Command exited with return code 0
[2025-08-13T13:26:50.914+0000] {taskinstance.py:441} INFO - ::group::Post task execution logs
[2025-08-13T13:26:50.932+0000] {taskinstance.py:1206} INFO - Marking task as SUCCESS. dag_id=crypto_hourly_pipeline, task_id=ingest_cmc, run_id=manual__2025-08-13T13:22:09.264716+00:00, execution_date=20250813T132209, start_date=20250813T132649, end_date=20250813T132650
[2025-08-13T13:26:50.968+0000] {local_task_job_runner.py:240} INFO - Task exited with return code 0
[2025-08-13T13:26:50.987+0000] {taskinstance.py:3503} INFO - 1 downstream tasks scheduled from follow-on schedule check
[2025-08-13T13:26:50.988+0000] {local_task_job_runner.py:222} INFO - ::endgroup::
