[2025-08-13T15:20:30.625+0000] {local_task_job_runner.py:120} INFO - ::group::Pre task execution logs
[2025-08-13T15:20:30.646+0000] {taskinstance.py:2076} INFO - Dependencies all met for dep_context=non-requeueable deps ti=<TaskInstance: crypto_hourly_pipeline.spark_hourly_change scheduled__2025-08-13T14:00:00+00:00 [queued]>
[2025-08-13T15:20:30.650+0000] {taskinstance.py:2076} INFO - Dependencies all met for dep_context=requeueable deps ti=<TaskInstance: crypto_hourly_pipeline.spark_hourly_change scheduled__2025-08-13T14:00:00+00:00 [queued]>
[2025-08-13T15:20:30.651+0000] {taskinstance.py:2306} INFO - Starting attempt 1 of 2
[2025-08-13T15:20:30.657+0000] {taskinstance.py:2330} INFO - Executing <Task(BashOperator): spark_hourly_change> on 2025-08-13 14:00:00+00:00
[2025-08-13T15:20:30.661+0000] {standard_task_runner.py:90} INFO - Running: ['***', 'tasks', 'run', 'crypto_hourly_pipeline', 'spark_hourly_change', 'scheduled__2025-08-13T14:00:00+00:00', '--job-id', '80', '--raw', '--subdir', 'DAGS_FOLDER/crypto_pipeline.py', '--cfg-path', '/tmp/tmp4qmrx580']
[2025-08-13T15:20:30.663+0000] {standard_task_runner.py:91} INFO - Job 80: Subtask spark_hourly_change
[2025-08-13T15:20:30.663+0000] {logging_mixin.py:188} WARNING - /home/***/.local/lib/python3.12/site-packages/***/task/task_runner/standard_task_runner.py:61 DeprecationWarning: This process (pid=172) is multi-threaded, use of fork() may lead to deadlocks in the child.
[2025-08-13T15:20:30.664+0000] {standard_task_runner.py:63} INFO - Started process 173 to run task
[2025-08-13T15:20:30.692+0000] {task_command.py:426} INFO - Running <TaskInstance: crypto_hourly_pipeline.spark_hourly_change scheduled__2025-08-13T14:00:00+00:00 [running]> on host 26ef60e976b3
[2025-08-13T15:20:30.756+0000] {taskinstance.py:2648} INFO - Exporting env vars: AIRFLOW_CTX_DAG_OWNER='***' AIRFLOW_CTX_DAG_ID='crypto_hourly_pipeline' AIRFLOW_CTX_TASK_ID='spark_hourly_change' AIRFLOW_CTX_EXECUTION_DATE='2025-08-13T14:00:00+00:00' AIRFLOW_CTX_TRY_NUMBER='1' AIRFLOW_CTX_DAG_RUN_ID='scheduled__2025-08-13T14:00:00+00:00'
[2025-08-13T15:20:30.757+0000] {taskinstance.py:430} INFO - ::endgroup::
[2025-08-13T15:20:30.765+0000] {subprocess.py:63} INFO - Tmp dir root location: /tmp
[2025-08-13T15:20:30.766+0000] {subprocess.py:75} INFO - Running command: ['/usr/bin/bash', '-c', 'cd /opt/***/project && python spark_hourly_change.py']
[2025-08-13T15:20:30.770+0000] {subprocess.py:86} INFO - Output:
[2025-08-13T15:20:32.314+0000] {subprocess.py:93} INFO - 2025-08-13 15:20:32,314 - INFO - Starting hourly change calculation...
[2025-08-13T15:20:33.441+0000] {subprocess.py:93} INFO - Setting default log level to "WARN".
[2025-08-13T15:20:33.443+0000] {subprocess.py:93} INFO - To adjust logging level use sc.setLogLevel(newLevel). For SparkR, use setLogLevel(newLevel).
[2025-08-13T15:20:33.656+0000] {subprocess.py:93} INFO - 25/08/13 15:20:33 WARN NativeCodeLoader: Unable to load native-hadoop library for your platform... using builtin-java classes where applicable
[2025-08-13T15:20:34.829+0000] {subprocess.py:93} INFO - 2025-08-13 15:20:34,829 - INFO - Spark session created successfully
[2025-08-13T15:20:34.959+0000] {subprocess.py:93} INFO - 2025-08-13 15:20:34,958 - INFO - Successfully read 300 records from PostgreSQL
[2025-08-13T15:20:39.036+0000] {subprocess.py:93} INFO - [Stage 0:>                                                          (0 + 8) / 8]                                                                                2025-08-13 15:20:39,035 - INFO - Calculated hourly changes for 300 records
[2025-08-13T15:20:39.662+0000] {subprocess.py:93} INFO - 2025-08-13 15:20:39,662 - INFO - Successfully wrote 200 records to ClickHouse
[2025-08-13T15:20:39.663+0000] {subprocess.py:93} INFO - 2025-08-13 15:20:39,662 - INFO - Hourly change calculation completed successfully!
[2025-08-13T15:20:40.599+0000] {subprocess.py:93} INFO - 2025-08-13 15:20:40,599 - INFO - Closing down clientserver connection
[2025-08-13T15:20:41.121+0000] {subprocess.py:97} INFO - Command exited with return code 0
[2025-08-13T15:20:41.129+0000] {taskinstance.py:441} INFO - ::group::Post task execution logs
[2025-08-13T15:20:41.193+0000] {taskinstance.py:1206} INFO - Marking task as SUCCESS. dag_id=crypto_hourly_pipeline, task_id=spark_hourly_change, run_id=scheduled__2025-08-13T14:00:00+00:00, execution_date=20250813T140000, start_date=20250813T152030, end_date=20250813T152041
[2025-08-13T15:20:41.260+0000] {local_task_job_runner.py:240} INFO - Task exited with return code 0
[2025-08-13T15:20:41.287+0000] {taskinstance.py:3503} INFO - 1 downstream tasks scheduled from follow-on schedule check
[2025-08-13T15:20:41.288+0000] {local_task_job_runner.py:222} INFO - ::endgroup::
