[2025-08-13T15:30:56.662+0000] {local_task_job_runner.py:120} INFO - ::group::Pre task execution logs
[2025-08-13T15:30:56.678+0000] {taskinstance.py:2076} INFO - Dependencies all met for dep_context=non-requeueable deps ti=<TaskInstance: crypto_hourly_pipeline.spark_hourly_change scheduled__2025-08-13T14:00:00+00:00 [queued]>
[2025-08-13T15:30:56.681+0000] {taskinstance.py:2076} INFO - Dependencies all met for dep_context=requeueable deps ti=<TaskInstance: crypto_hourly_pipeline.spark_hourly_change scheduled__2025-08-13T14:00:00+00:00 [queued]>
[2025-08-13T15:30:56.682+0000] {taskinstance.py:2306} INFO - Starting attempt 2 of 3
[2025-08-13T15:30:56.687+0000] {taskinstance.py:2330} INFO - Executing <Task(BashOperator): spark_hourly_change> on 2025-08-13 14:00:00+00:00
[2025-08-13T15:30:56.690+0000] {standard_task_runner.py:90} INFO - Running: ['***', 'tasks', 'run', 'crypto_hourly_pipeline', 'spark_hourly_change', 'scheduled__2025-08-13T14:00:00+00:00', '--job-id', '86', '--raw', '--subdir', 'DAGS_FOLDER/crypto_pipeline.py', '--cfg-path', '/tmp/tmpewbl3w1z']
[2025-08-13T15:30:56.693+0000] {standard_task_runner.py:91} INFO - Job 86: Subtask spark_hourly_change
[2025-08-13T15:30:56.693+0000] {logging_mixin.py:188} WARNING - /home/***/.local/lib/python3.12/site-packages/***/task/task_runner/standard_task_runner.py:61 DeprecationWarning: This process (pid=574) is multi-threaded, use of fork() may lead to deadlocks in the child.
[2025-08-13T15:30:56.694+0000] {standard_task_runner.py:63} INFO - Started process 575 to run task
[2025-08-13T15:30:56.721+0000] {task_command.py:426} INFO - Running <TaskInstance: crypto_hourly_pipeline.spark_hourly_change scheduled__2025-08-13T14:00:00+00:00 [running]> on host 26ef60e976b3
[2025-08-13T15:30:56.770+0000] {taskinstance.py:2648} INFO - Exporting env vars: AIRFLOW_CTX_DAG_OWNER='***' AIRFLOW_CTX_DAG_ID='crypto_hourly_pipeline' AIRFLOW_CTX_TASK_ID='spark_hourly_change' AIRFLOW_CTX_EXECUTION_DATE='2025-08-13T14:00:00+00:00' AIRFLOW_CTX_TRY_NUMBER='2' AIRFLOW_CTX_DAG_RUN_ID='scheduled__2025-08-13T14:00:00+00:00'
[2025-08-13T15:30:56.770+0000] {taskinstance.py:430} INFO - ::endgroup::
[2025-08-13T15:30:56.776+0000] {subprocess.py:63} INFO - Tmp dir root location: /tmp
[2025-08-13T15:30:56.777+0000] {subprocess.py:75} INFO - Running command: ['/usr/bin/bash', '-c', 'cd /opt/***/project && python spark_hourly_change.py']
[2025-08-13T15:30:56.781+0000] {subprocess.py:86} INFO - Output:
[2025-08-13T15:30:57.599+0000] {subprocess.py:93} INFO - 2025-08-13 15:30:57,598 - INFO - Starting hourly change calculation...
[2025-08-13T15:30:59.334+0000] {subprocess.py:93} INFO - Setting default log level to "WARN".
[2025-08-13T15:30:59.336+0000] {subprocess.py:93} INFO - To adjust logging level use sc.setLogLevel(newLevel). For SparkR, use setLogLevel(newLevel).
[2025-08-13T15:30:59.692+0000] {subprocess.py:93} INFO - 25/08/13 15:30:59 WARN NativeCodeLoader: Unable to load native-hadoop library for your platform... using builtin-java classes where applicable
[2025-08-13T15:31:00.767+0000] {subprocess.py:93} INFO - 2025-08-13 15:31:00,766 - INFO - Spark session created successfully
[2025-08-13T15:31:00.869+0000] {subprocess.py:93} INFO - 2025-08-13 15:31:00,869 - INFO - Successfully read 100 records from PostgreSQL
[2025-08-13T15:31:04.635+0000] {subprocess.py:93} INFO - [Stage 0:>                                                          (0 + 8) / 8]                                                                                2025-08-13 15:31:04,631 - INFO - Calculated hourly changes for 100 records
[2025-08-13T15:31:05.544+0000] {subprocess.py:93} INFO - 2025-08-13 15:31:05,543 - INFO - No data to write to ClickHouse
[2025-08-13T15:31:05.546+0000] {subprocess.py:93} INFO - 2025-08-13 15:31:05,544 - INFO - Hourly change calculation completed successfully!
[2025-08-13T15:31:06.539+0000] {subprocess.py:93} INFO - 2025-08-13 15:31:06,539 - INFO - Closing down clientserver connection
[2025-08-13T15:31:07.098+0000] {subprocess.py:97} INFO - Command exited with return code 0
[2025-08-13T15:31:07.103+0000] {taskinstance.py:441} INFO - ::group::Post task execution logs
[2025-08-13T15:31:07.145+0000] {taskinstance.py:1206} INFO - Marking task as SUCCESS. dag_id=crypto_hourly_pipeline, task_id=spark_hourly_change, run_id=scheduled__2025-08-13T14:00:00+00:00, execution_date=20250813T140000, start_date=20250813T153056, end_date=20250813T153107
[2025-08-13T15:31:07.166+0000] {local_task_job_runner.py:240} INFO - Task exited with return code 0
[2025-08-13T15:31:07.190+0000] {taskinstance.py:3503} INFO - 1 downstream tasks scheduled from follow-on schedule check
[2025-08-13T15:31:07.190+0000] {local_task_job_runner.py:222} INFO - ::endgroup::
