[2025-08-13T13:26:51.657+0000] {local_task_job_runner.py:120} INFO - ::group::Pre task execution logs
[2025-08-13T13:26:51.676+0000] {taskinstance.py:2076} INFO - Dependencies all met for dep_context=non-requeueable deps ti=<TaskInstance: crypto_hourly_pipeline.spark_hourly_change manual__2025-08-13T13:22:09.264716+00:00 [queued]>
[2025-08-13T13:26:51.679+0000] {taskinstance.py:2076} INFO - Dependencies all met for dep_context=requeueable deps ti=<TaskInstance: crypto_hourly_pipeline.spark_hourly_change manual__2025-08-13T13:22:09.264716+00:00 [queued]>
[2025-08-13T13:26:51.680+0000] {taskinstance.py:2306} INFO - Starting attempt 1 of 2
[2025-08-13T13:26:51.685+0000] {taskinstance.py:2330} INFO - Executing <Task(BashOperator): spark_hourly_change> on 2025-08-13 13:22:09.264716+00:00
[2025-08-13T13:26:51.690+0000] {logging_mixin.py:188} WARNING - /home/***/.local/lib/python3.12/site-packages/***/task/task_runner/standard_task_runner.py:61 DeprecationWarning: This process (pid=1251) is multi-threaded, use of fork() may lead to deadlocks in the child.
[2025-08-13T13:26:51.689+0000] {standard_task_runner.py:90} INFO - Running: ['***', 'tasks', 'run', 'crypto_hourly_pipeline', 'spark_hourly_change', 'manual__2025-08-13T13:22:09.264716+00:00', '--job-id', '70', '--raw', '--subdir', 'DAGS_FOLDER/crypto_pipeline.py', '--cfg-path', '/tmp/tmp20u84rma']
[2025-08-13T13:26:51.691+0000] {standard_task_runner.py:91} INFO - Job 70: Subtask spark_hourly_change
[2025-08-13T13:26:51.691+0000] {standard_task_runner.py:63} INFO - Started process 1252 to run task
[2025-08-13T13:26:51.717+0000] {task_command.py:426} INFO - Running <TaskInstance: crypto_hourly_pipeline.spark_hourly_change manual__2025-08-13T13:22:09.264716+00:00 [running]> on host b82b307306f9
[2025-08-13T13:26:51.767+0000] {taskinstance.py:2648} INFO - Exporting env vars: AIRFLOW_CTX_DAG_OWNER='***' AIRFLOW_CTX_DAG_ID='crypto_hourly_pipeline' AIRFLOW_CTX_TASK_ID='spark_hourly_change' AIRFLOW_CTX_EXECUTION_DATE='2025-08-13T13:22:09.264716+00:00' AIRFLOW_CTX_TRY_NUMBER='1' AIRFLOW_CTX_DAG_RUN_ID='manual__2025-08-13T13:22:09.264716+00:00'
[2025-08-13T13:26:51.768+0000] {taskinstance.py:430} INFO - ::endgroup::
[2025-08-13T13:26:51.774+0000] {subprocess.py:63} INFO - Tmp dir root location: /tmp
[2025-08-13T13:26:51.775+0000] {subprocess.py:75} INFO - Running command: ['/usr/bin/bash', '-c', 'cd /opt/***/project && python spark_hourly_change.py']
[2025-08-13T13:26:51.779+0000] {subprocess.py:86} INFO - Output:
[2025-08-13T13:26:52.569+0000] {subprocess.py:93} INFO - 2025-08-13 13:26:52,569 - INFO - Starting hourly change calculation...
[2025-08-13T13:26:53.777+0000] {subprocess.py:93} INFO - Setting default log level to "WARN".
[2025-08-13T13:26:53.778+0000] {subprocess.py:93} INFO - To adjust logging level use sc.setLogLevel(newLevel). For SparkR, use setLogLevel(newLevel).
[2025-08-13T13:26:53.983+0000] {subprocess.py:93} INFO - 25/08/13 13:26:53 WARN NativeCodeLoader: Unable to load native-hadoop library for your platform... using builtin-java classes where applicable
[2025-08-13T13:26:54.771+0000] {subprocess.py:93} INFO - 2025-08-13 13:26:54,770 - INFO - Spark session created successfully
[2025-08-13T13:26:54.846+0000] {subprocess.py:93} INFO - 2025-08-13 13:26:54,846 - INFO - Successfully read 300 records from PostgreSQL
[2025-08-13T13:26:58.702+0000] {subprocess.py:93} INFO - [Stage 0:>                                                          (0 + 8) / 8]                                                                                2025-08-13 13:26:58,699 - INFO - Calculated hourly changes for 300 records
[2025-08-13T13:26:59.689+0000] {subprocess.py:93} INFO - 2025-08-13 13:26:59,685 - INFO - Successfully wrote 300 records to ClickHouse
[2025-08-13T13:26:59.694+0000] {subprocess.py:93} INFO - 2025-08-13 13:26:59,686 - INFO - Hourly change calculation completed successfully!
[2025-08-13T13:27:00.583+0000] {subprocess.py:93} INFO - 2025-08-13 13:27:00,583 - INFO - Closing down clientserver connection
[2025-08-13T13:27:01.198+0000] {subprocess.py:97} INFO - Command exited with return code 0
[2025-08-13T13:27:01.206+0000] {taskinstance.py:441} INFO - ::group::Post task execution logs
[2025-08-13T13:27:01.271+0000] {taskinstance.py:1206} INFO - Marking task as SUCCESS. dag_id=crypto_hourly_pipeline, task_id=spark_hourly_change, run_id=manual__2025-08-13T13:22:09.264716+00:00, execution_date=20250813T132209, start_date=20250813T132651, end_date=20250813T132701
[2025-08-13T13:27:01.311+0000] {local_task_job_runner.py:240} INFO - Task exited with return code 0
[2025-08-13T13:27:01.337+0000] {taskinstance.py:3503} INFO - 0 downstream tasks scheduled from follow-on schedule check
[2025-08-13T13:27:01.338+0000] {local_task_job_runner.py:222} INFO - ::endgroup::
