[2025-08-14T12:05:26.816+0000] {local_task_job_runner.py:120} INFO - ::group::Pre task execution logs
[2025-08-14T12:05:27.006+0000] {taskinstance.py:2076} INFO - Dependencies all met for dep_context=non-requeueable deps ti=<TaskInstance: crypto_hourly_pipeline.spark_hourly_change scheduled__2025-08-14T11:00:00+00:00 [queued]>
[2025-08-14T12:05:27.018+0000] {taskinstance.py:2076} INFO - Dependencies all met for dep_context=requeueable deps ti=<TaskInstance: crypto_hourly_pipeline.spark_hourly_change scheduled__2025-08-14T11:00:00+00:00 [queued]>
[2025-08-14T12:05:27.019+0000] {taskinstance.py:2306} INFO - Starting attempt 2 of 2
[2025-08-14T12:05:27.045+0000] {taskinstance.py:2330} INFO - Executing <Task(BashOperator): spark_hourly_change> on 2025-08-14 11:00:00+00:00
[2025-08-14T12:05:27.060+0000] {standard_task_runner.py:90} INFO - Running: ['***', 'tasks', 'run', 'crypto_hourly_pipeline', 'spark_hourly_change', 'scheduled__2025-08-14T11:00:00+00:00', '--job-id', '152', '--raw', '--subdir', 'DAGS_FOLDER/crypto_pipeline.py', '--cfg-path', '/tmp/tmpuysxlqhr']
[2025-08-14T12:05:27.084+0000] {standard_task_runner.py:91} INFO - Job 152: Subtask spark_hourly_change
[2025-08-14T12:05:27.100+0000] {logging_mixin.py:188} WARNING - /home/***/.local/lib/python3.12/site-packages/***/task/task_runner/standard_task_runner.py:61 DeprecationWarning: This process (pid=12743) is multi-threaded, use of fork() may lead to deadlocks in the child.
[2025-08-14T12:05:27.102+0000] {standard_task_runner.py:63} INFO - Started process 12744 to run task
[2025-08-14T12:05:27.333+0000] {task_command.py:426} INFO - Running <TaskInstance: crypto_hourly_pipeline.spark_hourly_change scheduled__2025-08-14T11:00:00+00:00 [running]> on host 26ef60e976b3
[2025-08-14T12:05:27.536+0000] {taskinstance.py:2648} INFO - Exporting env vars: AIRFLOW_CTX_DAG_OWNER='***' AIRFLOW_CTX_DAG_ID='crypto_hourly_pipeline' AIRFLOW_CTX_TASK_ID='spark_hourly_change' AIRFLOW_CTX_EXECUTION_DATE='2025-08-14T11:00:00+00:00' AIRFLOW_CTX_TRY_NUMBER='2' AIRFLOW_CTX_DAG_RUN_ID='scheduled__2025-08-14T11:00:00+00:00'
[2025-08-14T12:05:27.537+0000] {taskinstance.py:430} INFO - ::endgroup::
[2025-08-14T12:05:27.559+0000] {subprocess.py:63} INFO - Tmp dir root location: /tmp
[2025-08-14T12:05:27.562+0000] {subprocess.py:75} INFO - Running command: ['/usr/bin/bash', '-c', 'cd /opt/***/project && python spark_hourly_change.py']
[2025-08-14T12:05:27.570+0000] {subprocess.py:86} INFO - Output:
[2025-08-14T12:05:29.510+0000] {subprocess.py:93} INFO - 2025-08-14 12:05:29,508 - INFO - Starting hourly change calculation...
[2025-08-14T12:05:31.640+0000] {subprocess.py:93} INFO - Setting default log level to "WARN".
[2025-08-14T12:05:31.643+0000] {subprocess.py:93} INFO - To adjust logging level use sc.setLogLevel(newLevel). For SparkR, use setLogLevel(newLevel).
[2025-08-14T12:05:31.885+0000] {subprocess.py:93} INFO - 25/08/14 12:05:31 WARN NativeCodeLoader: Unable to load native-hadoop library for your platform... using builtin-java classes where applicable
[2025-08-14T12:05:33.264+0000] {subprocess.py:93} INFO - 2025-08-14 12:05:33,262 - INFO - Spark session created successfully
[2025-08-14T12:05:33.517+0000] {subprocess.py:93} INFO - 2025-08-14 12:05:33,516 - INFO - Successfully read 200 records from PostgreSQL
[2025-08-14T12:05:42.570+0000] {subprocess.py:93} INFO - [Stage 0:>                                                          (0 + 8) / 8]                                                                                2025-08-14 12:05:42,512 - INFO - Calculated hourly changes for 200 records
[2025-08-14T12:05:44.978+0000] {subprocess.py:93} INFO - [Stage 3:>                                                          (0 + 8) / 8]                                                                                2025-08-14 12:05:44,977 - INFO - Successfully wrote 100 records to ClickHouse
[2025-08-14T12:05:44.981+0000] {subprocess.py:93} INFO - 2025-08-14 12:05:44,977 - INFO - Hourly change calculation completed successfully!
[2025-08-14T12:05:45.840+0000] {subprocess.py:93} INFO - 2025-08-14 12:05:45,838 - INFO - Closing down clientserver connection
[2025-08-14T12:05:46.630+0000] {subprocess.py:97} INFO - Command exited with return code 0
[2025-08-14T12:05:46.636+0000] {taskinstance.py:441} INFO - ::group::Post task execution logs
[2025-08-14T12:05:46.764+0000] {taskinstance.py:1206} INFO - Marking task as SUCCESS. dag_id=crypto_hourly_pipeline, task_id=spark_hourly_change, run_id=scheduled__2025-08-14T11:00:00+00:00, execution_date=20250814T110000, start_date=20250814T120527, end_date=20250814T120546
[2025-08-14T12:05:46.809+0000] {local_task_job_runner.py:240} INFO - Task exited with return code 0
[2025-08-14T12:05:46.865+0000] {local_task_job_runner.py:222} INFO - ::endgroup::
