[2025-08-13T19:14:04.229+0000] {local_task_job_runner.py:120} INFO - ::group::Pre task execution logs
[2025-08-13T19:14:04.253+0000] {taskinstance.py:2076} INFO - Dependencies all met for dep_context=non-requeueable deps ti=<TaskInstance: crypto_hourly_pipeline.dbt_hourly_gainers scheduled__2025-08-13T18:00:00+00:00 [queued]>
[2025-08-13T19:14:04.257+0000] {taskinstance.py:2076} INFO - Dependencies all met for dep_context=requeueable deps ti=<TaskInstance: crypto_hourly_pipeline.dbt_hourly_gainers scheduled__2025-08-13T18:00:00+00:00 [queued]>
[2025-08-13T19:14:04.257+0000] {taskinstance.py:2306} INFO - Starting attempt 1 of 2
[2025-08-13T19:14:04.263+0000] {taskinstance.py:2330} INFO - Executing <Task(BashOperator): dbt_hourly_gainers> on 2025-08-13 18:00:00+00:00
[2025-08-13T19:14:04.268+0000] {standard_task_runner.py:90} INFO - Running: ['***', 'tasks', 'run', 'crypto_hourly_pipeline', 'dbt_hourly_gainers', 'scheduled__2025-08-13T18:00:00+00:00', '--job-id', '99', '--raw', '--subdir', 'DAGS_FOLDER/crypto_pipeline.py', '--cfg-path', '/tmp/tmpz8e3lc3g']
[2025-08-13T19:14:04.273+0000] {standard_task_runner.py:91} INFO - Job 99: Subtask dbt_hourly_gainers
[2025-08-13T19:14:04.272+0000] {logging_mixin.py:188} WARNING - /home/***/.local/lib/python3.12/site-packages/***/task/task_runner/standard_task_runner.py:61 DeprecationWarning: This process (pid=3162) is multi-threaded, use of fork() may lead to deadlocks in the child.
[2025-08-13T19:14:04.274+0000] {standard_task_runner.py:63} INFO - Started process 3163 to run task
[2025-08-13T19:14:04.317+0000] {task_command.py:426} INFO - Running <TaskInstance: crypto_hourly_pipeline.dbt_hourly_gainers scheduled__2025-08-13T18:00:00+00:00 [running]> on host 26ef60e976b3
[2025-08-13T19:14:04.375+0000] {taskinstance.py:2648} INFO - Exporting env vars: AIRFLOW_CTX_DAG_OWNER='***' AIRFLOW_CTX_DAG_ID='crypto_hourly_pipeline' AIRFLOW_CTX_TASK_ID='dbt_hourly_gainers' AIRFLOW_CTX_EXECUTION_DATE='2025-08-13T18:00:00+00:00' AIRFLOW_CTX_TRY_NUMBER='1' AIRFLOW_CTX_DAG_RUN_ID='scheduled__2025-08-13T18:00:00+00:00'
[2025-08-13T19:14:04.375+0000] {taskinstance.py:430} INFO - ::endgroup::
[2025-08-13T19:14:04.386+0000] {subprocess.py:63} INFO - Tmp dir root location: /tmp
[2025-08-13T19:14:04.387+0000] {subprocess.py:75} INFO - Running command: ['/usr/bin/bash', '-c', 'cd /opt/***/project/dbt && dbt deps && dbt run --select crypto_hourly_gainers']
[2025-08-13T19:14:04.391+0000] {subprocess.py:86} INFO - Output:
[2025-08-13T19:14:05.988+0000] {subprocess.py:93} INFO - [0m19:14:05  Running with dbt=1.7.19
[2025-08-13T19:14:06.041+0000] {subprocess.py:93} INFO - [0m19:14:06  Warning: No packages were found in packages.yml
[2025-08-13T19:14:06.042+0000] {subprocess.py:93} INFO - [0m19:14:06  Warning: No packages were found in packages.yml
[2025-08-13T19:14:08.222+0000] {subprocess.py:93} INFO - [0m19:14:08  Running with dbt=1.7.19
[2025-08-13T19:14:08.324+0000] {subprocess.py:93} INFO - [0m19:14:08  Registered adapter: clickhouse=1.7.7
[2025-08-13T19:14:08.357+0000] {subprocess.py:93} INFO - [0m19:14:08  Found 1 model, 0 sources, 0 exposures, 0 metrics, 429 macros, 0 groups, 0 semantic models
[2025-08-13T19:14:08.359+0000] {subprocess.py:93} INFO - [0m19:14:08
[2025-08-13T19:14:08.728+0000] {subprocess.py:93} INFO - [0m19:14:08  Concurrency: 4 threads (target='dev')
[2025-08-13T19:14:08.729+0000] {subprocess.py:93} INFO - [0m19:14:08
[2025-08-13T19:14:08.736+0000] {subprocess.py:93} INFO - [0m19:14:08  1 of 1 START sql table model `analytics`.`crypto_hourly_gainers` ............... [RUN]
[2025-08-13T19:14:08.821+0000] {subprocess.py:93} INFO - [0m19:14:08  1 of 1 OK created sql table model `analytics`.`crypto_hourly_gainers` .......... [[32mOK[0m in 0.08s]
[2025-08-13T19:14:08.824+0000] {subprocess.py:93} INFO - [0m19:14:08
[2025-08-13T19:14:08.825+0000] {subprocess.py:93} INFO - [0m19:14:08  Finished running 1 table model in 0 hours 0 minutes and 0.46 seconds (0.46s).
[2025-08-13T19:14:08.831+0000] {subprocess.py:93} INFO - [0m19:14:08
[2025-08-13T19:14:08.832+0000] {subprocess.py:93} INFO - [0m19:14:08  [32mCompleted successfully[0m
[2025-08-13T19:14:08.832+0000] {subprocess.py:93} INFO - [0m19:14:08
[2025-08-13T19:14:08.833+0000] {subprocess.py:93} INFO - [0m19:14:08  Done. PASS=1 WARN=0 ERROR=0 SKIP=0 TOTAL=1
[2025-08-13T19:14:09.735+0000] {subprocess.py:97} INFO - Command exited with return code 0
[2025-08-13T19:14:09.740+0000] {taskinstance.py:441} INFO - ::group::Post task execution logs
[2025-08-13T19:14:09.789+0000] {taskinstance.py:1206} INFO - Marking task as SUCCESS. dag_id=crypto_hourly_pipeline, task_id=dbt_hourly_gainers, run_id=scheduled__2025-08-13T18:00:00+00:00, execution_date=20250813T180000, start_date=20250813T191404, end_date=20250813T191409
[2025-08-13T19:14:09.809+0000] {local_task_job_runner.py:240} INFO - Task exited with return code 0
[2025-08-13T19:14:09.818+0000] {local_task_job_runner.py:222} INFO - ::endgroup::
