[2025-08-14T13:00:04.944+0000] {local_task_job_runner.py:120} INFO - ::group::Pre task execution logs
[2025-08-14T13:00:04.985+0000] {taskinstance.py:2076} INFO - Dependencies all met for dep_context=non-requeueable deps ti=<TaskInstance: crypto_hourly_pipeline.spark_hourly_change scheduled__2025-08-14T12:00:00+00:00 [queued]>
[2025-08-14T13:00:04.990+0000] {taskinstance.py:2076} INFO - Dependencies all met for dep_context=requeueable deps ti=<TaskInstance: crypto_hourly_pipeline.spark_hourly_change scheduled__2025-08-14T12:00:00+00:00 [queued]>
[2025-08-14T13:00:04.990+0000] {taskinstance.py:2306} INFO - Starting attempt 1 of 2
[2025-08-14T13:00:04.998+0000] {taskinstance.py:2330} INFO - Executing <Task(BashOperator): spark_hourly_change> on 2025-08-14 12:00:00+00:00
[2025-08-14T13:00:05.014+0000] {standard_task_runner.py:90} INFO - Running: ['***', 'tasks', 'run', 'crypto_hourly_pipeline', 'spark_hourly_change', 'scheduled__2025-08-14T12:00:00+00:00', '--job-id', '155', '--raw', '--subdir', 'DAGS_FOLDER/crypto_pipeline.py', '--cfg-path', '/tmp/tmpj_j10sd2']
[2025-08-14T13:00:05.030+0000] {standard_task_runner.py:91} INFO - Job 155: Subtask spark_hourly_change
[2025-08-14T13:00:05.037+0000] {logging_mixin.py:188} WARNING - /home/***/.local/lib/python3.12/site-packages/***/task/task_runner/standard_task_runner.py:61 DeprecationWarning: This process (pid=13549) is multi-threaded, use of fork() may lead to deadlocks in the child.
[2025-08-14T13:00:05.039+0000] {standard_task_runner.py:63} INFO - Started process 13550 to run task
[2025-08-14T13:00:05.128+0000] {task_command.py:426} INFO - Running <TaskInstance: crypto_hourly_pipeline.spark_hourly_change scheduled__2025-08-14T12:00:00+00:00 [running]> on host 26ef60e976b3
[2025-08-14T13:00:05.345+0000] {taskinstance.py:2648} INFO - Exporting env vars: AIRFLOW_CTX_DAG_OWNER='***' AIRFLOW_CTX_DAG_ID='crypto_hourly_pipeline' AIRFLOW_CTX_TASK_ID='spark_hourly_change' AIRFLOW_CTX_EXECUTION_DATE='2025-08-14T12:00:00+00:00' AIRFLOW_CTX_TRY_NUMBER='1' AIRFLOW_CTX_DAG_RUN_ID='scheduled__2025-08-14T12:00:00+00:00'
[2025-08-14T13:00:05.349+0000] {taskinstance.py:430} INFO - ::endgroup::
[2025-08-14T13:00:05.388+0000] {subprocess.py:63} INFO - Tmp dir root location: /tmp
[2025-08-14T13:00:05.391+0000] {subprocess.py:75} INFO - Running command: ['/usr/bin/bash', '-c', 'cd /opt/***/project && python spark_hourly_change.py']
[2025-08-14T13:00:05.420+0000] {subprocess.py:86} INFO - Output:
[2025-08-14T13:00:07.005+0000] {subprocess.py:93} INFO - 2025-08-14 13:00:07,004 - INFO - Starting hourly change calculation...
[2025-08-14T13:00:09.646+0000] {subprocess.py:93} INFO - Setting default log level to "WARN".
[2025-08-14T13:00:09.653+0000] {subprocess.py:93} INFO - To adjust logging level use sc.setLogLevel(newLevel). For SparkR, use setLogLevel(newLevel).
[2025-08-14T13:00:10.093+0000] {subprocess.py:93} INFO - 25/08/14 13:00:10 WARN NativeCodeLoader: Unable to load native-hadoop library for your platform... using builtin-java classes where applicable
[2025-08-14T13:00:11.566+0000] {subprocess.py:93} INFO - 2025-08-14 13:00:11,564 - INFO - Spark session created successfully
[2025-08-14T13:00:11.822+0000] {subprocess.py:93} INFO - 2025-08-14 13:00:11,822 - INFO - Successfully read 200 records from PostgreSQL
[2025-08-14T13:00:21.607+0000] {subprocess.py:93} INFO - [Stage 0:>                                                          (0 + 8) / 8][Stage 0:=======>                                                   (1 + 7) / 8]                                                                                2025-08-14 13:00:21,594 - INFO - Calculated hourly changes for 200 records
[2025-08-14T13:00:49.301+0000] {subprocess.py:93} INFO - [Stage 3:>                                                          (0 + 8) / 8][Stage 5:>                                                          (0 + 0) / 1][Stage 5:>                                                          (0 + 1) / 1]                                                                                2025-08-14 13:00:49,273 - INFO - Successfully wrote 99 records to ClickHouse
[2025-08-14T13:00:49.515+0000] {subprocess.py:93} INFO - 2025-08-14 13:00:49,289 - INFO - Hourly change calculation completed successfully!
[2025-08-14T13:00:56.048+0000] {subprocess.py:93} INFO - 2025-08-14 13:00:56,045 - INFO - Closing down clientserver connection
[2025-08-14T13:00:57.094+0000] {subprocess.py:97} INFO - Command exited with return code 0
[2025-08-14T13:00:57.101+0000] {taskinstance.py:441} INFO - ::group::Post task execution logs
[2025-08-14T13:00:57.210+0000] {taskinstance.py:1206} INFO - Marking task as SUCCESS. dag_id=crypto_hourly_pipeline, task_id=spark_hourly_change, run_id=scheduled__2025-08-14T12:00:00+00:00, execution_date=20250814T120000, start_date=20250814T130004, end_date=20250814T130057
[2025-08-14T13:00:57.271+0000] {local_task_job_runner.py:240} INFO - Task exited with return code 0
[2025-08-14T13:00:57.337+0000] {taskinstance.py:3503} INFO - 0 downstream tasks scheduled from follow-on schedule check
[2025-08-14T13:00:57.338+0000] {local_task_job_runner.py:222} INFO - ::endgroup::
