[2025-08-13T13:26:38.920+0000] {local_task_job_runner.py:120} INFO - ::group::Pre task execution logs
[2025-08-13T13:26:38.964+0000] {taskinstance.py:2076} INFO - Dependencies all met for dep_context=non-requeueable deps ti=<TaskInstance: crypto_hourly_pipeline.spark_hourly_change scheduled__2025-08-13T12:00:00+00:00 [queued]>
[2025-08-13T13:26:38.972+0000] {taskinstance.py:2076} INFO - Dependencies all met for dep_context=requeueable deps ti=<TaskInstance: crypto_hourly_pipeline.spark_hourly_change scheduled__2025-08-13T12:00:00+00:00 [queued]>
[2025-08-13T13:26:38.973+0000] {taskinstance.py:2306} INFO - Starting attempt 3 of 4
[2025-08-13T13:26:38.993+0000] {taskinstance.py:2330} INFO - Executing <Task(BashOperator): spark_hourly_change> on 2025-08-13 12:00:00+00:00
[2025-08-13T13:26:39.002+0000] {logging_mixin.py:188} WARNING - /home/***/.local/lib/python3.12/site-packages/***/task/task_runner/standard_task_runner.py:61 DeprecationWarning: This process (pid=998) is multi-threaded, use of fork() may lead to deadlocks in the child.
[2025-08-13T13:26:39.000+0000] {standard_task_runner.py:90} INFO - Running: ['***', 'tasks', 'run', 'crypto_hourly_pipeline', 'spark_hourly_change', 'scheduled__2025-08-13T12:00:00+00:00', '--job-id', '68', '--raw', '--subdir', 'DAGS_FOLDER/crypto_pipeline.py', '--cfg-path', '/tmp/tmpffg6yrwp']
[2025-08-13T13:26:39.003+0000] {standard_task_runner.py:63} INFO - Started process 999 to run task
[2025-08-13T13:26:39.003+0000] {standard_task_runner.py:91} INFO - Job 68: Subtask spark_hourly_change
[2025-08-13T13:26:39.046+0000] {task_command.py:426} INFO - Running <TaskInstance: crypto_hourly_pipeline.spark_hourly_change scheduled__2025-08-13T12:00:00+00:00 [running]> on host b82b307306f9
[2025-08-13T13:26:39.166+0000] {taskinstance.py:2648} INFO - Exporting env vars: AIRFLOW_CTX_DAG_OWNER='***' AIRFLOW_CTX_DAG_ID='crypto_hourly_pipeline' AIRFLOW_CTX_TASK_ID='spark_hourly_change' AIRFLOW_CTX_EXECUTION_DATE='2025-08-13T12:00:00+00:00' AIRFLOW_CTX_TRY_NUMBER='3' AIRFLOW_CTX_DAG_RUN_ID='scheduled__2025-08-13T12:00:00+00:00'
[2025-08-13T13:26:39.167+0000] {taskinstance.py:430} INFO - ::endgroup::
[2025-08-13T13:26:39.195+0000] {subprocess.py:63} INFO - Tmp dir root location: /tmp
[2025-08-13T13:26:39.196+0000] {subprocess.py:75} INFO - Running command: ['/usr/bin/bash', '-c', 'cd /opt/***/project && python spark_hourly_change.py']
[2025-08-13T13:26:39.203+0000] {subprocess.py:86} INFO - Output:
[2025-08-13T13:26:39.994+0000] {subprocess.py:93} INFO - 2025-08-13 13:26:39,994 - INFO - Starting hourly change calculation...
[2025-08-13T13:26:41.262+0000] {subprocess.py:93} INFO - Setting default log level to "WARN".
[2025-08-13T13:26:41.263+0000] {subprocess.py:93} INFO - To adjust logging level use sc.setLogLevel(newLevel). For SparkR, use setLogLevel(newLevel).
[2025-08-13T13:26:41.410+0000] {subprocess.py:93} INFO - 25/08/13 13:26:41 WARN NativeCodeLoader: Unable to load native-hadoop library for your platform... using builtin-java classes where applicable
[2025-08-13T13:26:42.213+0000] {subprocess.py:93} INFO - 2025-08-13 13:26:42,212 - INFO - Spark session created successfully
[2025-08-13T13:26:42.347+0000] {subprocess.py:93} INFO - 2025-08-13 13:26:42,346 - INFO - Successfully read 200 records from PostgreSQL
[2025-08-13T13:26:46.201+0000] {subprocess.py:93} INFO - [Stage 0:>                                                          (0 + 8) / 8]                                                                                2025-08-13 13:26:46,199 - INFO - Calculated hourly changes for 200 records
[2025-08-13T13:26:47.026+0000] {subprocess.py:93} INFO - 2025-08-13 13:26:47,025 - INFO - Successfully wrote 200 records to ClickHouse
[2025-08-13T13:26:47.027+0000] {subprocess.py:93} INFO - 2025-08-13 13:26:47,025 - INFO - Hourly change calculation completed successfully!
[2025-08-13T13:26:47.786+0000] {subprocess.py:93} INFO - 2025-08-13 13:26:47,786 - INFO - Closing down clientserver connection
[2025-08-13T13:26:48.343+0000] {subprocess.py:97} INFO - Command exited with return code 0
[2025-08-13T13:26:48.346+0000] {taskinstance.py:441} INFO - ::group::Post task execution logs
[2025-08-13T13:26:48.394+0000] {taskinstance.py:1206} INFO - Marking task as SUCCESS. dag_id=crypto_hourly_pipeline, task_id=spark_hourly_change, run_id=scheduled__2025-08-13T12:00:00+00:00, execution_date=20250813T120000, start_date=20250813T132638, end_date=20250813T132648
[2025-08-13T13:26:48.428+0000] {local_task_job_runner.py:240} INFO - Task exited with return code 0
[2025-08-13T13:26:48.463+0000] {taskinstance.py:3503} INFO - 0 downstream tasks scheduled from follow-on schedule check
[2025-08-13T13:26:48.464+0000] {local_task_job_runner.py:222} INFO - ::endgroup::
